#
# A fatal error has been detected by the Java Runtime Environment:
#
#  EXCEPTION_ACCESS_VIOLATION (0xc0000005) at pc=0x00007ffcdee06997, pid=928, tid=10972
#
# JRE version: OpenJDK Runtime Environment (17.0.2+8) (build 17.0.2+8-86)
# Java VM: OpenJDK 64-Bit Server VM (17.0.2+8-86, mixed mode, sharing, tiered, compressed oops, compressed class ptrs, g1 gc, windows-amd64)
# Problematic frame:
# C  [glass.dll+0x26997]
#
# No core dump will be written. Minidumps are not enabled by default on client versions of Windows
#
# If you would like to submit a bug report, please visit:
#   https://bugreport.java.com/bugreport/crash.jsp
#

---------------  S U M M A R Y ------------

Command Line: -javaagent:C:\Program Files\JetBrains\IntelliJ IDEA Community Edition 2021.2.1\lib\idea_rt.jar=64019:C:\Program Files\JetBrains\IntelliJ IDEA Community Edition 2021.2.1\bin -Dfile.encoding=UTF-8 --module-path=C:\Users\Alina\Downloads\mysql-connector-j-8.0.31\mysql-connector-j-8.0.31\mysql-connector-j-8.0.31.jar;C:\Users\Alina\.m2\repository\org\openjfx\javafx-controls\16\javafx-controls-16-win.jar;C:\Users\Alina\.m2\repository\org\openjfx\javafx-fxml\16\javafx-fxml-16-win.jar;C:\Users\Alina\Documents\db_interface\target\classes;C:\Users\Alina\.m2\repository\org\openjfx\javafx-graphics\16\javafx-graphics-16-win.jar;C:\Users\Alina\.m2\repository\org\openjfx\javafx-base\16\javafx-base-16-win.jar -Djdk.module.main=com.example.db_interface com.example.db_interface/com.example.db_interface.HelloApplication

Host: AMD Ryzen 3 4300U with Radeon Graphics         , 4 cores, 5G,  Windows 10 , 64 bit Build 19041 (10.0.19041.2251)
Time: Sat Dec  3 20:37:46 2022 RTZ 2 (s 10 , 64 bit Build 19041 (10.0.19041.2251) elapsed time: 193.015652 seconds (0d 0h 3m 13s)

---------------  T H R E A D  ---------------

Current thread (0x000001fbb99be930):  VMThread "VM Thread" [stack: 0x0000000d39600000,0x0000000d39700000] [id=10972]

Stack: [0x0000000d39600000,0x0000000d39700000],  sp=0x0000000d396ff090,  free space=1020k
Native frames: (J=compiled Java code, j=interpreted, Vv=VM code, C=native code)
C  [glass.dll+0x26997]


siginfo: EXCEPTION_ACCESS_VIOLATION (0xc0000005), reading address 0x0000000000000000


Register to memory mapping:

RIP=0x00007ffcdee06997 glass.dll
RAX=0x0 is NULL
RBX=0x000001fbd5d60228 is a global jni handle
RCX=0x000001fbb99be930 points into unknown readable memory: 0x00007ffcbca7e880 | 80 e8 a7 bc fc 7f 00 00
RDX=0x0000000d396ff090 points into unknown readable memory: 0x0000000000000000 | 00 00 00 00 00 00 00 00
RSP=0x0000000d396ff090 points into unknown readable memory: 0x0000000000000000 | 00 00 00 00 00 00 00 00
RBP=0x000001fbd6f65568 points into unknown readable memory: 0x000053f86e366995 | 95 69 36 6e f8 53 00 00
RSI=0x000001fbd6f65540 points into unknown readable memory: 0xff9b8fffc7b6699a | 9a 69 b6 c7 ff 8f 9b ff
RDI=0x000053f86e366995 is an unknown value
R8 =0x0000000000010002 is an unknown value
R9 =0x000053f86e366995 is an unknown value
R10=0x0000000000008000 is an unknown value
R11=0x0000000d396ff020 points into unknown readable memory: 0x000001fbd6f65540 | 40 55 f6 d6 fb 01 00 00
R12=0x00007ffcdee04234 glass.dll
R13=0x00007ffcbcc249d0 jvm.dll
R14=0x0000000d396ff188 points into unknown readable memory: 0x0000000d396ff170 | 70 f1 6f 39 0d 00 00 00
R15=0x000001fbd6f65540 points into unknown readable memory: 0xff9b8fffc7b6699a | 9a 69 b6 c7 ff 8f 9b ff


Registers:
RAX=0x0000000000000000, RBX=0x000001fbd5d60228, RCX=0x000001fbb99be930, RDX=0x0000000d396ff090
RSP=0x0000000d396ff090, RBP=0x000001fbd6f65568, RSI=0x000001fbd6f65540, RDI=0x000053f86e366995
R8 =0x0000000000010002, R9 =0x000053f86e366995, R10=0x0000000000008000, R11=0x0000000d396ff020
R12=0x00007ffcdee04234, R13=0x00007ffcbcc249d0, R14=0x0000000d396ff188, R15=0x000001fbd6f65540
RIP=0x00007ffcdee06997, EFLAGS=0x0000000000010206

Top of Stack: (sp=0x0000000d396ff090)
0x0000000d396ff090:   0000000000000000 000001fbd6f65540
0x0000000d396ff0a0:   00007ffcbcc249d0 00007ffcdee04234
0x0000000d396ff0b0:   000001fbd6f65548 00007ffcf7b142d6
0x0000000d396ff0c0:   000053f86e366995 000001fb00000000
0x0000000d396ff0d0:   000001fbd6f65568 000001fbd6f65540
0x0000000d396ff0e0:   fffffffffffffffe 0000000000000000
0x0000000d396ff0f0:   0000000000000001 00007ffcdede0000
0x0000000d396ff100:   0000000d396ff178 00007ffcf7b141fb
0x0000000d396ff110:   0000000000000000 0000000d396ff188
0x0000000d396ff120:   0000000d396ff450 00007ffcf7bf0e40
0x0000000d396ff130:   0000000000000001 00007ffcf7b141b4
0x0000000d396ff140:   0000000000000000 0000000000000001
0x0000000d396ff150:   0000000000000000 0000000d396ff178
0x0000000d396ff160:   0000000000000001 00007ffcdee040c1
0x0000000d396ff170:   00007ffcdee1a128 00007ffc00000002
0x0000000d396ff180:   0000000000000002 0000000d396ff170 

Instructions: (pc=0x00007ffcdee06997)
0x00007ffcdee06897:   8b 4d 58 e8 d1 ce ff ff 48 8b 4d 60 e8 c8 ce ff
0x00007ffcdee068a7:   ff 48 8b 95 80 00 00 00 48 8b 8d 18 01 00 00 e8
0x00007ffcdee068b7:   96 c3 ff ff 33 d2 33 c9 e8 12 e1 ff ff 90 48 89
0x00007ffcdee068c7:   54 24 10 55 48 83 ec 20 48 8b ea 48 b8 00 00 00
0x00007ffcdee068d7:   00 00 00 00 00 48 83 c4 20 5d c3 cc 40 55 48 8b
0x00007ffcdee068e7:   ea 48 8b 01 33 c9 81 38 05 00 00 c0 0f 94 c1 8b
0x00007ffcdee068f7:   c1 5d c3 cc 40 55 48 83 ec 20 48 8b ea 8a 4d 40
0x00007ffcdee06907:   48 83 c4 20 5d e9 c7 d2 ff ff cc 40 55 48 83 ec
0x00007ffcdee06917:   20 48 8b ea 8a 4d 20 e8 b5 d2 ff ff 90 48 83 c4
0x00007ffcdee06927:   20 5d c3 cc 40 55 48 83 ec 20 48 8b ea 48 83 c4
0x00007ffcdee06937:   20 5d e9 16 d1 ff ff cc 40 55 48 83 ec 30 48 8b
0x00007ffcdee06947:   ea 48 8b 01 8b 10 48 89 4c 24 28 89 54 24 20 4c
0x00007ffcdee06957:   8d 0d b7 d5 ff ff 4c 8b 45 70 8b 55 68 48 8b 4d
0x00007ffcdee06967:   60 e8 57 d0 ff ff 90 48 83 c4 30 5d c3 cc cc cc
0x00007ffcdee06977:   cc cc cc cc cc cc cc cc cc 40 53 48 83 ec 20 48
0x00007ffcdee06987:   8b 1d 93 31 01 00 48 85 db 74 16 e8 29 8b ff ff
0x00007ffcdee06997:   4c 8b 00 48 8b d3 48 8b c8 41 ff 90 b0 00 00 00
0x00007ffcdee069a7:   90 48 83 c4 20 5b c3 cc cc 40 53 48 83 ec 20 48
0x00007ffcdee069b7:   8b 1d 0b 33 01 00 48 85 db 74 57 b8 ff ff ff ff
0x00007ffcdee069c7:   f0 0f c1 43 10 83 f8 01 75 3d 48 85 db 74 38 48
0x00007ffcdee069d7:   8b 0b 48 85 c9 74 0d ff 15 c4 08 00 00 48 c7 03
0x00007ffcdee069e7:   00 00 00 00 48 8b 4b 08 48 85 c9 74 0d e8 77 cd
0x00007ffcdee069f7:   ff ff 48 c7 43 08 00 00 00 00 ba 18 00 00 00 48
0x00007ffcdee06a07:   8b cb e8 62 cd ff ff 48 c7 05 af 32 01 00 00 00
0x00007ffcdee06a17:   00 00 48 83 c4 20 5b c3 cc 40 53 48 83 ec 20 48
0x00007ffcdee06a27:   8b 1d 7b 32 01 00 48 85 db 74 57 b8 ff ff ff ff
0x00007ffcdee06a37:   f0 0f c1 43 10 83 f8 01 75 3d 48 85 db 74 38 48
0x00007ffcdee06a47:   8b 0b 48 85 c9 74 0d ff 15 54 08 00 00 48 c7 03
0x00007ffcdee06a57:   00 00 00 00 48 8b 4b 08 48 85 c9 74 0d e8 07 cd
0x00007ffcdee06a67:   ff ff 48 c7 43 08 00 00 00 00 ba 18 00 00 00 48
0x00007ffcdee06a77:   8b cb e8 f2 cc ff ff 48 c7 05 1f 32 01 00 00 00
0x00007ffcdee06a87:   00 00 48 83 c4 20 5b c3 cc 40 53 48 83 ec 20 48 


Stack slot to memory mapping:
stack at sp + 0 slots: 0x0 is NULL
stack at sp + 1 slots: 0x000001fbd6f65540 points into unknown readable memory: 0xff9b8fffc7b6699a | 9a 69 b6 c7 ff 8f 9b ff
stack at sp + 2 slots: 0x00007ffcbcc249d0 jvm.dll
stack at sp + 3 slots: 0x00007ffcdee04234 glass.dll
stack at sp + 4 slots: 0x000001fbd6f65548 points into unknown readable memory: 0x000053f86e366995 | 95 69 36 6e f8 53 00 00
stack at sp + 5 slots: 0x00007ffcf7b142d6 ucrtbase.dll
stack at sp + 6 slots: 0x000053f86e366995 is an unknown value
stack at sp + 7 slots: 0x000001fb00000000 is an unknown value

VM_Operation (0x0000000d38dff360): Exit, mode: safepoint, requested by thread 0x000001fbd6f893c0


---------------  P R O C E S S  ---------------

Threads class SMR info:
_java_thread_list=0x000001fbd6c78df0, length=22, elements={
0x000001fbb98eb920, 0x000001fbb99c2cd0, 0x000001fbb99c3b40, 0x000001fbd5d6d3c0,
0x000001fbd5d6dd70, 0x000001fbd5d6e720, 0x000001fbd5d6f0d0, 0x000001fbd5d6fe60,
0x000001fbd5db5020, 0x000001fbd5df18f0, 0x000001fbd681c4d0, 0x000001fbd6bd2790,
0x000001fbd6bd4c70, 0x000001fbd68f2c40, 0x000001fbd6f8bf10, 0x000001fbd6f88a20,
0x000001fbd6f8a230, 0x000001fbd6f88ef0, 0x000001fbd6f8ba40, 0x000001fbd6f8abd0,
0x000001fbd6f8a700, 0x000001fbd6f893c0
}

Java Threads: ( => current thread )
  0x000001fbb98eb920 JavaThread "main" [_thread_blocked, id=3720, stack(0x0000000d39000000,0x0000000d39100000)]
  0x000001fbb99c2cd0 JavaThread "Reference Handler" daemon [_thread_blocked, id=12964, stack(0x0000000d39700000,0x0000000d39800000)]
  0x000001fbb99c3b40 JavaThread "Finalizer" daemon [_thread_blocked, id=15032, stack(0x0000000d39800000,0x0000000d39900000)]
  0x000001fbd5d6d3c0 JavaThread "Signal Dispatcher" daemon [_thread_blocked, id=6496, stack(0x0000000d39900000,0x0000000d39a00000)]
  0x000001fbd5d6dd70 JavaThread "Attach Listener" daemon [_thread_blocked, id=15400, stack(0x0000000d39a00000,0x0000000d39b00000)]
  0x000001fbd5d6e720 JavaThread "Service Thread" daemon [_thread_blocked, id=15404, stack(0x0000000d39b00000,0x0000000d39c00000)]
  0x000001fbd5d6f0d0 JavaThread "Monitor Deflation Thread" daemon [_thread_blocked, id=12876, stack(0x0000000d39c00000,0x0000000d39d00000)]
  0x000001fbd5d6fe60 JavaThread "C2 CompilerThread0" daemon [_thread_blocked, id=7912, stack(0x0000000d39d00000,0x0000000d39e00000)]
  0x000001fbd5db5020 JavaThread "C1 CompilerThread0" daemon [_thread_blocked, id=5700, stack(0x0000000d39e00000,0x0000000d39f00000)]
  0x000001fbd5df18f0 JavaThread "Sweeper thread" daemon [_thread_blocked, id=13056, stack(0x0000000d39f00000,0x0000000d3a000000)]
  0x000001fbd681c4d0 JavaThread "Common-Cleaner" daemon [_thread_blocked, id=10072, stack(0x0000000d3a000000,0x0000000d3a100000)]
  0x000001fbd6bd2790 JavaThread "Monitor Ctrl-Break" daemon [_thread_in_native, id=13996, stack(0x0000000d3a200000,0x0000000d3a300000)]
  0x000001fbd6bd4c70 JavaThread "Notification Thread" daemon [_thread_blocked, id=4216, stack(0x0000000d3a300000,0x0000000d3a400000)]
  0x000001fbd68f2c40 JavaThread "QuantumRenderer-0" daemon [_thread_blocked, id=868, stack(0x0000000d3a700000,0x0000000d3a800000)]
  0x000001fbd6f8bf10 JavaThread "InvokeLaterDispatcher" daemon [_thread_blocked, id=3428, stack(0x0000000d3aa00000,0x0000000d3ab00000)]
  0x000001fbd6f88a20 JavaThread "JavaFX Application Thread" [_thread_in_native, id=11408, stack(0x0000000d3ab00000,0x0000000d3ac00000)]
  0x000001fbd6f8a230 JavaThread "Thread-1" daemon [_thread_in_native, id=14340, stack(0x0000000d3b200000,0x0000000d3b300000)]
  0x000001fbd6f88ef0 JavaThread "JavaFX-Launcher" [_thread_blocked, id=6100, stack(0x0000000d3b300000,0x0000000d3b400000)]
  0x000001fbd6f8ba40 JavaThread "Prism Font Disposer" daemon [_thread_blocked, id=3308, stack(0x0000000d3b500000,0x0000000d3b600000)]
  0x000001fbd6f8abd0 JavaThread "Cleaner-0" daemon [_thread_blocked, id=14408, stack(0x0000000d3b900000,0x0000000d3ba00000)]
  0x000001fbd6f8a700 JavaThread "mysql-cj-abandoned-connection-cleanup" daemon [_thread_blocked, id=15748, stack(0x0000000d3bb00000,0x0000000d3bc00000)]
  0x000001fbd6f893c0 JavaThread "SIGINT handler" daemon [_thread_blocked, id=5332, stack(0x0000000d38d00000,0x0000000d38e00000)]

Other Threads:
=>0x000001fbb99be930 VMThread "VM Thread" [stack: 0x0000000d39600000,0x0000000d39700000] [id=10972]
  0x000001fbb99208b0 GCTaskThread "GC Thread#0" [stack: 0x0000000d39100000,0x0000000d39200000] [id=8300]
  0x000001fbd6d70800 GCTaskThread "GC Thread#1" [stack: 0x0000000d3a100000,0x0000000d3a200000] [id=2640]
  0x000001fbd6f0ed20 GCTaskThread "GC Thread#2" [stack: 0x0000000d3a500000,0x0000000d3a600000] [id=15776]
  0x000001fbd6f0efd0 GCTaskThread "GC Thread#3" [stack: 0x0000000d3a600000,0x0000000d3a700000] [id=6868]
  0x000001fbb992edd0 ConcurrentGCThread "G1 Main Marker" terminated
  0x000001fbb992ff80 ConcurrentGCThread "G1 Conc#0" [stack: 0x0000000d39300000,0x0000000d39400000] [id=9684]
  0x000001fbb9995f10 ConcurrentGCThread "G1 Refine#0" terminated
  0x000001fbb9996930 ConcurrentGCThread "G1 Service" terminated

Threads with active compile tasks:

VM state: at safepoint (shutting down)

VM Mutex/Monitor currently owned by a thread:  ([mutex/lock_event])
[0x000001fbb98e5bd0] Threads_lock - owner thread: 0x000001fbb99be930
[0x000001fbb98e6a70] Heap_lock - owner thread: 0x000001fbd6f893c0

Heap address: 0x00000000a2200000, size: 1502 MB, Compressed Oops mode: 32-bit

CDS archive(s) mapped at: [0x0000000800000000-0x0000000800bc0000-0x0000000800bc0000), size 12320768, SharedBaseAddress: 0x0000000800000000, ArchiveRelocationMode: 0.
Compressed class space mapped at: 0x0000000800c00000-0x0000000840c00000, reserved size: 1073741824
Narrow klass base: 0x0000000800000000, Narrow klass shift: 0, Narrow klass range: 0x100000000

GC Precious Log:
 CPUs: 4 total, 4 available
 Memory: 6007M
 Large Page Support: Disabled
 NUMA Support: Disabled
 Compressed Oops: Enabled (32-bit)
 Heap Region Size: 1M
 Heap Min Capacity: 8M
 Heap Initial Capacity: 94M
 Heap Max Capacity: 1502M
 Pre-touch: Disabled
 Parallel Workers: 4
 Concurrent Workers: 1
 Concurrent Refinement Workers: 4
 Periodic GC: Disabled

Heap:
 garbage-first heap   total 75776K, used 44116K [0x00000000a2200000, 0x0000000100000000)
  region size 1024K, 31 young (31744K), 7 survivors (7168K)
 Metaspace       used 25786K, committed 26048K, reserved 1073152K
  class space    used 3451K, committed 3584K, reserved 1048576K

Heap Regions: E=young(eden), S=young(survivor), O=old, HS=humongous(starts), HC=humongous(continues), CS=collection set, F=free, OA=open archive, CA=closed archive, TAMS=top-at-mark-start (previous, next)
|   0|0x00000000a2200000, 0x00000000a2300000, 0x00000000a2300000|100%|HS|  |TAMS 0x00000000a2300000, 0x00000000a2200000| Complete 
|   1|0x00000000a2300000, 0x00000000a2400000, 0x00000000a2400000|100%|HC|  |TAMS 0x00000000a2400000, 0x00000000a2300000| Complete 
|   2|0x00000000a2400000, 0x00000000a2500000, 0x00000000a2500000|100%| O|  |TAMS 0x00000000a2500000, 0x00000000a2400000| Untracked 
|   3|0x00000000a2500000, 0x00000000a2600000, 0x00000000a2600000|100%| O|  |TAMS 0x00000000a25ac600, 0x00000000a2500000| Untracked 
|   4|0x00000000a2600000, 0x00000000a2700000, 0x00000000a2700000|100%|HS|  |TAMS 0x00000000a2700000, 0x00000000a2600000| Complete 
|   5|0x00000000a2700000, 0x00000000a2800000, 0x00000000a2800000|100%|HC|  |TAMS 0x00000000a2800000, 0x00000000a2700000| Complete 
|   6|0x00000000a2800000, 0x00000000a2900000, 0x00000000a2900000|100%|HS|  |TAMS 0x00000000a2900000, 0x00000000a2800000| Complete 
|   7|0x00000000a2900000, 0x00000000a2a00000, 0x00000000a2a00000|100%|HC|  |TAMS 0x00000000a2a00000, 0x00000000a2900000| Complete 
|   8|0x00000000a2a00000, 0x00000000a2b00000, 0x00000000a2b00000|100%|HS|  |TAMS 0x00000000a2b00000, 0x00000000a2a00000| Complete 
|   9|0x00000000a2b00000, 0x00000000a2c00000, 0x00000000a2c00000|100%|HC|  |TAMS 0x00000000a2c00000, 0x00000000a2b00000| Complete 
|  10|0x00000000a2c00000, 0x00000000a2d00000, 0x00000000a2d00000|100%|HS|  |TAMS 0x00000000a2d00000, 0x00000000a2c00000| Complete 
|  11|0x00000000a2d00000, 0x00000000a2e00000, 0x00000000a2e00000|100%|HC|  |TAMS 0x00000000a2e00000, 0x00000000a2d00000| Complete 
|  12|0x00000000a2e00000, 0x00000000a2f00000, 0x00000000a2f00000|100%| O|  |TAMS 0x00000000a2e00000, 0x00000000a2e00000| Untracked 
|  13|0x00000000a2f00000, 0x00000000a2f15200, 0x00000000a3000000|  8%| O|  |TAMS 0x00000000a2f00000, 0x00000000a2f00000| Complete 
|  14|0x00000000a3000000, 0x00000000a3000000, 0x00000000a3100000|  0%| F|  |TAMS 0x00000000a3000000, 0x00000000a3000000| Untracked 
|  15|0x00000000a3100000, 0x00000000a3100000, 0x00000000a3200000|  0%| F|  |TAMS 0x00000000a3100000, 0x00000000a3100000| Untracked 
|  16|0x00000000a3200000, 0x00000000a3200000, 0x00000000a3300000|  0%| F|  |TAMS 0x00000000a3200000, 0x00000000a3200000| Untracked 
|  17|0x00000000a3300000, 0x00000000a3300000, 0x00000000a3400000|  0%| F|  |TAMS 0x00000000a3300000, 0x00000000a3300000| Untracked 
|  18|0x00000000a3400000, 0x00000000a3400000, 0x00000000a3500000|  0%| F|  |TAMS 0x00000000a3400000, 0x00000000a3400000| Untracked 
|  19|0x00000000a3500000, 0x00000000a3500000, 0x00000000a3600000|  0%| F|  |TAMS 0x00000000a3500000, 0x00000000a3500000| Untracked 
|  20|0x00000000a3600000, 0x00000000a3600000, 0x00000000a3700000|  0%| F|  |TAMS 0x00000000a3600000, 0x00000000a3600000| Untracked 
|  21|0x00000000a3700000, 0x00000000a3700000, 0x00000000a3800000|  0%| F|  |TAMS 0x00000000a3700000, 0x00000000a3700000| Untracked 
|  22|0x00000000a3800000, 0x00000000a3800000, 0x00000000a3900000|  0%| F|  |TAMS 0x00000000a3800000, 0x00000000a3800000| Untracked 
|  23|0x00000000a3900000, 0x00000000a3900000, 0x00000000a3a00000|  0%| F|  |TAMS 0x00000000a3900000, 0x00000000a3900000| Untracked 
|  24|0x00000000a3a00000, 0x00000000a3a00000, 0x00000000a3b00000|  0%| F|  |TAMS 0x00000000a3a00000, 0x00000000a3a00000| Untracked 
|  25|0x00000000a3b00000, 0x00000000a3b00000, 0x00000000a3c00000|  0%| F|  |TAMS 0x00000000a3b00000, 0x00000000a3b00000| Untracked 
|  26|0x00000000a3c00000, 0x00000000a3c00000, 0x00000000a3d00000|  0%| F|  |TAMS 0x00000000a3c00000, 0x00000000a3c00000| Untracked 
|  27|0x00000000a3d00000, 0x00000000a3d00000, 0x00000000a3e00000|  0%| F|  |TAMS 0x00000000a3d00000, 0x00000000a3d00000| Untracked 
|  28|0x00000000a3e00000, 0x00000000a3e00000, 0x00000000a3f00000|  0%| F|  |TAMS 0x00000000a3e00000, 0x00000000a3e00000| Untracked 
|  29|0x00000000a3f00000, 0x00000000a3f00000, 0x00000000a4000000|  0%| F|  |TAMS 0x00000000a3f00000, 0x00000000a3f00000| Untracked 
|  30|0x00000000a4000000, 0x00000000a4000000, 0x00000000a4100000|  0%| F|  |TAMS 0x00000000a4000000, 0x00000000a4000000| Untracked 
|  31|0x00000000a4100000, 0x00000000a4100000, 0x00000000a4200000|  0%| F|  |TAMS 0x00000000a4100000, 0x00000000a4100000| Untracked 
|  32|0x00000000a4200000, 0x00000000a4200000, 0x00000000a4300000|  0%| F|  |TAMS 0x00000000a4200000, 0x00000000a4200000| Untracked 
|  33|0x00000000a4300000, 0x00000000a4300000, 0x00000000a4400000|  0%| F|  |TAMS 0x00000000a4300000, 0x00000000a4300000| Untracked 
|  34|0x00000000a4400000, 0x00000000a4400000, 0x00000000a4500000|  0%| F|  |TAMS 0x00000000a4400000, 0x00000000a4400000| Untracked 
|  35|0x00000000a4500000, 0x00000000a4500000, 0x00000000a4600000|  0%| F|  |TAMS 0x00000000a4500000, 0x00000000a4500000| Untracked 
|  36|0x00000000a4600000, 0x00000000a4600000, 0x00000000a4700000|  0%| F|  |TAMS 0x00000000a4600000, 0x00000000a4600000| Untracked 
|  37|0x00000000a4700000, 0x00000000a4700000, 0x00000000a4800000|  0%| F|  |TAMS 0x00000000a4700000, 0x00000000a4700000| Untracked 
|  38|0x00000000a4800000, 0x00000000a4800000, 0x00000000a4900000|  0%| F|  |TAMS 0x00000000a4800000, 0x00000000a4800000| Untracked 
|  39|0x00000000a4900000, 0x00000000a4900000, 0x00000000a4a00000|  0%| F|  |TAMS 0x00000000a4900000, 0x00000000a4900000| Untracked 
|  40|0x00000000a4a00000, 0x00000000a4a00000, 0x00000000a4b00000|  0%| F|  |TAMS 0x00000000a4a00000, 0x00000000a4a00000| Untracked 
|  41|0x00000000a4b00000, 0x00000000a4c00000, 0x00000000a4c00000|100%| S|CS|TAMS 0x00000000a4b00000, 0x00000000a4b00000| Complete 
|  42|0x00000000a4c00000, 0x00000000a4d00000, 0x00000000a4d00000|100%| S|CS|TAMS 0x00000000a4c00000, 0x00000000a4c00000| Complete 
|  43|0x00000000a4d00000, 0x00000000a4e00000, 0x00000000a4e00000|100%| S|CS|TAMS 0x00000000a4d00000, 0x00000000a4d00000| Complete 
|  44|0x00000000a4e00000, 0x00000000a4f00000, 0x00000000a4f00000|100%| S|CS|TAMS 0x00000000a4e00000, 0x00000000a4e00000| Complete 
|  45|0x00000000a4f00000, 0x00000000a5000000, 0x00000000a5000000|100%| S|CS|TAMS 0x00000000a4f00000, 0x00000000a4f00000| Complete 
|  46|0x00000000a5000000, 0x00000000a5100000, 0x00000000a5100000|100%| S|CS|TAMS 0x00000000a5000000, 0x00000000a5000000| Complete 
|  47|0x00000000a5100000, 0x00000000a5200000, 0x00000000a5200000|100%| S|CS|TAMS 0x00000000a5100000, 0x00000000a5100000| Complete 
|  48|0x00000000a5200000, 0x00000000a5200000, 0x00000000a5300000|  0%| F|  |TAMS 0x00000000a5200000, 0x00000000a5200000| Untracked 
|  49|0x00000000a5300000, 0x00000000a5300000, 0x00000000a5400000|  0%| F|  |TAMS 0x00000000a5300000, 0x00000000a5300000| Untracked 
|  50|0x00000000a5400000, 0x00000000a5420140, 0x00000000a5500000| 12%| E|  |TAMS 0x00000000a5400000, 0x00000000a5400000| Complete 
|  51|0x00000000a5500000, 0x00000000a5600000, 0x00000000a5600000|100%| E|CS|TAMS 0x00000000a5500000, 0x00000000a5500000| Complete 
|  52|0x00000000a5600000, 0x00000000a5700000, 0x00000000a5700000|100%| E|CS|TAMS 0x00000000a5600000, 0x00000000a5600000| Complete 
|  53|0x00000000a5700000, 0x00000000a5800000, 0x00000000a5800000|100%| E|CS|TAMS 0x00000000a5700000, 0x00000000a5700000| Complete 
|  54|0x00000000a5800000, 0x00000000a5900000, 0x00000000a5900000|100%| E|CS|TAMS 0x00000000a5800000, 0x00000000a5800000| Complete 
|  55|0x00000000a5900000, 0x00000000a5a00000, 0x00000000a5a00000|100%| E|CS|TAMS 0x00000000a5900000, 0x00000000a5900000| Complete 
|  56|0x00000000a5a00000, 0x00000000a5b00000, 0x00000000a5b00000|100%| E|CS|TAMS 0x00000000a5a00000, 0x00000000a5a00000| Complete 
|  57|0x00000000a5b00000, 0x00000000a5c00000, 0x00000000a5c00000|100%| E|CS|TAMS 0x00000000a5b00000, 0x00000000a5b00000| Complete 
|  58|0x00000000a5c00000, 0x00000000a5d00000, 0x00000000a5d00000|100%| E|CS|TAMS 0x00000000a5c00000, 0x00000000a5c00000| Complete 
|  59|0x00000000a5d00000, 0x00000000a5e00000, 0x00000000a5e00000|100%| E|CS|TAMS 0x00000000a5d00000, 0x00000000a5d00000| Complete 
|  60|0x00000000a5e00000, 0x00000000a5f00000, 0x00000000a5f00000|100%| E|CS|TAMS 0x00000000a5e00000, 0x00000000a5e00000| Complete 
|  61|0x00000000a5f00000, 0x00000000a6000000, 0x00000000a6000000|100%| E|CS|TAMS 0x00000000a5f00000, 0x00000000a5f00000| Complete 
|  62|0x00000000a6000000, 0x00000000a6100000, 0x00000000a6100000|100%| E|CS|TAMS 0x00000000a6000000, 0x00000000a6000000| Complete 
|  63|0x00000000a6100000, 0x00000000a6200000, 0x00000000a6200000|100%| E|CS|TAMS 0x00000000a6100000, 0x00000000a6100000| Complete 
|  64|0x00000000a6200000, 0x00000000a6300000, 0x00000000a6300000|100%| E|CS|TAMS 0x00000000a6200000, 0x00000000a6200000| Complete 
|  65|0x00000000a6300000, 0x00000000a6400000, 0x00000000a6400000|100%| E|CS|TAMS 0x00000000a6300000, 0x00000000a6300000| Complete 
|  66|0x00000000a6400000, 0x00000000a6500000, 0x00000000a6500000|100%| E|CS|TAMS 0x00000000a6400000, 0x00000000a6400000| Complete 
|  67|0x00000000a6500000, 0x00000000a6600000, 0x00000000a6600000|100%| E|CS|TAMS 0x00000000a6500000, 0x00000000a6500000| Complete 
|  68|0x00000000a6600000, 0x00000000a6700000, 0x00000000a6700000|100%| E|CS|TAMS 0x00000000a6600000, 0x00000000a6600000| Complete 
|  69|0x00000000a6700000, 0x00000000a6800000, 0x00000000a6800000|100%| E|CS|TAMS 0x00000000a6700000, 0x00000000a6700000| Complete 
|  70|0x00000000a6800000, 0x00000000a6900000, 0x00000000a6900000|100%| E|CS|TAMS 0x00000000a6800000, 0x00000000a6800000| Complete 
|  71|0x00000000a6900000, 0x00000000a6a00000, 0x00000000a6a00000|100%| E|CS|TAMS 0x00000000a6900000, 0x00000000a6900000| Complete 
|  72|0x00000000a6a00000, 0x00000000a6b00000, 0x00000000a6b00000|100%| E|CS|TAMS 0x00000000a6a00000, 0x00000000a6a00000| Complete 
|  93|0x00000000a7f00000, 0x00000000a8000000, 0x00000000a8000000|100%| E|CS|TAMS 0x00000000a7f00000, 0x00000000a7f00000| Complete 

Card table byte_map: [0x000001fbd0430000,0x000001fbd0720000] _byte_map_base: 0x000001fbcff1f000

Marking Bits (Prev, Next): (CMBitMap*) 0x000001fbb9920f00, (CMBitMap*) 0x000001fbb9920ec0
 Prev Bits: [0x000001fbd2190000, 0x000001fbd3908000)
 Next Bits: [0x000001fbd0a10000, 0x000001fbd2188000)

Polling page: 0x000001fbb7750000

Metaspace:

Usage:
  Non-class:     21.81 MB used.
      Class:      3.37 MB used.
       Both:     25.18 MB used.

Virtual space:
  Non-class space:       24.00 MB reserved,      21.94 MB ( 91%) committed,  3 nodes.
      Class space:        1.00 GB reserved,       3.50 MB ( <1%) committed,  1 nodes.
             Both:        1.02 GB reserved,      25.44 MB (  2%) committed. 

Chunk freelists:
   Non-Class:  2.05 MB
       Class:  323.00 KB
        Both:  2.36 MB

MaxMetaspaceSize: unlimited
CompressedClassSpaceSize: 1.00 GB
Initial GC threshold: 21.00 MB
Current GC threshold: 35.25 MB
CDS: on
MetaspaceReclaimPolicy: balanced
 - commit_granule_bytes: 65536.
 - commit_granule_words: 8192.
 - virtual_space_node_default_size: 1048576.
 - enlarge_chunks_in_place: 1.
 - new_chunks_are_fully_committed: 0.
 - uncommit_free_chunks: 1.
 - use_allocation_guard: 0.
 - handle_deallocations: 1.


Internal statistics:

num_allocs_failed_limit: 3.
num_arena_births: 234.
num_arena_deaths: 0.
num_vsnodes_births: 4.
num_vsnodes_deaths: 0.
num_space_committed: 407.
num_space_uncommitted: 0.
num_chunks_returned_to_freelist: 3.
num_chunks_taken_from_freelist: 957.
num_chunk_merges: 0.
num_chunk_splits: 674.
num_chunks_enlarged: 531.
num_purges: 0.
num_inconsistent_stats: 0.

CodeHeap 'non-profiled nmethods': size=120000Kb used=1788Kb max_used=1788Kb free=118211Kb
 bounds [0x000001fbc8c10000, 0x000001fbc8e80000, 0x000001fbd0140000]
CodeHeap 'profiled nmethods': size=120000Kb used=8829Kb max_used=8829Kb free=111170Kb
 bounds [0x000001fbc16e0000, 0x000001fbc1f80000, 0x000001fbc8c10000]
CodeHeap 'non-nmethods': size=5760Kb used=1511Kb max_used=1566Kb free=4248Kb
 bounds [0x000001fbc1140000, 0x000001fbc13b0000, 0x000001fbc16e0000]
 total_blobs=5158 nmethods=4273 adapters=796
 compilation: enabled
              stopped_count=0, restarted_count=0
 full_count=0

Compilation events (20 events):
Event: 14.585 Thread 0x000001fbd73bae30 nmethod 4263 0x000001fbc8db8290 code [0x000001fbc8db8440, 0x000001fbc8db8be8]
Event: 14.585 Thread 0x000001fbd73bae30 4265       4       com.sun.marlin.FloatMath::ceil_int (29 bytes)
Event: 14.585 Thread 0x000001fbd73bae30 nmethod 4265 0x000001fbc8db9110 code [0x000001fbc8db9280, 0x000001fbc8db9338]
Event: 15.357 Thread 0x000001fbd5d6fe60 nmethod 4118 0x000001fbc8db9410 code [0x000001fbc8db9ec0, 0x000001fbc8dc5fe8]
Event: 16.450 Thread 0x000001fbd5db5020 4266       3       javafx.animation.Animation::getStatus (24 bytes)
Event: 16.450 Thread 0x000001fbd5db5020 nmethod 4266 0x000001fbc1f7af90 code [0x000001fbc1f7b140, 0x000001fbc1f7b468]
Event: 86.166 Thread 0x000001fbd5d6fe60 4267       4       com.sun.javafx.tk.quantum.QuantumToolkit::postPulse (133 bytes)
Event: 86.174 Thread 0x000001fbd5d6fe60 nmethod 4267 0x000001fbc8dcdc90 code [0x000001fbc8dcde60, 0x000001fbc8dce128]
Event: 86.821 Thread 0x000001fbd5d6fe60 4268       4       com.sun.javafx.tk.quantum.QuantumToolkit$$Lambda$105/0x0000000800c38678::run (8 bytes)
Event: 86.827 Thread 0x000001fbd5d6fe60 nmethod 4268 0x000001fbc8dce510 code [0x000001fbc8dce6e0, 0x000001fbc8dcea10]
Event: 123.365 Thread 0x000001fbd5db5020 4269  s!   3       jdk.internal.loader.URLClassPath::getLoader (194 bytes)
Event: 123.367 Thread 0x000001fbd5db5020 nmethod 4269 0x000001fbc1f7b590 code [0x000001fbc1f7b880, 0x000001fbc1f7cbc8]
Event: 148.367 Thread 0x000001fbd5db5020 4270       3       jdk.internal.module.Resources::toPackageName (39 bytes)
Event: 148.369 Thread 0x000001fbd5db5020 nmethod 4270 0x000001fbc1f7d390 code [0x000001fbc1f7d5c0, 0x000001fbc1f7dc38]
Event: 153.368 Thread 0x000001fbd5db5020 4271   !   3       jdk.internal.loader.URLClassPath$JarLoader::ensureOpen (36 bytes)
Event: 153.368 Thread 0x000001fbd5db5020 nmethod 4271 0x000001fbc1f7de90 code [0x000001fbc1f7e060, 0x000001fbc1f7e538]
Event: 163.369 Thread 0x000001fbd5db5020 4272   !   3       jdk.internal.loader.URLClassPath$JarLoader::getResource (65 bytes)
Event: 163.370 Thread 0x000001fbd5db5020 nmethod 4272 0x000001fbc1f7e710 code [0x000001fbc1f7e960, 0x000001fbc1f7f3e8]
Event: 192.492 Thread 0x000001fbd5db5020 4273       1       java.util.logging.LogManager$LoggerContext::getOwner (5 bytes)
Event: 192.492 Thread 0x000001fbd5db5020 nmethod 4273 0x000001fbc8dcee90 code [0x000001fbc8dcf020, 0x000001fbc8dcf0f8]

GC Heap History (6 events):
Event: 0.596 GC heap before
{Heap before GC invocations=0 (full 0):
 garbage-first heap   total 96256K, used 12288K [0x00000000a2200000, 0x0000000100000000)
  region size 1024K, 13 young (13312K), 0 survivors (0K)
 Metaspace       used 2536K, committed 2688K, reserved 1056768K
  class space    used 270K, committed 320K, reserved 1048576K
}
Event: 0.600 GC heap after
{Heap after GC invocations=1 (full 0):
 garbage-first heap   total 96256K, used 1800K [0x00000000a2200000, 0x0000000100000000)
  region size 1024K, 2 young (2048K), 2 survivors (2048K)
 Metaspace       used 2536K, committed 2688K, reserved 1056768K
  class space    used 270K, committed 320K, reserved 1048576K
}
Event: 1.069 GC heap before
{Heap before GC invocations=1 (full 0):
 garbage-first heap   total 96256K, used 21256K [0x00000000a2200000, 0x0000000100000000)
  region size 1024K, 19 young (19456K), 2 survivors (2048K)
 Metaspace       used 8201K, committed 8320K, reserved 1056768K
  class space    used 1038K, committed 1088K, reserved 1048576K
}
Event: 1.073 GC heap after
{Heap after GC invocations=2 (full 0):
 garbage-first heap   total 96256K, used 6584K [0x00000000a2200000, 0x0000000100000000)
  region size 1024K, 3 young (3072K), 3 survivors (3072K)
 Metaspace       used 8201K, committed 8320K, reserved 1056768K
  class space    used 1038K, committed 1088K, reserved 1048576K
}
Event: 13.779 GC heap before
{Heap before GC invocations=2 (full 0):
 garbage-first heap   total 96256K, used 56760K [0x00000000a2200000, 0x0000000100000000)
  region size 1024K, 46 young (47104K), 3 survivors (3072K)
 Metaspace       used 21322K, committed 21504K, reserved 1073152K
  class space    used 2844K, committed 2944K, reserved 1048576K
}
Event: 13.787 GC heap after
{Heap after GC invocations=3 (full 0):
 garbage-first heap   total 96256K, used 20564K [0x00000000a2200000, 0x0000000100000000)
  region size 1024K, 7 young (7168K), 7 survivors (7168K)
 Metaspace       used 21322K, committed 21504K, reserved 1073152K
  class space    used 2844K, committed 2944K, reserved 1048576K
}

Deoptimization events (20 events):
Event: 14.429 Thread 0x000001fbd6f88a20 Uncommon trap: trap_request=0xffffffd6 fr.pc=0x000001fbc8d9d760 relative=0x0000000000000fe0
Event: 14.429 Thread 0x000001fbd6f88a20 Uncommon trap: reason=array_check action=maybe_recompile pc=0x000001fbc8d9d760 method=javafx.css.SimpleSelector.applies(Ljavafx/css/Styleable;[Ljava/util/Set;I)Z @ 37 c2
Event: 14.429 Thread 0x000001fbd6f88a20 DEOPT PACKING pc=0x000001fbc8d9d760 sp=0x0000000d3abf9420
Event: 14.430 Thread 0x000001fbd6f88a20 DEOPT UNPACKING pc=0x000001fbc11923a3 sp=0x0000000d3abf9380 mode 2
Event: 14.430 Thread 0x000001fbd6f88a20 Uncommon trap: trap_request=0xffffffd6 fr.pc=0x000001fbc8d9d760 relative=0x0000000000000fe0
Event: 14.430 Thread 0x000001fbd6f88a20 Uncommon trap: reason=array_check action=maybe_recompile pc=0x000001fbc8d9d760 method=javafx.css.SimpleSelector.applies(Ljavafx/css/Styleable;[Ljava/util/Set;I)Z @ 37 c2
Event: 14.430 Thread 0x000001fbd6f88a20 DEOPT PACKING pc=0x000001fbc8d9d760 sp=0x0000000d3abf9420
Event: 14.430 Thread 0x000001fbd6f88a20 DEOPT UNPACKING pc=0x000001fbc11923a3 sp=0x0000000d3abf9380 mode 2
Event: 14.430 Thread 0x000001fbd6f88a20 Uncommon trap: trap_request=0xffffffd6 fr.pc=0x000001fbc8d9d760 relative=0x0000000000000fe0
Event: 14.430 Thread 0x000001fbd6f88a20 Uncommon trap: reason=array_check action=maybe_recompile pc=0x000001fbc8d9d760 method=javafx.css.SimpleSelector.applies(Ljavafx/css/Styleable;[Ljava/util/Set;I)Z @ 37 c2
Event: 14.430 Thread 0x000001fbd6f88a20 DEOPT PACKING pc=0x000001fbc8d9d760 sp=0x0000000d3abf9350
Event: 14.430 Thread 0x000001fbd6f88a20 DEOPT UNPACKING pc=0x000001fbc11923a3 sp=0x0000000d3abf92d8 mode 2
Event: 14.430 Thread 0x000001fbd6f88a20 Uncommon trap: trap_request=0xffffffd6 fr.pc=0x000001fbc8d9d760 relative=0x0000000000000fe0
Event: 14.430 Thread 0x000001fbd6f88a20 Uncommon trap: reason=array_check action=maybe_recompile pc=0x000001fbc8d9d760 method=javafx.css.SimpleSelector.applies(Ljavafx/css/Styleable;[Ljava/util/Set;I)Z @ 37 c2
Event: 14.430 Thread 0x000001fbd6f88a20 DEOPT PACKING pc=0x000001fbc8d9d760 sp=0x0000000d3abf92b0
Event: 14.430 Thread 0x000001fbd6f88a20 DEOPT UNPACKING pc=0x000001fbc11923a3 sp=0x0000000d3abf9238 mode 2
Event: 14.433 Thread 0x000001fbd6f88a20 DEOPT PACKING pc=0x000001fbc1df7ee8 sp=0x0000000d3abf92a0
Event: 14.433 Thread 0x000001fbd6f88a20 DEOPT UNPACKING pc=0x000001fbc1192b43 sp=0x0000000d3abf8728 mode 0
Event: 14.437 Thread 0x000001fbd6f88a20 DEOPT PACKING pc=0x000001fbc1df7ee8 sp=0x0000000d3abf95d0
Event: 14.437 Thread 0x000001fbd6f88a20 DEOPT UNPACKING pc=0x000001fbc1192b43 sp=0x0000000d3abf8a58 mode 0

Classes unloaded (0 events):
No events

Classes redefined (0 events):
No events

Internal exceptions (20 events):
Event: 1.882 Thread 0x000001fbd6f88a20 Exception <a 'java/lang/IncompatibleClassChangeError'{0x00000000a672f890}: Found class java.lang.Object, but interface was expected> (0x00000000a672f890) 
thrown [t:\workspace\open\src\hotspot\share\interpreter\linkResolver.cpp, line 833]
Event: 1.971 Thread 0x000001fbd6f88a20 Exception <a 'java/lang/NoSuchMethodError'{0x00000000a66fc410}: 'java.lang.Object java.lang.invoke.DirectMethodHandle$Holder.newInvokeSpecial(java.lang.Object, java.lang.Object, int)'> (0x00000000a66fc410) 
thrown [t:\workspace\open\src\hotspot\share\interpreter\linkResolver.cpp, line 766]
Event: 1.998 Thread 0x000001fbd68f2c40 Exception <a 'java/lang/NoSuchMethodError'{0x00000000a65f5200}: 'int java.lang.invoke.DirectMethodHandle$Holder.invokeStaticInit(java.lang.Object, java.lang.Object)'> (0x00000000a65f5200) 
thrown [t:\workspace\open\src\hotspot\share\interpreter\linkResolver.cpp, line 766]
Event: 2.007 Thread 0x000001fbd6f88a20 Exception <a 'java/lang/NoSuchMethodError'{0x00000000a65640c0}: 'long java.lang.invoke.DirectMethodHandle$Holder.invokeStatic(java.lang.Object, java.lang.Object, java.lang.Object)'> (0x00000000a65640c0) 
thrown [t:\workspace\open\src\hotspot\share\interpreter\linkResolver.cpp, line 766]
Event: 2.008 Thread 0x000001fbd6f88a20 Exception <a 'java/lang/NoSuchMethodError'{0x00000000a6567868}: 'long java.lang.invoke.DirectMethodHandle$Holder.invokeStaticInit(java.lang.Object, java.lang.Object, java.lang.Object)'> (0x00000000a6567868) 
thrown [t:\workspace\open\src\hotspot\share\interpreter\linkResolver.cpp, line 766]
Event: 2.011 Thread 0x000001fbd6f88a20 Exception <a 'java/lang/NoSuchMethodError'{0x00000000a657f470}: 'java.lang.Object java.lang.invoke.DirectMethodHandle$Holder.newInvokeSpecial(java.lang.Object, java.lang.Object, long)'> (0x00000000a657f470) 
thrown [t:\workspace\open\src\hotspot\share\interpreter\linkResolver.cpp, line 766]
Event: 2.012 Thread 0x000001fbd6f88a20 Exception <a 'java/lang/NoSuchMethodError'{0x00000000a647f4c8}: 'java.lang.Object java.lang.invoke.Invokers$Holder.linkToTargetMethod(java.lang.Object, long, java.lang.Object)'> (0x00000000a647f4c8) 
thrown [t:\workspace\open\src\hotspot\share\interpreter\linkResolver.cpp, line 766]
Event: 5.533 Thread 0x000001fbd6f88a20 Exception <a 'java/lang/NoSuchMethodError'{0x00000000a5fcbe08}: 'java.lang.Object java.lang.invoke.DirectMethodHandle$Holder.newInvokeSpecial(java.lang.Object, java.lang.Object, int, int, int, int, int, java.lang.Object)'> (0x00000000a5fcbe08) 
thrown [t:\workspace\open\src\hotspot\share\interpreter\linkResolver.cpp, line 766]
Event: 5.538 Thread 0x000001fbd6f88a20 Exception <a 'java/lang/NoSuchMethodError'{0x00000000a5fdf338}: 'java.lang.Object java.lang.invoke.DirectMethodHandle$Holder.newInvokeSpecial(java.lang.Object, java.lang.Object, java.lang.Object, int, int, int, int, int)'> (0x00000000a5fdf338) 
thrown [t:\workspace\open\src\hotspot\share\interpreter\linkResolver.cpp, line 766]
Event: 5.539 Thread 0x000001fbd6f88a20 Exception <a 'java/lang/NoSuchMethodError'{0x00000000a5fe70e8}: 'java.lang.Object java.lang.invoke.Invokers$Holder.linkToTargetMethod(java.lang.Object, java.lang.Object, int, int, int, int, int, java.lang.Object)'> (0x00000000a5fe70e8) 
thrown [t:\workspace\open\src\hotspot\share\interpreter\linkResolver.cpp, line 766]
Event: 13.350 Thread 0x000001fbd6f88a20 Exception <a 'sun/nio/fs/WindowsException'{0x00000000a5d45798}> (0x00000000a5d45798) 
thrown [t:\workspace\open\src\hotspot\share\prims\jni.cpp, line 516]
Event: 13.404 Thread 0x000001fbd6f88a20 Exception <a 'java/lang/NoSuchMethodError'{0x00000000a5c9c6d8}: 'java.lang.Object java.lang.invoke.DirectMethodHandle$Holder.invokeVirtual(java.lang.Object, java.lang.Object, java.lang.Object)'> (0x00000000a5c9c6d8) 
thrown [t:\workspace\open\src\hotspot\share\interpreter\linkResolver.cpp, line 766]
Event: 13.611 Thread 0x000001fbd6f88a20 Exception <a 'sun/nio/fs/WindowsException'{0x00000000a55845a8}> (0x00000000a55845a8) 
thrown [t:\workspace\open\src\hotspot\share\prims\jni.cpp, line 516]
Event: 13.616 Thread 0x000001fbd6f88a20 Exception <a 'sun/nio/fs/WindowsException'{0x00000000a5598d50}> (0x00000000a5598d50) 
thrown [t:\workspace\open\src\hotspot\share\prims\jni.cpp, line 516]
Event: 13.621 Thread 0x000001fbd6f88a20 Exception <a 'java/lang/NoSuchMethodError'{0x00000000a55a51b8}: 'int java.lang.invoke.DirectMethodHandle$Holder.invokeStatic(java.lang.Object, java.lang.Object, java.lang.Object, java.lang.Object)'> (0x00000000a55a51b8) 
thrown [t:\workspace\open\src\hotspot\share\interpreter\linkResolver.cpp, line 766]
Event: 13.622 Thread 0x000001fbd6f88a20 Exception <a 'java/lang/NoSuchMethodError'{0x00000000a55a91b8}: 'int java.lang.invoke.DirectMethodHandle$Holder.invokeStaticInit(java.lang.Object, java.lang.Object, java.lang.Object, java.lang.Object)'> (0x00000000a55a91b8) 
thrown [t:\workspace\open\src\hotspot\share\interpreter\linkResolver.cpp, line 766]
Event: 13.623 Thread 0x000001fbd6f88a20 Exception <a 'java/lang/IncompatibleClassChangeError'{0x00000000a55b2830}: Found class java.lang.Object, but interface was expected> (0x00000000a55b2830) 
thrown [t:\workspace\open\src\hotspot\share\interpreter\linkResolver.cpp, line 833]
Event: 13.664 Thread 0x000001fbd6f88a20 Exception <a 'java/lang/NoSuchMethodError'{0x00000000a54fb9a8}: 'java.lang.Object java.lang.invoke.DirectMethodHandle$Holder.invokeStaticInit(java.lang.Object, int, int, int, int)'> (0x00000000a54fb9a8) 
thrown [t:\workspace\open\src\hotspot\share\interpreter\linkResolver.cpp, line 766]
Event: 13.719 Thread 0x000001fbd6f88a20 Exception <a 'java/lang/NoSuchMethodError'{0x00000000a53af388}: 'java.lang.Object java.lang.invoke.DirectMethodHandle$Holder.invokeStaticInit(java.lang.Object, java.lang.Object, int, int, int, int)'> (0x00000000a53af388) 
thrown [t:\workspace\open\src\hotspot\share\interpreter\linkResolver.cpp, line 766]
Event: 14.551 Thread 0x000001fbd68f2c40 Exception <a 'java/lang/NoSuchMethodError'{0x00000000a56c7d88}: 'java.lang.Object java.lang.invoke.DirectMethodHandle$Holder.invokeStaticInit(java.lang.Object, int)'> (0x00000000a56c7d88) 
thrown [t:\workspace\open\src\hotspot\share\interpreter\linkResolver.cpp, line 766]

VM Operations (20 events):
Event: 13.854 Executing VM operation: HandshakeAllThreads done
Event: 14.143 Executing VM operation: HandshakeAllThreads
Event: 14.144 Executing VM operation: HandshakeAllThreads done
Event: 14.150 Executing VM operation: HandshakeAllThreads
Event: 14.150 Executing VM operation: HandshakeAllThreads done
Event: 14.180 Executing VM operation: ICBufferFull
Event: 14.180 Executing VM operation: ICBufferFull done
Event: 14.244 Executing VM operation: HandshakeAllThreads
Event: 14.244 Executing VM operation: HandshakeAllThreads done
Event: 14.467 Executing VM operation: ICBufferFull
Event: 14.467 Executing VM operation: ICBufferFull done
Event: 14.534 Executing VM operation: HandshakeAllThreads
Event: 14.534 Executing VM operation: HandshakeAllThreads done
Event: 15.535 Executing VM operation: Cleanup
Event: 15.535 Executing VM operation: Cleanup done
Event: 86.827 Executing VM operation: HandshakeAllThreads
Event: 86.828 Executing VM operation: HandshakeAllThreads done
Event: 87.827 Executing VM operation: Cleanup
Event: 87.828 Executing VM operation: Cleanup done
Event: 192.495 Executing VM operation: Exit

Events (20 events):
Event: 13.889 loading class sun/security/ssl/PostHandshakeContext
Event: 13.889 loading class sun/security/ssl/PostHandshakeContext done
Event: 13.889 loading class sun/security/ssl/NewSessionTicket$T13NewSessionTicketMessage
Event: 13.889 loading class sun/security/ssl/NewSessionTicket$NewSessionTicketMessage
Event: 13.889 loading class sun/security/ssl/NewSessionTicket$NewSessionTicketMessage done
Event: 13.889 loading class sun/security/ssl/NewSessionTicket$T13NewSessionTicketMessage done
Event: 13.915 loading class java/util/TimerTask
Event: 13.915 loading class java/util/TimerTask done
Event: 14.091 loading class java/time/format/DateTimeParseException
Event: 14.091 loading class java/time/DateTimeException
Event: 14.091 loading class java/time/DateTimeException done
Event: 14.091 loading class java/time/format/DateTimeParseException done
Event: 16.450 Thread 0x000001fbd73bae30 Thread exited: 0x000001fbd73bae30
Event: 192.489 loading class jdk/internal/misc/Signal$1
Event: 192.489 loading class jdk/internal/misc/Signal$1 done
Event: 192.489 Thread 0x000001fbd6f893c0 Thread added: 0x000001fbd6f893c0
Event: 192.490 Thread 0x000001fbd6f8b570 Thread added: 0x000001fbd6f8b570
Event: 192.490 Thread 0x000001fbd6f8b0a0 Thread added: 0x000001fbd6f8b0a0
Event: 192.492 Thread 0x000001fbd6f8b0a0 Thread exited: 0x000001fbd6f8b0a0
Event: 192.495 Thread 0x000001fbd6f8b570 Thread exited: 0x000001fbd6f8b570


Dynamic libraries:
0x00007ff698610000 - 0x00007ff69861e000 	C:\Users\Alina\.jdks\openjdk-17.0.2\bin\java.exe
0x00007ffcfa270000 - 0x00007ffcfa468000 	C:\Windows\SYSTEM32\ntdll.dll
0x00007ffcf98a0000 - 0x00007ffcf995f000 	C:\Windows\System32\KERNEL32.DLL
0x00007ffcf7c90000 - 0x00007ffcf7f62000 	C:\Windows\System32\KERNELBASE.dll
0x00007ffcf7b00000 - 0x00007ffcf7c00000 	C:\Windows\System32\ucrtbase.dll
0x00007ffce7a50000 - 0x00007ffce7a6a000 	C:\Users\Alina\.jdks\openjdk-17.0.2\bin\VCRUNTIME140.dll
0x00007ffcee0c0000 - 0x00007ffcee0d8000 	C:\Users\Alina\.jdks\openjdk-17.0.2\bin\jli.dll
0x00007ffcf8450000 - 0x00007ffcf85ed000 	C:\Windows\System32\USER32.dll
0x00007ffcf8010000 - 0x00007ffcf8032000 	C:\Windows\System32\win32u.dll
0x00007ffcec1d0000 - 0x00007ffcec46a000 	C:\Windows\WinSxS\amd64_microsoft.windows.common-controls_6595b64144ccf1df_6.0.19041.1110_none_60b5254171f9507e\COMCTL32.dll
0x00007ffcf85f0000 - 0x00007ffcf868e000 	C:\Windows\System32\msvcrt.dll
0x00007ffcfa1d0000 - 0x00007ffcfa1fb000 	C:\Windows\System32\GDI32.dll
0x00007ffcf7940000 - 0x00007ffcf7a4f000 	C:\Windows\System32\gdi32full.dll
0x00007ffcf7f70000 - 0x00007ffcf800d000 	C:\Windows\System32\msvcp_win.dll
0x00007ffcf9d10000 - 0x00007ffcf9d42000 	C:\Windows\System32\IMM32.DLL
0x00007ffcf5080000 - 0x00007ffcf508c000 	C:\Users\Alina\.jdks\openjdk-17.0.2\bin\vcruntime140_1.dll
0x00007ffcdee60000 - 0x00007ffcdeeed000 	C:\Users\Alina\.jdks\openjdk-17.0.2\bin\msvcp140.dll
0x00007ffcbc100000 - 0x00007ffcbccc1000 	C:\Users\Alina\.jdks\openjdk-17.0.2\bin\server\jvm.dll
0x00007ffcf8690000 - 0x00007ffcf873e000 	C:\Windows\System32\ADVAPI32.dll
0x00007ffcf8df0000 - 0x00007ffcf8e8c000 	C:\Windows\System32\sechost.dll
0x00007ffcf8290000 - 0x00007ffcf83b5000 	C:\Windows\System32\RPCRT4.dll
0x00007ffcf8750000 - 0x00007ffcf8758000 	C:\Windows\System32\PSAPI.DLL
0x00007ffced9e0000 - 0x00007ffceda07000 	C:\Windows\SYSTEM32\WINMM.dll
0x00007ffceda10000 - 0x00007ffceda1a000 	C:\Windows\SYSTEM32\VERSION.dll
0x00007ffcf2390000 - 0x00007ffcf2399000 	C:\Windows\SYSTEM32\WSOCK32.dll
0x00007ffcf83e0000 - 0x00007ffcf844b000 	C:\Windows\System32\WS2_32.dll
0x00007ffcf57c0000 - 0x00007ffcf57d2000 	C:\Windows\SYSTEM32\kernel.appcore.dll
0x00007ffcf16e0000 - 0x00007ffcf16ea000 	C:\Users\Alina\.jdks\openjdk-17.0.2\bin\jimage.dll
0x00007ffcecb70000 - 0x00007ffcecd54000 	C:\Windows\SYSTEM32\DBGHELP.DLL
0x00007ffcecb40000 - 0x00007ffcecb6c000 	C:\Windows\SYSTEM32\dbgcore.DLL
0x00007ffcf7c00000 - 0x00007ffcf7c82000 	C:\Windows\System32\bcryptPrimitives.dll
0x00007ffcef5d0000 - 0x00007ffcef5de000 	C:\Users\Alina\.jdks\openjdk-17.0.2\bin\instrument.dll
0x00007ffce2e00000 - 0x00007ffce2e25000 	C:\Users\Alina\.jdks\openjdk-17.0.2\bin\java.dll
0x00007ffcc2d80000 - 0x00007ffcc2e56000 	C:\Users\Alina\.jdks\openjdk-17.0.2\bin\jsvml.dll
0x00007ffcf9150000 - 0x00007ffcf9893000 	C:\Windows\System32\SHELL32.dll
0x00007ffcf59c0000 - 0x00007ffcf6152000 	C:\Windows\SYSTEM32\windows.storage.dll
0x00007ffcf9e70000 - 0x00007ffcfa1c4000 	C:\Windows\System32\combase.dll
0x00007ffcf71e0000 - 0x00007ffcf7210000 	C:\Windows\SYSTEM32\Wldp.dll
0x00007ffcf99c0000 - 0x00007ffcf9a6d000 	C:\Windows\System32\SHCORE.dll
0x00007ffcf9960000 - 0x00007ffcf99b5000 	C:\Windows\System32\shlwapi.dll
0x00007ffcf7880000 - 0x00007ffcf789f000 	C:\Windows\SYSTEM32\profapi.dll
0x00007ffce6040000 - 0x00007ffce6059000 	C:\Users\Alina\.jdks\openjdk-17.0.2\bin\net.dll
0x00007ffcef1e0000 - 0x00007ffcef2ec000 	C:\Windows\SYSTEM32\WINHTTP.dll
0x00007ffcf6fc0000 - 0x00007ffcf702a000 	C:\Windows\system32\mswsock.dll
0x00007ffce2de0000 - 0x00007ffce2df6000 	C:\Users\Alina\.jdks\openjdk-17.0.2\bin\nio.dll
0x00007ffce2ae0000 - 0x00007ffce2af8000 	C:\Users\Alina\.jdks\openjdk-17.0.2\bin\zip.dll
0x00007ffce2ac0000 - 0x00007ffce2ada000 	C:\Program Files\JetBrains\IntelliJ IDEA Community Edition 2021.2.1\bin\breakgen64.dll
0x000001fbb9880000 - 0x000001fbb9883000 	C:\Users\Alina\.openjfx\cache\16\api-ms-win-core-console-l1-1-0.dll
0x000001fbb9890000 - 0x000001fbb9893000 	C:\Users\Alina\.openjfx\cache\16\api-ms-win-core-console-l1-2-0.dll
0x000001fbb98a0000 - 0x000001fbb98a3000 	C:\Users\Alina\.openjfx\cache\16\api-ms-win-core-datetime-l1-1-0.dll
0x000001fbb98b0000 - 0x000001fbb98b3000 	C:\Users\Alina\.openjfx\cache\16\api-ms-win-core-debug-l1-1-0.dll
0x000001fbb98c0000 - 0x000001fbb98c3000 	C:\Users\Alina\.openjfx\cache\16\api-ms-win-core-errorhandling-l1-1-0.dll
0x000001fbd5f50000 - 0x000001fbd5f54000 	C:\Users\Alina\.openjfx\cache\16\api-ms-win-core-file-l1-1-0.dll
0x000001fbd5f60000 - 0x000001fbd5f63000 	C:\Users\Alina\.openjfx\cache\16\api-ms-win-core-file-l1-2-0.dll
0x000001fbd5f70000 - 0x000001fbd5f73000 	C:\Users\Alina\.openjfx\cache\16\api-ms-win-core-file-l2-1-0.dll
0x000001fbd5f80000 - 0x000001fbd5f83000 	C:\Users\Alina\.openjfx\cache\16\api-ms-win-core-handle-l1-1-0.dll
0x000001fbd5f90000 - 0x000001fbd5f93000 	C:\Users\Alina\.openjfx\cache\16\api-ms-win-core-heap-l1-1-0.dll
0x000001fbd5fa0000 - 0x000001fbd5fa3000 	C:\Users\Alina\.openjfx\cache\16\api-ms-win-core-interlocked-l1-1-0.dll
0x000001fbd5fb0000 - 0x000001fbd5fb3000 	C:\Users\Alina\.openjfx\cache\16\api-ms-win-core-libraryloader-l1-1-0.dll
0x000001fbd5fc0000 - 0x000001fbd5fc3000 	C:\Users\Alina\.openjfx\cache\16\api-ms-win-core-localization-l1-2-0.dll
0x000001fbd5fd0000 - 0x000001fbd5fd3000 	C:\Users\Alina\.openjfx\cache\16\api-ms-win-core-memory-l1-1-0.dll
0x000001fbd5fe0000 - 0x000001fbd5fe3000 	C:\Users\Alina\.openjfx\cache\16\api-ms-win-core-namedpipe-l1-1-0.dll
0x000001fbd5ff0000 - 0x000001fbd5ff3000 	C:\Users\Alina\.openjfx\cache\16\api-ms-win-core-processenvironment-l1-1-0.dll
0x000001fbd7400000 - 0x000001fbd7403000 	C:\Users\Alina\.openjfx\cache\16\api-ms-win-core-processthreads-l1-1-0.dll
0x000001fbd7410000 - 0x000001fbd7413000 	C:\Users\Alina\.openjfx\cache\16\api-ms-win-core-processthreads-l1-1-1.dll
0x000001fbd7420000 - 0x000001fbd7423000 	C:\Users\Alina\.openjfx\cache\16\api-ms-win-core-profile-l1-1-0.dll
0x000001fbd7430000 - 0x000001fbd7433000 	C:\Users\Alina\.openjfx\cache\16\api-ms-win-core-rtlsupport-l1-1-0.dll
0x000001fbd7440000 - 0x000001fbd7443000 	C:\Users\Alina\.openjfx\cache\16\api-ms-win-core-string-l1-1-0.dll
0x000001fbd7450000 - 0x000001fbd7453000 	C:\Users\Alina\.openjfx\cache\16\api-ms-win-core-synch-l1-1-0.dll
0x000001fbd7460000 - 0x000001fbd7463000 	C:\Users\Alina\.openjfx\cache\16\api-ms-win-core-synch-l1-2-0.dll
0x000001fbd7470000 - 0x000001fbd7473000 	C:\Users\Alina\.openjfx\cache\16\api-ms-win-core-sysinfo-l1-1-0.dll
0x000001fbd7480000 - 0x000001fbd7483000 	C:\Users\Alina\.openjfx\cache\16\api-ms-win-core-timezone-l1-1-0.dll
0x000001fbd7490000 - 0x000001fbd7493000 	C:\Users\Alina\.openjfx\cache\16\api-ms-win-core-util-l1-1-0.dll
0x000001fbd74a0000 - 0x000001fbd74a3000 	C:\Users\Alina\.openjfx\cache\16\api-ms-win-crt-conio-l1-1-0.dll
0x000001fbd74b0000 - 0x000001fbd74b4000 	C:\Users\Alina\.openjfx\cache\16\api-ms-win-crt-convert-l1-1-0.dll
0x000001fbd74c0000 - 0x000001fbd74c3000 	C:\Users\Alina\.openjfx\cache\16\api-ms-win-crt-environment-l1-1-0.dll
0x000001fbd74d0000 - 0x000001fbd74d3000 	C:\Users\Alina\.openjfx\cache\16\api-ms-win-crt-filesystem-l1-1-0.dll
0x000001fbd74e0000 - 0x000001fbd74e3000 	C:\Users\Alina\.openjfx\cache\16\api-ms-win-crt-heap-l1-1-0.dll
0x000001fbd74f0000 - 0x000001fbd74f3000 	C:\Users\Alina\.openjfx\cache\16\api-ms-win-crt-locale-l1-1-0.dll
0x000001fbd7500000 - 0x000001fbd7505000 	C:\Users\Alina\.openjfx\cache\16\api-ms-win-crt-math-l1-1-0.dll
0x000001fbd7510000 - 0x000001fbd7515000 	C:\Users\Alina\.openjfx\cache\16\api-ms-win-crt-multibyte-l1-1-0.dll
0x000001fbd7520000 - 0x000001fbd7530000 	C:\Users\Alina\.openjfx\cache\16\api-ms-win-crt-private-l1-1-0.dll
0x000001fbd7530000 - 0x000001fbd7533000 	C:\Users\Alina\.openjfx\cache\16\api-ms-win-crt-process-l1-1-0.dll
0x000001fbd7540000 - 0x000001fbd7544000 	C:\Users\Alina\.openjfx\cache\16\api-ms-win-crt-runtime-l1-1-0.dll
0x000001fbd7550000 - 0x000001fbd7554000 	C:\Users\Alina\.openjfx\cache\16\api-ms-win-crt-stdio-l1-1-0.dll
0x000001fbd7560000 - 0x000001fbd7564000 	C:\Users\Alina\.openjfx\cache\16\api-ms-win-crt-string-l1-1-0.dll
0x000001fbd7570000 - 0x000001fbd7573000 	C:\Users\Alina\.openjfx\cache\16\api-ms-win-crt-time-l1-1-0.dll
0x000001fbd7580000 - 0x000001fbd7583000 	C:\Users\Alina\.openjfx\cache\16\api-ms-win-crt-utility-l1-1-0.dll
0x00007ffcc26a0000 - 0x00007ffcc279c000 	C:\Users\Alina\.openjfx\cache\16\ucrtbase.dll
0x00007ffce2aa0000 - 0x00007ffce2ab9000 	C:\Users\Alina\.openjfx\cache\16\vcruntime140.dll
0x00007ffcebec0000 - 0x00007ffcebecc000 	C:\Users\Alina\.openjfx\cache\16\vcruntime140_1.dll
0x00007ffcce900000 - 0x00007ffcce991000 	C:\Users\Alina\.openjfx\cache\16\msvcp140.dll
0x00007ffcdee30000 - 0x00007ffcdee57000 	C:\Users\Alina\.openjfx\cache\16\prism_d3d.dll
0x00007ffcbebf0000 - 0x00007ffcbedbf000 	C:\Windows\system32\d3d9.dll
0x00007ffcf54d0000 - 0x00007ffcf54ff000 	C:\Windows\SYSTEM32\dwmapi.dll
0x00007ffcf52f0000 - 0x00007ffcf538e000 	C:\Windows\system32\uxtheme.dll
0x00007ffcf8f40000 - 0x00007ffcf906a000 	C:\Windows\System32\ole32.dll
0x00007ffcf81f0000 - 0x00007ffcf8217000 	C:\Windows\System32\bcrypt.dll
0x00007ffcdede0000 - 0x00007ffcdee22000 	C:\Users\Alina\.openjfx\cache\16\glass.dll
0x00007ffcf8ca0000 - 0x00007ffcf8d7a000 	C:\Windows\System32\COMDLG32.dll
0x00007ffcf8bd0000 - 0x00007ffcf8c9d000 	C:\Windows\System32\OLEAUT32.dll
0x00007ffcf9d50000 - 0x00007ffcf9e65000 	C:\Windows\System32\MSCTF.dll
0x00007ffcedec0000 - 0x00007ffcedefb000 	C:\Windows\SYSTEM32\dxcore.dll
0x00007ffcf81a0000 - 0x00007ffcf81ee000 	C:\Windows\System32\cfgmgr32.dll
0x00007ffcd4360000 - 0x00007ffcd438d000 	C:\Users\Alina\.openjfx\cache\16\javafx_iio.dll
0x00007ffce2a80000 - 0x00007ffce2a94000 	C:\Users\Alina\.openjfx\cache\16\javafx_font.dll
0x00007ffce4770000 - 0x00007ffce49ef000 	C:\Windows\SYSTEM32\dwrite.dll
0x00007ffcf8e90000 - 0x00007ffcf8f3f000 	C:\Windows\System32\clbcatq.dll
0x00007ffcf1b70000 - 0x00007ffcf1d24000 	C:\Windows\SYSTEM32\WindowsCodecs.dll
0x00007ffce1e20000 - 0x00007ffce1e5e000 	C:\Windows\system32\dataexchange.dll
0x00007ffcf36c0000 - 0x00007ffcf3923000 	C:\Windows\system32\d3d11.dll
0x00007ffcf4600000 - 0x00007ffcf47e3000 	C:\Windows\system32\dcomp.dll
0x00007ffcf61c0000 - 0x00007ffcf62b3000 	C:\Windows\system32\dxgi.dll
0x00007ffcf1d30000 - 0x00007ffcf1f30000 	C:\Windows\system32\twinapi.appcore.dll
0x00007ffcd33a0000 - 0x00007ffcd33d4000 	C:\Program Files\Common Files\Microsoft Shared\Ink\rtscom.dll
0x00007ffcf07e0000 - 0x00007ffcf08d9000 	C:\Windows\SYSTEM32\textinputframework.dll
0x00007ffcf4b70000 - 0x00007ffcf4ece000 	C:\Windows\System32\CoreUIComponents.dll
0x00007ffcf4ed0000 - 0x00007ffcf4fc2000 	C:\Windows\System32\CoreMessaging.dll
0x00007ffcf44a0000 - 0x00007ffcf45f4000 	C:\Windows\SYSTEM32\wintypes.dll
0x00007ffcf6a20000 - 0x00007ffcf6a53000 	C:\Windows\SYSTEM32\ntmarta.dll
0x00007ffcf3ee0000 - 0x00007ffcf44a0000 	C:\Windows\SYSTEM32\d2d1.dll
0x00007ffcee100000 - 0x00007ffcee7f6000 	C:\Windows\SYSTEM32\D3D10Warp.dll
0x00007ffcf6d10000 - 0x00007ffcf6dda000 	C:\Windows\SYSTEM32\DNSAPI.dll
0x00007ffcf6cd0000 - 0x00007ffcf6d0b000 	C:\Windows\SYSTEM32\IPHLPAPI.DLL
0x00007ffcf8740000 - 0x00007ffcf8748000 	C:\Windows\System32\NSI.dll
0x00007ffcef790000 - 0x00007ffcef79a000 	C:\Windows\System32\rasadhlp.dll
0x00007ffceeed0000 - 0x00007ffceef50000 	C:\Windows\System32\fwpuclnt.dll
0x00007ffcf7220000 - 0x00007ffcf7238000 	C:\Windows\SYSTEM32\CRYPTSP.dll

dbghelp: loaded successfully - version: 4.0.5 - missing functions: none
symbol engine: initialized successfully - sym options: 0x614 - pdb path: .;C:\Users\Alina\.jdks\openjdk-17.0.2\bin;C:\Windows\SYSTEM32;C:\Windows\WinSxS\amd64_microsoft.windows.common-controls_6595b64144ccf1df_6.0.19041.1110_none_60b5254171f9507e;C:\Users\Alina\.jdks\openjdk-17.0.2\bin\server;C:\Program Files\JetBrains\IntelliJ IDEA Community Edition 2021.2.1\bin;C:\Users\Alina\.openjfx\cache\16;C:\Windows\System32\DriverStore\FileRepository\u0361383.inf_amd64_cfccffda602342c4\B361368;C:\Program Files\Common Files\Microsoft Shared\Ink

VM Arguments:
jvm_args: -javaagent:C:\Program Files\JetBrains\IntelliJ IDEA Community Edition 2021.2.1\lib\idea_rt.jar=64019:C:\Program Files\JetBrains\IntelliJ IDEA Community Edition 2021.2.1\bin -Dfile.encoding=UTF-8 --module-path=C:\Users\Alina\Downloads\mysql-connector-j-8.0.31\mysql-connector-j-8.0.31\mysql-connector-j-8.0.31.jar;C:\Users\Alina\.m2\repository\org\openjfx\javafx-controls\16\javafx-controls-16-win.jar;C:\Users\Alina\.m2\repository\org\openjfx\javafx-fxml\16\javafx-fxml-16-win.jar;C:\Users\Alina\Documents\db_interface\target\classes;C:\Users\Alina\.m2\repository\org\openjfx\javafx-graphics\16\javafx-graphics-16-win.jar;C:\Users\Alina\.m2\repository\org\openjfx\javafx-base\16\javafx-base-16-win.jar -Djdk.module.main=com.example.db_interface 
java_command: com.example.db_interface/com.example.db_interface.HelloApplication
java_class_path (initial): C:\Users\Alina\.m2\repository\org\openjfx\javafx-controls\16\javafx-controls-16.jar;C:\Users\Alina\.m2\repository\org\openjfx\javafx-graphics\16\javafx-graphics-16.jar;C:\Users\Alina\.m2\repository\org\openjfx\javafx-base\16\javafx-base-16.jar;C:\Users\Alina\.m2\repository\org\openjfx\javafx-fxml\16\javafx-fxml-16.jar
Launcher Type: SUN_STANDARD

[Global flags]
     intx CICompilerCount                          = 3                                         {product} {ergonomic}
     uint ConcGCThreads                            = 1                                         {product} {ergonomic}
     uint G1ConcRefinementThreads                  = 4                                         {product} {ergonomic}
   size_t G1HeapRegionSize                         = 1048576                                   {product} {ergonomic}
    uintx GCDrainStackTargetSize                   = 64                                        {product} {ergonomic}
   size_t InitialHeapSize                          = 98566144                                  {product} {ergonomic}
   size_t MarkStackSize                            = 4194304                                   {product} {ergonomic}
   size_t MaxHeapSize                              = 1574961152                                {product} {ergonomic}
   size_t MaxNewSize                               = 944766976                                 {product} {ergonomic}
   size_t MinHeapDeltaBytes                        = 1048576                                   {product} {ergonomic}
   size_t MinHeapSize                              = 8388608                                   {product} {ergonomic}
    uintx NonNMethodCodeHeapSize                   = 5832780                                {pd product} {ergonomic}
    uintx NonProfiledCodeHeapSize                  = 122912730                              {pd product} {ergonomic}
    uintx ProfiledCodeHeapSize                     = 122912730                              {pd product} {ergonomic}
    uintx ReservedCodeCacheSize                    = 251658240                              {pd product} {ergonomic}
     bool SegmentedCodeCache                       = true                                      {product} {ergonomic}
   size_t SoftMaxHeapSize                          = 1574961152                             {manageable} {ergonomic}
     bool UseCompressedClassPointers               = true                           {product lp64_product} {ergonomic}
     bool UseCompressedOops                        = true                           {product lp64_product} {ergonomic}
     bool UseG1GC                                  = true                                      {product} {ergonomic}
     bool UseLargePagesIndividualAllocation        = false                                  {pd product} {ergonomic}

Logging:
Log output configuration:
 #0: stdout all=off uptime,level,tags
 #1: stderr all=off uptime,level,tags

Environment Variables:
PATH=C:\Program Files (x86)\Common Files\Oracle\Java\javapath;C:\Users\Alina\AppData\Local\Programs\Python\Python310\Scripts;C:\Program Files\MySQL\MySQL Shell 8.0\bin\;C:\Users\Alina\AppData\Local\Programs\Python\Python37-32\Scripts\;C:\Users\Alina\AppData\Local\Programs\Python\Python37-32\;C:\Users\Alina\AppData\Local\Microsoft\WindowsApps;;C:\Users\Alina\.dotnet\tools
USERNAME=Alina
OS=Windows_NT
PROCESSOR_IDENTIFIER=AMD64 Family 23 Model 96 Stepping 1, AuthenticAMD



---------------  S Y S T E M  ---------------

OS:
 Windows 10 , 64 bit Build 19041 (10.0.19041.2251)
OS uptime: 11 days 21:13 hours
Hyper-V role detected

CPU: total 4 (initial active 4) (4 cores per cpu, 1 threads per core) family 23 model 96 stepping 1 microcode 0x0, cx8, cmov, fxsr, mmx, 3dnowpref, sse, sse2, sse3, ssse3, sse4a, sse4.1, sse4.2, popcnt, lzcnt, tsc, tscinvbit, avx, avx2, aes, clmul, bmi1, bmi2, adx, sha, fma, vzeroupper, clflush, clflushopt, hv

Memory: 4k page, system-wide physical 6007M (1149M free)
TotalPageFile size 14589M (AvailPageFile size 2969M)
current process WorkingSet (physical memory assigned to process): 156M, peak: 202M
current process commit charge ("private bytes"): 235M, peak: 291M

vm_info: OpenJDK 64-Bit Server VM (17.0.2+8-86) for windows-amd64 JRE (17.0.2+8-86), built on Dec  7 2021 21:49:10 by "mach5one" with MS VC++ 16.8 / 16.9 (VS2019)

END.
