#
# A fatal error has been detected by the Java Runtime Environment:
#
#  EXCEPTION_ACCESS_VIOLATION (0xc0000005) at pc=0x00007ffcb5216997, pid=7200, tid=10524
#
# JRE version: OpenJDK Runtime Environment (17.0.2+8) (build 17.0.2+8-86)
# Java VM: OpenJDK 64-Bit Server VM (17.0.2+8-86, mixed mode, sharing, tiered, compressed oops, compressed class ptrs, g1 gc, windows-amd64)
# Problematic frame:
# C  [glass.dll+0x26997]
#
# No core dump will be written. Minidumps are not enabled by default on client versions of Windows
#
# If you would like to submit a bug report, please visit:
#   https://bugreport.java.com/bugreport/crash.jsp
#

---------------  S U M M A R Y ------------

Command Line: -agentlib:jdwp=transport=dt_socket,address=127.0.0.1:51733,suspend=y,server=n -javaagent:C:\Users\Alina\AppData\Local\JetBrains\IdeaIC2021.2\captureAgent\debugger-agent.jar -Dfile.encoding=UTF-8 --module-path=C:\Users\Alina\Downloads\mysql-connector-j-8.0.31\mysql-connector-j-8.0.31\mysql-connector-j-8.0.31.jar;C:\Users\Alina\.m2\repository\org\openjfx\javafx-graphics\16\javafx-graphics-16-win.jar;C:\Users\Alina\.m2\repository\org\openjfx\javafx-fxml\16\javafx-fxml-16-win.jar;C:\Users\Alina\.m2\repository\org\openjfx\javafx-controls\16\javafx-controls-16-win.jar;C:\Users\Alina\.m2\repository\org\openjfx\javafx-base\16\javafx-base-16-win.jar;C:\Users\Alina\Documents\db_interface\target\classes -Djdk.module.main=com.example.db_interface com.example.db_interface/com.example.db_interface.HelloApplication

Host: AMD Ryzen 3 4300U with Radeon Graphics         , 4 cores, 5G,  Windows 10 , 64 bit Build 19041 (10.0.19041.2251)
Time: Sat Dec  3 22:33:33 2022 RTZ 2 (s 10 , 64 bit Build 19041 (10.0.19041.2251) elapsed time: 147.456653 seconds (0d 0h 2m 27s)

---------------  T H R E A D  ---------------

Current thread (0x0000025feb13b730):  VMThread "VM Thread" [stack: 0x000000871f300000,0x000000871f400000] [id=10524]

Stack: [0x000000871f300000,0x000000871f400000],  sp=0x000000871f3ff110,  free space=1020k
Native frames: (J=compiled Java code, j=interpreted, Vv=VM code, C=native code)
C  [glass.dll+0x26997]


siginfo: EXCEPTION_ACCESS_VIOLATION (0xc0000005), reading address 0x0000000000000000


Register to memory mapping:

RIP=0x00007ffcb5216997 glass.dll
RAX=0x0 is NULL
RBX=0x0000025feb147340 is a global jni handle
RCX=0x0000025feb13b730 points into unknown readable memory: 0x00007ffc7d9fe880 | 80 e8 9f 7d fc 7f 00 00
RDX=0x000000871f3ff110 points into unknown readable memory: 0x0000000000000000 | 00 00 00 00 00 00 00 00
RSP=0x000000871f3ff110 points into unknown readable memory: 0x0000000000000000 | 00 00 00 00 00 00 00 00
RBP=0x0000025ff93fac98 points into unknown readable memory: 0x00007f8bcadfd45e | 5e d4 df ca 8b 7f 00 00
RSI=0x0000025ff93fac70 points into unknown readable memory: 0x2d4830d8cadfcba1 | a1 cb df ca d8 30 48 2d
RDI=0x00007f8bcadfd45e is an unknown value
R8 =0x0000000000010002 is an unknown value
R9 =0x00007f8bcadfd45e is an unknown value
R10=0x0000000000008000 is an unknown value
R11=0x000000871f3ff0a0 points into unknown readable memory: 0x0000025ff93fac70 | 70 ac 3f f9 5f 02 00 00
R12=0x00007ffcb5214234 glass.dll
R13=0x00007ffc7dba49d0 jvm.dll
R14=0x000000871f3ff208 points into unknown readable memory: 0x000000871f3ff1f0 | f0 f1 3f 1f 87 00 00 00
R15=0x0000025ff93fac70 points into unknown readable memory: 0x2d4830d8cadfcba1 | a1 cb df ca d8 30 48 2d


Registers:
RAX=0x0000000000000000, RBX=0x0000025feb147340, RCX=0x0000025feb13b730, RDX=0x000000871f3ff110
RSP=0x000000871f3ff110, RBP=0x0000025ff93fac98, RSI=0x0000025ff93fac70, RDI=0x00007f8bcadfd45e
R8 =0x0000000000010002, R9 =0x00007f8bcadfd45e, R10=0x0000000000008000, R11=0x000000871f3ff0a0
R12=0x00007ffcb5214234, R13=0x00007ffc7dba49d0, R14=0x000000871f3ff208, R15=0x0000025ff93fac70
RIP=0x00007ffcb5216997, EFLAGS=0x0000000000010202

Top of Stack: (sp=0x000000871f3ff110)
0x000000871f3ff110:   0000000000000000 0000025ff93fac70
0x000000871f3ff120:   00007ffc7dba49d0 00007ffcb5214234
0x000000871f3ff130:   0000025ff93fac78 00007ffcf7b142d6
0x000000871f3ff140:   00007f8bcadfd45e 0000025f00000000
0x000000871f3ff150:   0000025ff93fac98 0000025ff93fac70
0x000000871f3ff160:   fffffffffffffffe 0000000000000000
0x000000871f3ff170:   0000000000000001 00007ffcb51f0000
0x000000871f3ff180:   000000871f3ff1f8 00007ffcf7b141fb
0x000000871f3ff190:   0000000000000000 000000871f3ff208
0x000000871f3ff1a0:   000000871f3ff4d0 00007ffcf7bf0e40
0x000000871f3ff1b0:   0000000000000001 00007ffcf7b141b4
0x000000871f3ff1c0:   0000000000000000 0000000000000001
0x000000871f3ff1d0:   0000000000000000 000000871f3ff1f8
0x000000871f3ff1e0:   0000000000000001 00007ffcb52140c1
0x000000871f3ff1f0:   00007ffcb522a128 00007ffc00000002
0x000000871f3ff200:   0000000000000002 000000871f3ff1f0 

Instructions: (pc=0x00007ffcb5216997)
0x00007ffcb5216897:   8b 4d 58 e8 d1 ce ff ff 48 8b 4d 60 e8 c8 ce ff
0x00007ffcb52168a7:   ff 48 8b 95 80 00 00 00 48 8b 8d 18 01 00 00 e8
0x00007ffcb52168b7:   96 c3 ff ff 33 d2 33 c9 e8 12 e1 ff ff 90 48 89
0x00007ffcb52168c7:   54 24 10 55 48 83 ec 20 48 8b ea 48 b8 00 00 00
0x00007ffcb52168d7:   00 00 00 00 00 48 83 c4 20 5d c3 cc 40 55 48 8b
0x00007ffcb52168e7:   ea 48 8b 01 33 c9 81 38 05 00 00 c0 0f 94 c1 8b
0x00007ffcb52168f7:   c1 5d c3 cc 40 55 48 83 ec 20 48 8b ea 8a 4d 40
0x00007ffcb5216907:   48 83 c4 20 5d e9 c7 d2 ff ff cc 40 55 48 83 ec
0x00007ffcb5216917:   20 48 8b ea 8a 4d 20 e8 b5 d2 ff ff 90 48 83 c4
0x00007ffcb5216927:   20 5d c3 cc 40 55 48 83 ec 20 48 8b ea 48 83 c4
0x00007ffcb5216937:   20 5d e9 16 d1 ff ff cc 40 55 48 83 ec 30 48 8b
0x00007ffcb5216947:   ea 48 8b 01 8b 10 48 89 4c 24 28 89 54 24 20 4c
0x00007ffcb5216957:   8d 0d b7 d5 ff ff 4c 8b 45 70 8b 55 68 48 8b 4d
0x00007ffcb5216967:   60 e8 57 d0 ff ff 90 48 83 c4 30 5d c3 cc cc cc
0x00007ffcb5216977:   cc cc cc cc cc cc cc cc cc 40 53 48 83 ec 20 48
0x00007ffcb5216987:   8b 1d 93 31 01 00 48 85 db 74 16 e8 29 8b ff ff
0x00007ffcb5216997:   4c 8b 00 48 8b d3 48 8b c8 41 ff 90 b0 00 00 00
0x00007ffcb52169a7:   90 48 83 c4 20 5b c3 cc cc 40 53 48 83 ec 20 48
0x00007ffcb52169b7:   8b 1d 0b 33 01 00 48 85 db 74 57 b8 ff ff ff ff
0x00007ffcb52169c7:   f0 0f c1 43 10 83 f8 01 75 3d 48 85 db 74 38 48
0x00007ffcb52169d7:   8b 0b 48 85 c9 74 0d ff 15 c4 08 00 00 48 c7 03
0x00007ffcb52169e7:   00 00 00 00 48 8b 4b 08 48 85 c9 74 0d e8 77 cd
0x00007ffcb52169f7:   ff ff 48 c7 43 08 00 00 00 00 ba 18 00 00 00 48
0x00007ffcb5216a07:   8b cb e8 62 cd ff ff 48 c7 05 af 32 01 00 00 00
0x00007ffcb5216a17:   00 00 48 83 c4 20 5b c3 cc 40 53 48 83 ec 20 48
0x00007ffcb5216a27:   8b 1d 7b 32 01 00 48 85 db 74 57 b8 ff ff ff ff
0x00007ffcb5216a37:   f0 0f c1 43 10 83 f8 01 75 3d 48 85 db 74 38 48
0x00007ffcb5216a47:   8b 0b 48 85 c9 74 0d ff 15 54 08 00 00 48 c7 03
0x00007ffcb5216a57:   00 00 00 00 48 8b 4b 08 48 85 c9 74 0d e8 07 cd
0x00007ffcb5216a67:   ff ff 48 c7 43 08 00 00 00 00 ba 18 00 00 00 48
0x00007ffcb5216a77:   8b cb e8 f2 cc ff ff 48 c7 05 1f 32 01 00 00 00
0x00007ffcb5216a87:   00 00 48 83 c4 20 5b c3 cc 40 53 48 83 ec 20 48 


Stack slot to memory mapping:
stack at sp + 0 slots: 0x0 is NULL
stack at sp + 1 slots: 0x0000025ff93fac70 points into unknown readable memory: 0x2d4830d8cadfcba1 | a1 cb df ca d8 30 48 2d
stack at sp + 2 slots: 0x00007ffc7dba49d0 jvm.dll
stack at sp + 3 slots: 0x00007ffcb5214234 glass.dll
stack at sp + 4 slots: 0x0000025ff93fac78 points into unknown readable memory: 0x00007f8bcadfd45e | 5e d4 df ca 8b 7f 00 00
stack at sp + 5 slots: 0x00007ffcf7b142d6 ucrtbase.dll
stack at sp + 6 slots: 0x00007f8bcadfd45e is an unknown value
stack at sp + 7 slots: 0x0000025f00000000 is an unknown value

VM_Operation (0x000000871ebff0e0): Exit, mode: safepoint, requested by thread 0x0000025f916d68d0


---------------  P R O C E S S  ---------------

Threads class SMR info:
_java_thread_list=0x0000025f91200150, length=23, elements={
0x0000025feb06cb30, 0x0000025feb141390, 0x0000025feb1429a0, 0x0000025ff84e7e50,
0x0000025ff84eb920, 0x0000025ff84ec2d0, 0x0000025ff84ed420, 0x0000025ff84ee950,
0x0000025ff84f35d0, 0x0000025ff857e110, 0x0000025feb129aa0, 0x0000025ff9551700,
0x0000025ff92c0d70, 0x0000025ff97f3570, 0x0000025ff99027f0, 0x0000025ff989b7d0,
0x0000025ff9a56050, 0x0000025ff9a62b80, 0x0000025ff9bd6200, 0x0000025f916d6da0,
0x0000025f916d5a60, 0x0000025ffeb5e0b0, 0x0000025f916d68d0
}

Java Threads: ( => current thread )
  0x0000025feb06cb30 JavaThread "main" [_thread_blocked, id=12876, stack(0x000000871ed00000,0x000000871ee00000)]
  0x0000025feb141390 JavaThread "Reference Handler" daemon [_thread_blocked, id=5240, stack(0x000000871f400000,0x000000871f500000)]
  0x0000025feb1429a0 JavaThread "Finalizer" daemon [_thread_blocked, id=12360, stack(0x000000871f500000,0x000000871f600000)]
  0x0000025ff84e7e50 JavaThread "Signal Dispatcher" daemon [_thread_blocked, id=3392, stack(0x000000871f600000,0x000000871f700000)]
  0x0000025ff84eb920 JavaThread "Attach Listener" daemon [_thread_blocked, id=15184, stack(0x000000871f700000,0x000000871f800000)]
  0x0000025ff84ec2d0 JavaThread "Service Thread" daemon [_thread_blocked, id=5688, stack(0x000000871f800000,0x000000871f900000)]
  0x0000025ff84ed420 JavaThread "Monitor Deflation Thread" daemon [_thread_blocked, id=4380, stack(0x000000871f900000,0x000000871fa00000)]
  0x0000025ff84ee950 JavaThread "C2 CompilerThread0" daemon [_thread_blocked, id=15988, stack(0x000000871fa00000,0x000000871fb00000)]
  0x0000025ff84f35d0 JavaThread "C1 CompilerThread0" daemon [_thread_blocked, id=15140, stack(0x000000871fb00000,0x000000871fc00000)]
  0x0000025ff857e110 JavaThread "Sweeper thread" daemon [_thread_blocked, id=10808, stack(0x000000871fc00000,0x000000871fd00000)]
  0x0000025feb129aa0 JavaThread "Common-Cleaner" daemon [_thread_blocked, id=10772, stack(0x000000871fd00000,0x000000871fe00000)]
  0x0000025ff9551700 JavaThread "JDWP Event Helper Thread" daemon [_thread_blocked, id=9892, stack(0x0000008720000000,0x0000008720100000)]
  0x0000025ff92c0d70 JavaThread "Notification Thread" daemon [_thread_blocked, id=6780, stack(0x000000871fe00000,0x000000871ff00000)]
  0x0000025ff97f3570 JavaThread "QuantumRenderer-0" daemon [_thread_blocked, id=1316, stack(0x0000008720700000,0x0000008720800000)]
  0x0000025ff99027f0 JavaThread "InvokeLaterDispatcher" daemon [_thread_blocked, id=3904, stack(0x0000008720300000,0x0000008720400000)]
  0x0000025ff989b7d0 JavaThread "JavaFX Application Thread" [_thread_blocked, id=8880, stack(0x0000008720a00000,0x0000008720b00000)]
  0x0000025ff9a56050 JavaThread "Thread-1" daemon [_thread_in_native, id=3480, stack(0x0000008721100000,0x0000008721200000)]
  0x0000025ff9a62b80 JavaThread "JavaFX-Launcher" [_thread_blocked, id=12772, stack(0x0000008721200000,0x0000008721300000)]
  0x0000025ff9bd6200 JavaThread "Prism Font Disposer" daemon [_thread_blocked, id=9644, stack(0x0000008721400000,0x0000008721500000)]
  0x0000025f916d6da0 JavaThread "Cleaner-0" daemon [_thread_blocked, id=2680, stack(0x0000008721300000,0x0000008721400000)]
  0x0000025f916d5a60 JavaThread "mysql-cj-abandoned-connection-cleanup" daemon [_thread_blocked, id=15096, stack(0x0000008721a00000,0x0000008721b00000)]
  0x0000025ffeb5e0b0 JavaThread "C2 CompilerThread1" daemon [_thread_blocked, id=9164, stack(0x000000871ea00000,0x000000871eb00000)]
  0x0000025f916d68d0 JavaThread "SIGINT handler" daemon [_thread_blocked, id=8784, stack(0x000000871eb00000,0x000000871ec00000)]

Other Threads:
=>0x0000025feb13b730 VMThread "VM Thread" [stack: 0x000000871f300000,0x000000871f400000] [id=10524]
  0x0000025feb0a0b90 GCTaskThread "GC Thread#0" [stack: 0x000000871ee00000,0x000000871ef00000] [id=1204]
  0x0000025ff9659be0 GCTaskThread "GC Thread#1" [stack: 0x0000008720400000,0x0000008720500000] [id=1816]
  0x0000025ff97d7390 GCTaskThread "GC Thread#2" [stack: 0x0000008720500000,0x0000008720600000] [id=2848]
  0x0000025ff97d7640 GCTaskThread "GC Thread#3" [stack: 0x0000008720600000,0x0000008720700000] [id=14128]
  0x0000025feb0afab0 ConcurrentGCThread "G1 Main Marker" terminated
  0x0000025feb0b04c0 ConcurrentGCThread "G1 Conc#0" [stack: 0x000000871f000000,0x000000871f100000] [id=8068]
  0x0000025feb1163a0 ConcurrentGCThread "G1 Refine#0" terminated
  0x0000025feb116dc0 ConcurrentGCThread "G1 Service" terminated

Threads with active compile tasks:
C2 CompilerThread1  
[error occurred during error reporting (printing all threads), id 0xc0000005, EXCEPTION_ACCESS_VIOLATION (0xc0000005) at pc=0x00007ffc7d80e683]

VM state: at safepoint (shutting down)

VM Mutex/Monitor currently owned by a thread:  ([mutex/lock_event])
[0x0000025feb068d70] Threads_lock - owner thread: 0x0000025feb13b730
[0x0000025feb069ca0] Heap_lock - owner thread: 0x0000025f916d68d0

Heap address: 0x00000000a2200000, size: 1502 MB, Compressed Oops mode: 32-bit

CDS archive(s) mapped at: [0x0000000800000000-0x0000000800bc0000-0x0000000800bc0000), size 12320768, SharedBaseAddress: 0x0000000800000000, ArchiveRelocationMode: 0.
Compressed class space mapped at: 0x0000000800c00000-0x0000000840c00000, reserved size: 1073741824
Narrow klass base: 0x0000000800000000, Narrow klass shift: 0, Narrow klass range: 0x100000000

GC Precious Log:
 CPUs: 4 total, 4 available
 Memory: 6007M
 Large Page Support: Disabled
 NUMA Support: Disabled
 Compressed Oops: Enabled (32-bit)
 Heap Region Size: 1M
 Heap Min Capacity: 8M
 Heap Initial Capacity: 94M
 Heap Max Capacity: 1502M
 Pre-touch: Disabled
 Parallel Workers: 4
 Concurrent Workers: 1
 Concurrent Refinement Workers: 4
 Periodic GC: Disabled

Heap:
 garbage-first heap   total 75776K, used 35440K [0x00000000a2200000, 0x0000000100000000)
  region size 1024K, 16 young (16384K), 1 survivors (1024K)
 Metaspace       used 24528K, committed 24768K, reserved 1073152K
  class space    used 3214K, committed 3328K, reserved 1048576K

Heap Regions: E=young(eden), S=young(survivor), O=old, HS=humongous(starts), HC=humongous(continues), CS=collection set, F=free, OA=open archive, CA=closed archive, TAMS=top-at-mark-start (previous, next)
|   0|0x00000000a2200000, 0x00000000a2300000, 0x00000000a2300000|100%| O|  |TAMS 0x00000000a2300000, 0x00000000a2200000| Untracked 
|   1|0x00000000a2300000, 0x00000000a2400000, 0x00000000a2400000|100%| O|  |TAMS 0x00000000a2400000, 0x00000000a2300000| Untracked 
|   2|0x00000000a2400000, 0x00000000a2500000, 0x00000000a2500000|100%|HS|  |TAMS 0x00000000a2500000, 0x00000000a2400000| Complete 
|   3|0x00000000a2500000, 0x00000000a2600000, 0x00000000a2600000|100%|HC|  |TAMS 0x00000000a2600000, 0x00000000a2500000| Complete 
|   4|0x00000000a2600000, 0x00000000a2700000, 0x00000000a2700000|100%|HS|  |TAMS 0x00000000a2700000, 0x00000000a2600000| Complete 
|   5|0x00000000a2700000, 0x00000000a2800000, 0x00000000a2800000|100%|HC|  |TAMS 0x00000000a2800000, 0x00000000a2700000| Complete 
|   6|0x00000000a2800000, 0x00000000a2900000, 0x00000000a2900000|100%|HS|  |TAMS 0x00000000a2900000, 0x00000000a2800000| Complete 
|   7|0x00000000a2900000, 0x00000000a2a00000, 0x00000000a2a00000|100%|HC|  |TAMS 0x00000000a2a00000, 0x00000000a2900000| Complete 
|   8|0x00000000a2a00000, 0x00000000a2b00000, 0x00000000a2b00000|100%|HS|  |TAMS 0x00000000a2b00000, 0x00000000a2a00000| Complete 
|   9|0x00000000a2b00000, 0x00000000a2c00000, 0x00000000a2c00000|100%|HC|  |TAMS 0x00000000a2c00000, 0x00000000a2b00000| Complete 
|  10|0x00000000a2c00000, 0x00000000a2d00000, 0x00000000a2d00000|100%|HS|  |TAMS 0x00000000a2d00000, 0x00000000a2c00000| Complete 
|  11|0x00000000a2d00000, 0x00000000a2e00000, 0x00000000a2e00000|100%|HC|  |TAMS 0x00000000a2e00000, 0x00000000a2d00000| Complete 
|  12|0x00000000a2e00000, 0x00000000a2f00000, 0x00000000a2f00000|100%| O|  |TAMS 0x00000000a2ec6e00, 0x00000000a2e00000| Untracked 
|  13|0x00000000a2f00000, 0x00000000a3000000, 0x00000000a3000000|100%| O|  |TAMS 0x00000000a2f00000, 0x00000000a2f00000| Untracked 
|  14|0x00000000a3000000, 0x00000000a3100000, 0x00000000a3100000|100%| O|  |TAMS 0x00000000a3000000, 0x00000000a3000000| Untracked 
|  15|0x00000000a3100000, 0x00000000a3200000, 0x00000000a3200000|100%| O|  |TAMS 0x00000000a3100000, 0x00000000a3100000| Untracked 
|  16|0x00000000a3200000, 0x00000000a3300000, 0x00000000a3300000|100%| O|  |TAMS 0x00000000a3200000, 0x00000000a3200000| Untracked 
|  17|0x00000000a3300000, 0x00000000a3400000, 0x00000000a3400000|100%| O|  |TAMS 0x00000000a3300000, 0x00000000a3300000| Untracked 
|  18|0x00000000a3400000, 0x00000000a3500000, 0x00000000a3500000|100%| O|  |TAMS 0x00000000a3400000, 0x00000000a3400000| Untracked 
|  19|0x00000000a3500000, 0x00000000a35b9a00, 0x00000000a3600000| 72%| O|  |TAMS 0x00000000a3500000, 0x00000000a3500000| Complete 
|  20|0x00000000a3600000, 0x00000000a3600000, 0x00000000a3700000|  0%| F|  |TAMS 0x00000000a3600000, 0x00000000a3600000| Untracked 
|  21|0x00000000a3700000, 0x00000000a3700000, 0x00000000a3800000|  0%| F|  |TAMS 0x00000000a3700000, 0x00000000a3700000| Untracked 
|  22|0x00000000a3800000, 0x00000000a3800000, 0x00000000a3900000|  0%| F|  |TAMS 0x00000000a3800000, 0x00000000a3800000| Untracked 
|  23|0x00000000a3900000, 0x00000000a3900000, 0x00000000a3a00000|  0%| F|  |TAMS 0x00000000a3900000, 0x00000000a3900000| Untracked 
|  24|0x00000000a3a00000, 0x00000000a3a00000, 0x00000000a3b00000|  0%| F|  |TAMS 0x00000000a3a00000, 0x00000000a3a00000| Untracked 
|  25|0x00000000a3b00000, 0x00000000a3b00000, 0x00000000a3c00000|  0%| F|  |TAMS 0x00000000a3b00000, 0x00000000a3b00000| Untracked 
|  26|0x00000000a3c00000, 0x00000000a3c00000, 0x00000000a3d00000|  0%| F|  |TAMS 0x00000000a3c00000, 0x00000000a3c00000| Untracked 
|  27|0x00000000a3d00000, 0x00000000a3d00000, 0x00000000a3e00000|  0%| F|  |TAMS 0x00000000a3d00000, 0x00000000a3d00000| Untracked 
|  28|0x00000000a3e00000, 0x00000000a3e00000, 0x00000000a3f00000|  0%| F|  |TAMS 0x00000000a3e00000, 0x00000000a3e00000| Untracked 
|  29|0x00000000a3f00000, 0x00000000a3f00000, 0x00000000a4000000|  0%| F|  |TAMS 0x00000000a3f00000, 0x00000000a3f00000| Untracked 
|  30|0x00000000a4000000, 0x00000000a4000000, 0x00000000a4100000|  0%| F|  |TAMS 0x00000000a4000000, 0x00000000a4000000| Untracked 
|  31|0x00000000a4100000, 0x00000000a4100000, 0x00000000a4200000|  0%| F|  |TAMS 0x00000000a4100000, 0x00000000a4100000| Untracked 
|  32|0x00000000a4200000, 0x00000000a4200000, 0x00000000a4300000|  0%| F|  |TAMS 0x00000000a4200000, 0x00000000a4200000| Untracked 
|  33|0x00000000a4300000, 0x00000000a4300000, 0x00000000a4400000|  0%| F|  |TAMS 0x00000000a4300000, 0x00000000a4300000| Untracked 
|  34|0x00000000a4400000, 0x00000000a4400000, 0x00000000a4500000|  0%| F|  |TAMS 0x00000000a4400000, 0x00000000a4400000| Untracked 
|  35|0x00000000a4500000, 0x00000000a4500000, 0x00000000a4600000|  0%| F|  |TAMS 0x00000000a4500000, 0x00000000a4500000| Untracked 
|  36|0x00000000a4600000, 0x00000000a4600000, 0x00000000a4700000|  0%| F|  |TAMS 0x00000000a4600000, 0x00000000a4600000| Untracked 
|  37|0x00000000a4700000, 0x00000000a4700000, 0x00000000a4800000|  0%| F|  |TAMS 0x00000000a4700000, 0x00000000a4700000| Untracked 
|  38|0x00000000a4800000, 0x00000000a4800000, 0x00000000a4900000|  0%| F|  |TAMS 0x00000000a4800000, 0x00000000a4800000| Untracked 
|  39|0x00000000a4900000, 0x00000000a4900000, 0x00000000a4a00000|  0%| F|  |TAMS 0x00000000a4900000, 0x00000000a4900000| Untracked 
|  40|0x00000000a4a00000, 0x00000000a4a00000, 0x00000000a4b00000|  0%| F|  |TAMS 0x00000000a4a00000, 0x00000000a4a00000| Untracked 
|  41|0x00000000a4b00000, 0x00000000a4b00000, 0x00000000a4c00000|  0%| F|  |TAMS 0x00000000a4b00000, 0x00000000a4b00000| Untracked 
|  42|0x00000000a4c00000, 0x00000000a4c00000, 0x00000000a4d00000|  0%| F|  |TAMS 0x00000000a4c00000, 0x00000000a4c00000| Untracked 
|  43|0x00000000a4d00000, 0x00000000a4d00000, 0x00000000a4e00000|  0%| F|  |TAMS 0x00000000a4d00000, 0x00000000a4d00000| Untracked 
|  44|0x00000000a4e00000, 0x00000000a4e00000, 0x00000000a4f00000|  0%| F|  |TAMS 0x00000000a4e00000, 0x00000000a4e00000| Untracked 
|  45|0x00000000a4f00000, 0x00000000a4f00000, 0x00000000a5000000|  0%| F|  |TAMS 0x00000000a4f00000, 0x00000000a4f00000| Untracked 
|  46|0x00000000a5000000, 0x00000000a5000000, 0x00000000a5100000|  0%| F|  |TAMS 0x00000000a5000000, 0x00000000a5000000| Untracked 
|  47|0x00000000a5100000, 0x00000000a5100000, 0x00000000a5200000|  0%| F|  |TAMS 0x00000000a5100000, 0x00000000a5100000| Untracked 
|  48|0x00000000a5200000, 0x00000000a5200000, 0x00000000a5300000|  0%| F|  |TAMS 0x00000000a5200000, 0x00000000a5200000| Untracked 
|  49|0x00000000a5300000, 0x00000000a5300000, 0x00000000a5400000|  0%| F|  |TAMS 0x00000000a5300000, 0x00000000a5300000| Untracked 
|  50|0x00000000a5400000, 0x00000000a5400000, 0x00000000a5500000|  0%| F|  |TAMS 0x00000000a5400000, 0x00000000a5400000| Untracked 
|  51|0x00000000a5500000, 0x00000000a5500000, 0x00000000a5600000|  0%| F|  |TAMS 0x00000000a5500000, 0x00000000a5500000| Untracked 
|  52|0x00000000a5600000, 0x00000000a5600000, 0x00000000a5700000|  0%| F|  |TAMS 0x00000000a5600000, 0x00000000a5600000| Untracked 
|  53|0x00000000a5700000, 0x00000000a5700000, 0x00000000a5800000|  0%| F|  |TAMS 0x00000000a5700000, 0x00000000a5700000| Untracked 
|  54|0x00000000a5800000, 0x00000000a5800000, 0x00000000a5900000|  0%| F|  |TAMS 0x00000000a5800000, 0x00000000a5800000| Untracked 
|  55|0x00000000a5900000, 0x00000000a5900000, 0x00000000a5a00000|  0%| F|  |TAMS 0x00000000a5900000, 0x00000000a5900000| Untracked 
|  56|0x00000000a5a00000, 0x00000000a5a00000, 0x00000000a5b00000|  0%| F|  |TAMS 0x00000000a5a00000, 0x00000000a5a00000| Untracked 
|  57|0x00000000a5b00000, 0x00000000a5b00000, 0x00000000a5c00000|  0%| F|  |TAMS 0x00000000a5b00000, 0x00000000a5b00000| Untracked 
|  58|0x00000000a5c00000, 0x00000000a5ca64f0, 0x00000000a5d00000| 64%| E|  |TAMS 0x00000000a5c00000, 0x00000000a5c00000| Complete 
|  59|0x00000000a5d00000, 0x00000000a5e00000, 0x00000000a5e00000|100%| E|CS|TAMS 0x00000000a5d00000, 0x00000000a5d00000| Complete 
|  60|0x00000000a5e00000, 0x00000000a5f00000, 0x00000000a5f00000|100%| E|CS|TAMS 0x00000000a5e00000, 0x00000000a5e00000| Complete 
|  61|0x00000000a5f00000, 0x00000000a6000000, 0x00000000a6000000|100%| E|CS|TAMS 0x00000000a5f00000, 0x00000000a5f00000| Complete 
|  62|0x00000000a6000000, 0x00000000a6100000, 0x00000000a6100000|100%| E|CS|TAMS 0x00000000a6000000, 0x00000000a6000000| Complete 
|  63|0x00000000a6100000, 0x00000000a6200000, 0x00000000a6200000|100%| E|CS|TAMS 0x00000000a6100000, 0x00000000a6100000| Complete 
|  64|0x00000000a6200000, 0x00000000a6300000, 0x00000000a6300000|100%| E|CS|TAMS 0x00000000a6200000, 0x00000000a6200000| Complete 
|  65|0x00000000a6300000, 0x00000000a6400000, 0x00000000a6400000|100%| E|CS|TAMS 0x00000000a6300000, 0x00000000a6300000| Complete 
|  66|0x00000000a6400000, 0x00000000a6500000, 0x00000000a6500000|100%| E|CS|TAMS 0x00000000a6400000, 0x00000000a6400000| Complete 
|  67|0x00000000a6500000, 0x00000000a6600000, 0x00000000a6600000|100%| E|CS|TAMS 0x00000000a6500000, 0x00000000a6500000| Complete 
|  68|0x00000000a6600000, 0x00000000a6700000, 0x00000000a6700000|100%| E|CS|TAMS 0x00000000a6600000, 0x00000000a6600000| Complete 
|  69|0x00000000a6700000, 0x00000000a6800000, 0x00000000a6800000|100%| E|CS|TAMS 0x00000000a6700000, 0x00000000a6700000| Complete 
|  70|0x00000000a6800000, 0x00000000a6900000, 0x00000000a6900000|100%| E|CS|TAMS 0x00000000a6800000, 0x00000000a6800000| Complete 
|  71|0x00000000a6900000, 0x00000000a6a00000, 0x00000000a6a00000|100%| E|CS|TAMS 0x00000000a6900000, 0x00000000a6900000| Complete 
|  91|0x00000000a7d00000, 0x00000000a7de2620, 0x00000000a7e00000| 88%| S|CS|TAMS 0x00000000a7d00000, 0x00000000a7d00000| Complete 
|  93|0x00000000a7f00000, 0x00000000a8000000, 0x00000000a8000000|100%| E|CS|TAMS 0x00000000a7f00000, 0x00000000a7f00000| Complete 

Card table byte_map: [0x0000025ff2bb0000,0x0000025ff2ea0000] _byte_map_base: 0x0000025ff269f000

Marking Bits (Prev, Next): (CMBitMap*) 0x0000025feb0a11e0, (CMBitMap*) 0x0000025feb0a11a0
 Prev Bits: [0x0000025ff4910000, 0x0000025ff6088000)
 Next Bits: [0x0000025ff3190000, 0x0000025ff4908000)

Polling page: 0x0000025fea850000

Metaspace:

Usage:
  Non-class:     20.81 MB used.
      Class:      3.14 MB used.
       Both:     23.95 MB used.

Virtual space:
  Non-class space:       24.00 MB reserved,      20.94 MB ( 87%) committed,  3 nodes.
      Class space:        1.00 GB reserved,       3.25 MB ( <1%) committed,  1 nodes.
             Both:        1.02 GB reserved,      24.19 MB (  2%) committed. 

Chunk freelists:
   Non-Class:  3.11 MB
       Class:  592.00 KB
        Both:  3.69 MB

MaxMetaspaceSize: unlimited
CompressedClassSpaceSize: 1.00 GB
Initial GC threshold: 21.00 MB
Current GC threshold: 35.12 MB
CDS: on
MetaspaceReclaimPolicy: balanced
 - commit_granule_bytes: 65536.
 - commit_granule_words: 8192.
 - virtual_space_node_default_size: 1048576.
 - enlarge_chunks_in_place: 1.
 - new_chunks_are_fully_committed: 0.
 - uncommit_free_chunks: 1.
 - use_allocation_guard: 0.
 - handle_deallocations: 1.


Internal statistics:

num_allocs_failed_limit: 3.
num_arena_births: 216.
num_arena_deaths: 0.
num_vsnodes_births: 4.
num_vsnodes_deaths: 0.
num_space_committed: 387.
num_space_uncommitted: 0.
num_chunks_returned_to_freelist: 3.
num_chunks_taken_from_freelist: 906.
num_chunk_merges: 0.
num_chunk_splits: 627.
num_chunks_enlarged: 479.
num_purges: 0.
num_inconsistent_stats: 0.

CodeHeap 'non-profiled nmethods': size=120000Kb used=1611Kb max_used=1611Kb free=118388Kb
 bounds [0x0000025f87ad0000, 0x0000025f87d40000, 0x0000025f8f000000]
CodeHeap 'profiled nmethods': size=120000Kb used=7452Kb max_used=7452Kb free=112547Kb
 bounds [0x0000025f805a0000, 0x0000025f80cf0000, 0x0000025f87ad0000]
CodeHeap 'non-nmethods': size=5760Kb used=1560Kb max_used=1587Kb free=4199Kb
 bounds [0x0000025f80000000, 0x0000025f80270000, 0x0000025f805a0000]
 total_blobs=4466 nmethods=3599 adapters=779
 compilation: enabled
              stopped_count=0, restarted_count=0
 full_count=0

Compilation events (20 events):
Event: 146.928 Thread 0x0000025ffeb5e0b0 3557       4       sun.security.ec.XECOperations::bitAt (23 bytes)
Event: 146.929 Thread 0x0000025ffeb5e0b0 nmethod 3557 0x0000025f87c60d10 code [0x0000025f87c60e80, 0x0000025f87c60f78]
Event: 146.929 Thread 0x0000025ffeb5e0b0 3549       4       java.util.HashMap$KeySet::iterator (12 bytes)
Event: 146.932 Thread 0x0000025ffeb5e0b0 nmethod 3549 0x0000025f87c61090 code [0x0000025f87c61220, 0x0000025f87c61578]
Event: 146.933 Thread 0x0000025ff84ee950 nmethod 3550 0x0000025f87c61790 code [0x0000025f87c61940, 0x0000025f87c61ff8]
Event: 146.943 Thread 0x0000025ff84f35d0 3593       1       com.mysql.cj.CoreSession::getPropertySet (5 bytes)
Event: 146.943 Thread 0x0000025ff84f35d0 nmethod 3593 0x0000025f87c62390 code [0x0000025f87c62520, 0x0000025f87c625f8]
Event: 146.943 Thread 0x0000025ff84f35d0 3594       3       com.sun.javafx.css.SelectorPartitioning$$Lambda$184/0x0000000800d619e8::compare (12 bytes)
Event: 146.944 Thread 0x0000025ff84f35d0 nmethod 3594 0x0000025f80ce5590 code [0x0000025f80ce5740, 0x0000025f80ce5bf8]
Event: 146.944 Thread 0x0000025ff84f35d0 3595       3       com.sun.javafx.css.SelectorPartitioning::lambda$static$0 (10 bytes)
Event: 146.944 Thread 0x0000025ff84f35d0 nmethod 3595 0x0000025f80ce5d90 code [0x0000025f80ce5f20, 0x0000025f80ce6158]
Event: 146.945 Thread 0x0000025ffeb5e0b0 3596       4       java.lang.String::startsWith (138 bytes)
Event: 146.945 Thread 0x0000025ff84f35d0 3597       3       javafx.beans.property.ReadOnlyObjectWrapper::fireValueChangedEvent (19 bytes)
Event: 146.946 Thread 0x0000025ff84f35d0 nmethod 3597 0x0000025f80ce6290 code [0x0000025f80ce6460, 0x0000025f80ce69d8]
Event: 146.946 Thread 0x0000025ff84f35d0 3598       3       javafx.scene.Node::getNodeOrientation (24 bytes)
Event: 146.946 Thread 0x0000025ff84f35d0 nmethod 3598 0x0000025f80ce6b90 code [0x0000025f80ce6d60, 0x0000025f80ce7208]
Event: 146.946 Thread 0x0000025ff84f35d0 3599       1       javafx.scene.Node::usesMirroring (2 bytes)
Event: 146.946 Thread 0x0000025ff84f35d0 nmethod 3599 0x0000025f87c62690 code [0x0000025f87c62820, 0x0000025f87c628f8]
Event: 146.947 Thread 0x0000025ff84f35d0 3600       1       java.util.logging.LogManager$LoggerContext::getOwner (5 bytes)
Event: 146.947 Thread 0x0000025ff84f35d0 nmethod 3600 0x0000025f87c62990 code [0x0000025f87c62b20, 0x0000025f87c62bf8]

GC Heap History (8 events):
Event: 1.257 GC heap before
{Heap before GC invocations=0 (full 0):
 garbage-first heap   total 96256K, used 13312K [0x00000000a2200000, 0x0000000100000000)
  region size 1024K, 13 young (13312K), 0 survivors (0K)
 Metaspace       used 2301K, committed 2432K, reserved 1056768K
  class space    used 241K, committed 320K, reserved 1048576K
}
Event: 1.261 GC heap after
{Heap after GC invocations=1 (full 0):
 garbage-first heap   total 96256K, used 1863K [0x00000000a2200000, 0x0000000100000000)
  region size 1024K, 2 young (2048K), 2 survivors (2048K)
 Metaspace       used 2301K, committed 2432K, reserved 1056768K
  class space    used 241K, committed 320K, reserved 1048576K
}
Event: 1.894 GC heap before
{Heap before GC invocations=1 (full 0):
 garbage-first heap   total 96256K, used 18247K [0x00000000a2200000, 0x0000000100000000)
  region size 1024K, 19 young (19456K), 2 survivors (2048K)
 Metaspace       used 7034K, committed 7168K, reserved 1056768K
  class space    used 845K, committed 896K, reserved 1048576K
}
Event: 1.897 GC heap after
{Heap after GC invocations=2 (full 0):
 garbage-first heap   total 96256K, used 3423K [0x00000000a2200000, 0x0000000100000000)
  region size 1024K, 2 young (2048K), 2 survivors (2048K)
 Metaspace       used 7034K, committed 7168K, reserved 1056768K
  class space    used 845K, committed 896K, reserved 1048576K
}
Event: 29.218 GC heap before
{Heap before GC invocations=2 (full 0):
 garbage-first heap   total 96256K, used 68959K [0x00000000a2200000, 0x0000000100000000)
  region size 1024K, 56 young (57344K), 2 survivors (2048K)
 Metaspace       used 20088K, committed 20416K, reserved 1073152K
  class space    used 2657K, committed 2816K, reserved 1048576K
}
Event: 29.225 GC heap after
{Heap after GC invocations=3 (full 0):
 garbage-first heap   total 96256K, used 20251K [0x00000000a2200000, 0x0000000100000000)
  region size 1024K, 7 young (7168K), 7 survivors (7168K)
 Metaspace       used 20088K, committed 20416K, reserved 1073152K
  class space    used 2657K, committed 2816K, reserved 1048576K
}
Event: 29.313 GC heap before
{Heap before GC invocations=3 (full 0):
 garbage-first heap   total 96256K, used 21275K [0x00000000a2200000, 0x0000000100000000)
  region size 1024K, 9 young (9216K), 7 survivors (7168K)
 Metaspace       used 21299K, committed 21504K, reserved 1073152K
  class space    used 2786K, committed 2880K, reserved 1048576K
}
Event: 29.319 GC heap after
{Heap after GC invocations=4 (full 0):
 garbage-first heap   total 96256K, used 21104K [0x00000000a2200000, 0x0000000100000000)
  region size 1024K, 1 young (1024K), 1 survivors (1024K)
 Metaspace       used 21299K, committed 21504K, reserved 1073152K
  class space    used 2786K, committed 2880K, reserved 1048576K
}

Deoptimization events (20 events):
Event: 29.575 Thread 0x0000025ff989b7d0 Uncommon trap: trap_request=0xffffffde fr.pc=0x0000025f87c27930 relative=0x0000000000000470
Event: 29.575 Thread 0x0000025ff989b7d0 Uncommon trap: reason=class_check action=maybe_recompile pc=0x0000025f87c27930 method=java.util.HashMap.putVal(ILjava/lang/Object;Ljava/lang/Object;ZZ)Ljava/lang/Object; @ 253 c2
Event: 29.576 Thread 0x0000025ff989b7d0 DEOPT PACKING pc=0x0000025f87c27930 sp=0x0000008720af9a70
Event: 29.576 Thread 0x0000025ff989b7d0 DEOPT UNPACKING pc=0x0000025f800523a3 sp=0x0000008720af9a30 mode 2
Event: 146.842 Thread 0x0000025ff989b7d0 Uncommon trap: trap_request=0xffffff45 fr.pc=0x0000025f87c3bf30 relative=0x0000000000000210
Event: 146.842 Thread 0x0000025ff989b7d0 Uncommon trap: reason=unstable_if action=reinterpret pc=0x0000025f87c3bf30 method=java.util.regex.Matcher.reset()Ljava/util/regex/Matcher; @ 71 c2
Event: 146.842 Thread 0x0000025ff989b7d0 DEOPT PACKING pc=0x0000025f87c3bf30 sp=0x0000008720afa8a0
Event: 146.842 Thread 0x0000025ff989b7d0 DEOPT UNPACKING pc=0x0000025f800523a3 sp=0x0000008720afa838 mode 2
Event: 146.892 Thread 0x0000025ff989b7d0 DEOPT PACKING pc=0x0000025f807d33bc sp=0x0000008720afaa00
Event: 146.892 Thread 0x0000025ff989b7d0 DEOPT UNPACKING pc=0x0000025f80052b43 sp=0x0000008720af9ed8 mode 1
Event: 146.895 Thread 0x0000025ff989b7d0 Uncommon trap: trap_request=0xffffff45 fr.pc=0x0000025f87c0d7e0 relative=0x00000000000000c0
Event: 146.895 Thread 0x0000025ff989b7d0 Uncommon trap: reason=unstable_if action=reinterpret pc=0x0000025f87c0d7e0 method=java.lang.CharacterDataLatin1.digit(II)I @ 12 c2
Event: 146.895 Thread 0x0000025ff989b7d0 DEOPT PACKING pc=0x0000025f87c0d7e0 sp=0x0000008720af9680
Event: 146.895 Thread 0x0000025ff989b7d0 DEOPT UNPACKING pc=0x0000025f800523a3 sp=0x0000008720af9608 mode 2
Event: 146.909 Thread 0x0000025ff989b7d0 DEOPT PACKING pc=0x0000025f80c4474f sp=0x0000008720af8b00
Event: 146.909 Thread 0x0000025ff989b7d0 DEOPT UNPACKING pc=0x0000025f80052b43 sp=0x0000008720af7f40 mode 0
Event: 146.948 Thread 0x0000025ff97f3570 DEOPT PACKING pc=0x0000025f809d7aa4 sp=0x00000087207ff420
Event: 146.948 Thread 0x0000025ff97f3570 DEOPT UNPACKING pc=0x0000025f80052b43 sp=0x00000087207fe948 mode 1
Event: 146.948 Thread 0x0000025f916d7270 DEOPT PACKING pc=0x0000025f8072a34c sp=0x000000871ecff270
Event: 146.948 Thread 0x0000025f916d7270 DEOPT UNPACKING pc=0x0000025f80052b43 sp=0x000000871ecfe6d0 mode 1

Classes unloaded (0 events):
No events

Classes redefined (0 events):
No events

Internal exceptions (20 events):
Event: 2.936 Thread 0x0000025ff989b7d0 Exception <a 'java/lang/ClassNotFoundException'{0x00000000a6437f80}: com/sun/javafx/scene/control/skin/resources/controls_ru_RU> (0x00000000a6437f80) 
thrown [t:\workspace\open\src\hotspot\share\prims\jni.cpp, line 535]
Event: 3.007 Thread 0x0000025ff989b7d0 Exception <a 'java/lang/NoSuchMethodError'{0x00000000a620c180}: 'void java.lang.invoke.DirectMethodHandle$Holder.invokeSpecial(java.lang.Object, java.lang.Object, java.lang.Object, java.lang.Object, java.lang.Object, java.lang.Object)'> (0x00000000a620c180) 
thrown [t:\workspace\open\src\hotspot\share\interpreter\linkResolver.cpp, line 766]
Event: 3.045 Thread 0x0000025ff989b7d0 Exception <a 'java/lang/NoSuchMethodError'{0x00000000a6083578}: 'java.lang.Object java.lang.invoke.DirectMethodHandle$Holder.invokeInterface(java.lang.Object, java.lang.Object, java.lang.Object)'> (0x00000000a6083578) 
thrown [t:\workspace\open\src\hotspot\share\interpreter\linkResolver.cpp, line 766]
Event: 3.046 Thread 0x0000025ff989b7d0 Exception <a 'java/lang/IncompatibleClassChangeError'{0x00000000a6086f00}: Found class java.lang.Object, but interface was expected> (0x00000000a6086f00) 
thrown [t:\workspace\open\src\hotspot\share\interpreter\linkResolver.cpp, line 833]
Event: 3.149 Thread 0x0000025ff989b7d0 Exception <a 'java/lang/NoSuchMethodError'{0x00000000a5e8c2a0}: 'java.lang.Object java.lang.invoke.DirectMethodHandle$Holder.newInvokeSpecial(java.lang.Object, java.lang.Object, int)'> (0x00000000a5e8c2a0) 
thrown [t:\workspace\open\src\hotspot\share\interpreter\linkResolver.cpp, line 766]
Event: 3.178 Thread 0x0000025ff97f3570 Exception <a 'java/lang/NoSuchMethodError'{0x00000000a5d1f558}: 'int java.lang.invoke.DirectMethodHandle$Holder.invokeStaticInit(java.lang.Object, java.lang.Object)'> (0x00000000a5d1f558) 
thrown [t:\workspace\open\src\hotspot\share\interpreter\linkResolver.cpp, line 766]
Event: 3.185 Thread 0x0000025ff989b7d0 Exception <a 'java/lang/NoSuchMethodError'{0x00000000a5d91ce0}: 'long java.lang.invoke.DirectMethodHandle$Holder.invokeStatic(java.lang.Object, java.lang.Object, java.lang.Object)'> (0x00000000a5d91ce0) 
thrown [t:\workspace\open\src\hotspot\share\interpreter\linkResolver.cpp, line 766]
Event: 3.185 Thread 0x0000025ff989b7d0 Exception <a 'java/lang/NoSuchMethodError'{0x00000000a5d95488}: 'long java.lang.invoke.DirectMethodHandle$Holder.invokeStaticInit(java.lang.Object, java.lang.Object, java.lang.Object)'> (0x00000000a5d95488) 
thrown [t:\workspace\open\src\hotspot\share\interpreter\linkResolver.cpp, line 766]
Event: 3.189 Thread 0x0000025ff989b7d0 Exception <a 'java/lang/NoSuchMethodError'{0x00000000a5dad090}: 'java.lang.Object java.lang.invoke.DirectMethodHandle$Holder.newInvokeSpecial(java.lang.Object, java.lang.Object, long)'> (0x00000000a5dad090) 
thrown [t:\workspace\open\src\hotspot\share\interpreter\linkResolver.cpp, line 766]
Event: 3.189 Thread 0x0000025ff989b7d0 Exception <a 'java/lang/NoSuchMethodError'{0x00000000a5db0c00}: 'java.lang.Object java.lang.invoke.Invokers$Holder.linkToTargetMethod(java.lang.Object, long, java.lang.Object)'> (0x00000000a5db0c00) 
thrown [t:\workspace\open\src\hotspot\share\interpreter\linkResolver.cpp, line 766]
Event: 28.769 Thread 0x0000025ff989b7d0 Exception <a 'sun/nio/fs/WindowsException'{0x00000000a559fd98}> (0x00000000a559fd98) 
thrown [t:\workspace\open\src\hotspot\share\prims\jni.cpp, line 516]
Event: 28.811 Thread 0x0000025ff989b7d0 Exception <a 'java/lang/NoSuchMethodError'{0x00000000a530fef0}: 'java.lang.Object java.lang.invoke.DirectMethodHandle$Holder.invokeVirtual(java.lang.Object, java.lang.Object, java.lang.Object)'> (0x00000000a530fef0) 
thrown [t:\workspace\open\src\hotspot\share\interpreter\linkResolver.cpp, line 766]
Event: 28.912 Thread 0x0000025ff989b7d0 Exception <a 'java/lang/ClassNotFoundException'{0x00000000a4f773f0}: jdk/net/ExtendedSocketOptions> (0x00000000a4f773f0) 
thrown [t:\workspace\open\src\hotspot\share\classfile\systemDictionary.cpp, line 256]
Event: 29.071 Thread 0x0000025ff989b7d0 Exception <a 'sun/nio/fs/WindowsException'{0x00000000a4a6e048}> (0x00000000a4a6e048) 
thrown [t:\workspace\open\src\hotspot\share\prims\jni.cpp, line 516]
Event: 29.094 Thread 0x0000025ff989b7d0 Exception <a 'sun/nio/fs/WindowsException'{0x00000000a4a90428}> (0x00000000a4a90428) 
thrown [t:\workspace\open\src\hotspot\share\prims\jni.cpp, line 516]
Event: 29.102 Thread 0x0000025ff989b7d0 Exception <a 'java/lang/NoSuchMethodError'{0x00000000a4ab1b20}: 'int java.lang.invoke.DirectMethodHandle$Holder.invokeStatic(java.lang.Object, java.lang.Object, java.lang.Object, java.lang.Object)'> (0x00000000a4ab1b20) 
thrown [t:\workspace\open\src\hotspot\share\interpreter\linkResolver.cpp, line 766]
Event: 29.103 Thread 0x0000025ff989b7d0 Exception <a 'java/lang/NoSuchMethodError'{0x00000000a4ab5b20}: 'int java.lang.invoke.DirectMethodHandle$Holder.invokeStaticInit(java.lang.Object, java.lang.Object, java.lang.Object, java.lang.Object)'> (0x00000000a4ab5b20) 
thrown [t:\workspace\open\src\hotspot\share\interpreter\linkResolver.cpp, line 766]
Event: 29.104 Thread 0x0000025ff989b7d0 Exception <a 'java/lang/IncompatibleClassChangeError'{0x00000000a4abf198}: Found class java.lang.Object, but interface was expected> (0x00000000a4abf198) 
thrown [t:\workspace\open\src\hotspot\share\interpreter\linkResolver.cpp, line 833]
Event: 29.160 Thread 0x0000025ff989b7d0 Exception <a 'java/lang/NoSuchMethodError'{0x00000000a4858bc8}: 'java.lang.Object java.lang.invoke.DirectMethodHandle$Holder.invokeStaticInit(java.lang.Object, int, int, int, int)'> (0x00000000a4858bc8) 
thrown [t:\workspace\open\src\hotspot\share\interpreter\linkResolver.cpp, line 766]
Event: 29.228 Thread 0x0000025ff989b7d0 Exception <a 'java/lang/NoSuchMethodError'{0x00000000a7f10958}: 'java.lang.Object java.lang.invoke.DirectMethodHandle$Holder.invokeStaticInit(java.lang.Object, java.lang.Object, int, int, int, int)'> (0x00000000a7f10958) 
thrown [t:\workspace\open\src\hotspot\share\interpreter\linkResolver.cpp, line 766]

VM Operations (20 events):
Event: 137.466 Executing VM operation: ChangeSingleStep done
Event: 137.476 Executing VM operation: get/set locals
Event: 137.476 Executing VM operation: get/set locals done
Event: 137.476 Executing VM operation: get/set locals
Event: 137.476 Executing VM operation: get/set locals done
Event: 137.476 Executing VM operation: get/set locals
Event: 137.476 Executing VM operation: get/set locals done
Event: 137.477 Executing VM operation: get/set locals
Event: 137.477 Executing VM operation: get/set locals done
Event: 137.478 Executing VM operation: get/set locals
Event: 137.478 Executing VM operation: get/set locals done
Event: 146.819 Executing VM operation: ChangeBreakpoints
Event: 146.819 Executing VM operation: ChangeBreakpoints done
Event: 146.820 Executing VM operation: ChangeBreakpoints
Event: 146.820 Executing VM operation: ChangeBreakpoints done
Event: 146.820 Executing VM operation: ChangeBreakpoints
Event: 146.820 Executing VM operation: ChangeBreakpoints done
Event: 146.820 Executing VM operation: ChangeBreakpoints
Event: 146.820 Executing VM operation: ChangeBreakpoints done
Event: 146.949 Executing VM operation: Exit

Events (20 events):
Event: 146.938 loading class javafx/collections/ListChangeListener$Change done
Event: 146.938 loading class javafx/collections/ListChangeListener$Change
Event: 146.938 loading class javafx/collections/ListChangeListener$Change done
Event: 146.939 loading class javafx/scene/control/TableColumn
Event: 146.939 loading class javafx/scene/control/TableColumn done
Event: 146.939 loading class javafx/beans/Observable
Event: 146.939 loading class javafx/beans/Observable done
Event: 146.939 loading class javafx/beans/Observable
Event: 146.939 loading class javafx/beans/Observable done
Event: 146.944 loading class jdk/internal/misc/Signal$1
Event: 146.945 loading class jdk/internal/misc/Signal$1 done
Event: 146.945 Thread 0x0000025f916d68d0 Thread added: 0x0000025f916d68d0
Event: 146.945 Thread 0x0000025f916d7270 Thread added: 0x0000025f916d7270
Event: 146.945 Thread 0x0000025f916d3d80 Thread added: 0x0000025f916d3d80
Event: 146.947 Thread 0x0000025f916d3d80 Thread exited: 0x0000025f916d3d80
Event: 146.947 loading class com/sun/javafx/tk/quantum/QuantumRenderer
Event: 146.947 loading class com/sun/javafx/tk/quantum/QuantumRenderer done
Event: 146.948 loading class com/sun/javafx/tk/quantum/QuantumToolkit
Event: 146.948 loading class com/sun/javafx/tk/quantum/QuantumToolkit done
Event: 146.948 Thread 0x0000025f916d7270 Thread exited: 0x0000025f916d7270


Dynamic libraries:
0x00007ff73ef20000 - 0x00007ff73ef2e000 	C:\Users\Alina\.jdks\openjdk-17.0.2\bin\java.exe
0x00007ffcfa270000 - 0x00007ffcfa468000 	C:\Windows\SYSTEM32\ntdll.dll
0x00007ffcf98a0000 - 0x00007ffcf995f000 	C:\Windows\System32\KERNEL32.DLL
0x00007ffcf7c90000 - 0x00007ffcf7f62000 	C:\Windows\System32\KERNELBASE.dll
0x00007ffcf7b00000 - 0x00007ffcf7c00000 	C:\Windows\System32\ucrtbase.dll
0x00007ffccb750000 - 0x00007ffccb768000 	C:\Users\Alina\.jdks\openjdk-17.0.2\bin\jli.dll
0x00007ffcf8450000 - 0x00007ffcf85ed000 	C:\Windows\System32\USER32.dll
0x00007ffccb730000 - 0x00007ffccb74a000 	C:\Users\Alina\.jdks\openjdk-17.0.2\bin\VCRUNTIME140.dll
0x00007ffcf8010000 - 0x00007ffcf8032000 	C:\Windows\System32\win32u.dll
0x00007ffcfa1d0000 - 0x00007ffcfa1fb000 	C:\Windows\System32\GDI32.dll
0x00007ffcec1d0000 - 0x00007ffcec46a000 	C:\Windows\WinSxS\amd64_microsoft.windows.common-controls_6595b64144ccf1df_6.0.19041.1110_none_60b5254171f9507e\COMCTL32.dll
0x00007ffcf7940000 - 0x00007ffcf7a4f000 	C:\Windows\System32\gdi32full.dll
0x00007ffcf7f70000 - 0x00007ffcf800d000 	C:\Windows\System32\msvcp_win.dll
0x00007ffcf85f0000 - 0x00007ffcf868e000 	C:\Windows\System32\msvcrt.dll
0x00007ffcf9d10000 - 0x00007ffcf9d42000 	C:\Windows\System32\IMM32.DLL
0x00007ffce2cc0000 - 0x00007ffce2ccc000 	C:\Users\Alina\.jdks\openjdk-17.0.2\bin\vcruntime140_1.dll
0x00007ffcb1860000 - 0x00007ffcb18ed000 	C:\Users\Alina\.jdks\openjdk-17.0.2\bin\msvcp140.dll
0x00007ffc7d080000 - 0x00007ffc7dc41000 	C:\Users\Alina\.jdks\openjdk-17.0.2\bin\server\jvm.dll
0x00007ffcf8690000 - 0x00007ffcf873e000 	C:\Windows\System32\ADVAPI32.dll
0x00007ffcf8df0000 - 0x00007ffcf8e8c000 	C:\Windows\System32\sechost.dll
0x00007ffcf8290000 - 0x00007ffcf83b5000 	C:\Windows\System32\RPCRT4.dll
0x00007ffcf8750000 - 0x00007ffcf8758000 	C:\Windows\System32\PSAPI.DLL
0x00007ffcf5080000 - 0x00007ffcf5089000 	C:\Windows\SYSTEM32\WSOCK32.dll
0x00007ffced9e0000 - 0x00007ffceda07000 	C:\Windows\SYSTEM32\WINMM.dll
0x00007ffcf83e0000 - 0x00007ffcf844b000 	C:\Windows\System32\WS2_32.dll
0x00007ffceda10000 - 0x00007ffceda1a000 	C:\Windows\SYSTEM32\VERSION.dll
0x00007ffcf57c0000 - 0x00007ffcf57d2000 	C:\Windows\SYSTEM32\kernel.appcore.dll
0x00007ffce2a90000 - 0x00007ffce2a9a000 	C:\Users\Alina\.jdks\openjdk-17.0.2\bin\jimage.dll
0x00007ffcecb70000 - 0x00007ffcecd54000 	C:\Windows\SYSTEM32\DBGHELP.DLL
0x00007ffcecb40000 - 0x00007ffcecb6c000 	C:\Windows\SYSTEM32\dbgcore.DLL
0x00007ffcf7c00000 - 0x00007ffcf7c82000 	C:\Windows\System32\bcryptPrimitives.dll
0x00007ffccb6f0000 - 0x00007ffccb72b000 	C:\Users\Alina\.jdks\openjdk-17.0.2\bin\jdwp.dll
0x00007ffce1e90000 - 0x00007ffce1e9e000 	C:\Users\Alina\.jdks\openjdk-17.0.2\bin\instrument.dll
0x00007ffccb0f0000 - 0x00007ffccb115000 	C:\Users\Alina\.jdks\openjdk-17.0.2\bin\java.dll
0x00007ffcb0700000 - 0x00007ffcb07d6000 	C:\Users\Alina\.jdks\openjdk-17.0.2\bin\jsvml.dll
0x00007ffcf9150000 - 0x00007ffcf9893000 	C:\Windows\System32\SHELL32.dll
0x00007ffcf59c0000 - 0x00007ffcf6152000 	C:\Windows\SYSTEM32\windows.storage.dll
0x00007ffcf9e70000 - 0x00007ffcfa1c4000 	C:\Windows\System32\combase.dll
0x00007ffcf71e0000 - 0x00007ffcf7210000 	C:\Windows\SYSTEM32\Wldp.dll
0x00007ffcf99c0000 - 0x00007ffcf9a6d000 	C:\Windows\System32\SHCORE.dll
0x00007ffcf9960000 - 0x00007ffcf99b5000 	C:\Windows\System32\shlwapi.dll
0x00007ffcf7880000 - 0x00007ffcf789f000 	C:\Windows\SYSTEM32\profapi.dll
0x00007ffcc6cf0000 - 0x00007ffcc6d09000 	C:\Users\Alina\.jdks\openjdk-17.0.2\bin\net.dll
0x00007ffcef1e0000 - 0x00007ffcef2ec000 	C:\Windows\SYSTEM32\WINHTTP.dll
0x00007ffcf6fc0000 - 0x00007ffcf702a000 	C:\Windows\system32\mswsock.dll
0x00007ffcc2d90000 - 0x00007ffcc2da6000 	C:\Users\Alina\.jdks\openjdk-17.0.2\bin\nio.dll
0x00007ffcc2d70000 - 0x00007ffcc2d88000 	C:\Users\Alina\.jdks\openjdk-17.0.2\bin\zip.dll
0x00007ffcdf0e0000 - 0x00007ffcdf0ec000 	C:\Users\Alina\.jdks\openjdk-17.0.2\bin\dt_socket.dll
0x00007ffcf6cd0000 - 0x00007ffcf6d0b000 	C:\Windows\SYSTEM32\IPHLPAPI.DLL
0x00007ffcdeb80000 - 0x00007ffcdeb90000 	C:\Users\Alina\.jdks\openjdk-17.0.2\bin\verify.dll
0x0000025feb010000 - 0x0000025feb013000 	C:\Users\Alina\.openjfx\cache\16\api-ms-win-core-console-l1-1-0.dll
0x0000025feb020000 - 0x0000025feb023000 	C:\Users\Alina\.openjfx\cache\16\api-ms-win-core-console-l1-2-0.dll
0x0000025feb030000 - 0x0000025feb033000 	C:\Users\Alina\.openjfx\cache\16\api-ms-win-core-datetime-l1-1-0.dll
0x0000025feb040000 - 0x0000025feb043000 	C:\Users\Alina\.openjfx\cache\16\api-ms-win-core-debug-l1-1-0.dll
0x0000025ff86d0000 - 0x0000025ff86d3000 	C:\Users\Alina\.openjfx\cache\16\api-ms-win-core-errorhandling-l1-1-0.dll
0x0000025ff86e0000 - 0x0000025ff86e4000 	C:\Users\Alina\.openjfx\cache\16\api-ms-win-core-file-l1-1-0.dll
0x0000025ff86f0000 - 0x0000025ff86f3000 	C:\Users\Alina\.openjfx\cache\16\api-ms-win-core-file-l1-2-0.dll
0x0000025ff8700000 - 0x0000025ff8703000 	C:\Users\Alina\.openjfx\cache\16\api-ms-win-core-file-l2-1-0.dll
0x0000025ff8710000 - 0x0000025ff8713000 	C:\Users\Alina\.openjfx\cache\16\api-ms-win-core-handle-l1-1-0.dll
0x0000025ff8720000 - 0x0000025ff8723000 	C:\Users\Alina\.openjfx\cache\16\api-ms-win-core-heap-l1-1-0.dll
0x0000025ff8730000 - 0x0000025ff8733000 	C:\Users\Alina\.openjfx\cache\16\api-ms-win-core-interlocked-l1-1-0.dll
0x0000025ff8740000 - 0x0000025ff8743000 	C:\Users\Alina\.openjfx\cache\16\api-ms-win-core-libraryloader-l1-1-0.dll
0x0000025ff8750000 - 0x0000025ff8753000 	C:\Users\Alina\.openjfx\cache\16\api-ms-win-core-localization-l1-2-0.dll
0x0000025ff8760000 - 0x0000025ff8763000 	C:\Users\Alina\.openjfx\cache\16\api-ms-win-core-memory-l1-1-0.dll
0x0000025ff8770000 - 0x0000025ff8773000 	C:\Users\Alina\.openjfx\cache\16\api-ms-win-core-namedpipe-l1-1-0.dll
0x0000025ff8780000 - 0x0000025ff8783000 	C:\Users\Alina\.openjfx\cache\16\api-ms-win-core-processenvironment-l1-1-0.dll
0x0000025ff8790000 - 0x0000025ff8793000 	C:\Users\Alina\.openjfx\cache\16\api-ms-win-core-processthreads-l1-1-0.dll
0x0000025ff87a0000 - 0x0000025ff87a3000 	C:\Users\Alina\.openjfx\cache\16\api-ms-win-core-processthreads-l1-1-1.dll
0x0000025ff87b0000 - 0x0000025ff87b3000 	C:\Users\Alina\.openjfx\cache\16\api-ms-win-core-profile-l1-1-0.dll
0x0000025ff87c0000 - 0x0000025ff87c3000 	C:\Users\Alina\.openjfx\cache\16\api-ms-win-core-rtlsupport-l1-1-0.dll
0x0000025ff87d0000 - 0x0000025ff87d3000 	C:\Users\Alina\.openjfx\cache\16\api-ms-win-core-string-l1-1-0.dll
0x0000025ff87e0000 - 0x0000025ff87e3000 	C:\Users\Alina\.openjfx\cache\16\api-ms-win-core-synch-l1-1-0.dll
0x0000025ff87f0000 - 0x0000025ff87f3000 	C:\Users\Alina\.openjfx\cache\16\api-ms-win-core-synch-l1-2-0.dll
0x0000025ff9c00000 - 0x0000025ff9c03000 	C:\Users\Alina\.openjfx\cache\16\api-ms-win-core-sysinfo-l1-1-0.dll
0x0000025ff9c10000 - 0x0000025ff9c13000 	C:\Users\Alina\.openjfx\cache\16\api-ms-win-core-timezone-l1-1-0.dll
0x0000025ff9c20000 - 0x0000025ff9c23000 	C:\Users\Alina\.openjfx\cache\16\api-ms-win-core-util-l1-1-0.dll
0x0000025ff9c30000 - 0x0000025ff9c33000 	C:\Users\Alina\.openjfx\cache\16\api-ms-win-crt-conio-l1-1-0.dll
0x0000025ff9c40000 - 0x0000025ff9c44000 	C:\Users\Alina\.openjfx\cache\16\api-ms-win-crt-convert-l1-1-0.dll
0x0000025ff9c50000 - 0x0000025ff9c53000 	C:\Users\Alina\.openjfx\cache\16\api-ms-win-crt-environment-l1-1-0.dll
0x0000025ff9c60000 - 0x0000025ff9c63000 	C:\Users\Alina\.openjfx\cache\16\api-ms-win-crt-filesystem-l1-1-0.dll
0x0000025ff9c70000 - 0x0000025ff9c73000 	C:\Users\Alina\.openjfx\cache\16\api-ms-win-crt-heap-l1-1-0.dll
0x0000025ff9c80000 - 0x0000025ff9c83000 	C:\Users\Alina\.openjfx\cache\16\api-ms-win-crt-locale-l1-1-0.dll
0x0000025ff9c90000 - 0x0000025ff9c95000 	C:\Users\Alina\.openjfx\cache\16\api-ms-win-crt-math-l1-1-0.dll
0x0000025ff9ca0000 - 0x0000025ff9ca5000 	C:\Users\Alina\.openjfx\cache\16\api-ms-win-crt-multibyte-l1-1-0.dll
0x0000025ff9cb0000 - 0x0000025ff9cc0000 	C:\Users\Alina\.openjfx\cache\16\api-ms-win-crt-private-l1-1-0.dll
0x0000025ff9cc0000 - 0x0000025ff9cc3000 	C:\Users\Alina\.openjfx\cache\16\api-ms-win-crt-process-l1-1-0.dll
0x0000025ff9cd0000 - 0x0000025ff9cd4000 	C:\Users\Alina\.openjfx\cache\16\api-ms-win-crt-runtime-l1-1-0.dll
0x0000025ff9ce0000 - 0x0000025ff9ce4000 	C:\Users\Alina\.openjfx\cache\16\api-ms-win-crt-stdio-l1-1-0.dll
0x0000025ff9cf0000 - 0x0000025ff9cf4000 	C:\Users\Alina\.openjfx\cache\16\api-ms-win-crt-string-l1-1-0.dll
0x0000025ff9d00000 - 0x0000025ff9d03000 	C:\Users\Alina\.openjfx\cache\16\api-ms-win-crt-time-l1-1-0.dll
0x0000025ff9d10000 - 0x0000025ff9d13000 	C:\Users\Alina\.openjfx\cache\16\api-ms-win-crt-utility-l1-1-0.dll
0x00007ffcb0600000 - 0x00007ffcb06fc000 	C:\Users\Alina\.openjfx\cache\16\ucrtbase.dll
0x00007ffcc23b0000 - 0x00007ffcc23c9000 	C:\Users\Alina\.openjfx\cache\16\vcruntime140.dll
0x00007ffcdd650000 - 0x00007ffcdd65c000 	C:\Users\Alina\.openjfx\cache\16\vcruntime140_1.dll
0x00007ffcb0560000 - 0x00007ffcb05f1000 	C:\Users\Alina\.openjfx\cache\16\msvcp140.dll
0x00007ffcc2380000 - 0x00007ffcc23a7000 	C:\Users\Alina\.openjfx\cache\16\prism_d3d.dll
0x00007ffcbebf0000 - 0x00007ffcbedbf000 	C:\Windows\system32\d3d9.dll
0x00007ffcf54d0000 - 0x00007ffcf54ff000 	C:\Windows\SYSTEM32\dwmapi.dll
0x00007ffcf52f0000 - 0x00007ffcf538e000 	C:\Windows\system32\uxtheme.dll
0x00007ffcf8f40000 - 0x00007ffcf906a000 	C:\Windows\System32\ole32.dll
0x00007ffcf81f0000 - 0x00007ffcf8217000 	C:\Windows\System32\bcrypt.dll
0x00007ffcb51f0000 - 0x00007ffcb5232000 	C:\Users\Alina\.openjfx\cache\16\glass.dll
0x00007ffcf8ca0000 - 0x00007ffcf8d7a000 	C:\Windows\System32\COMDLG32.dll
0x00007ffcf8bd0000 - 0x00007ffcf8c9d000 	C:\Windows\System32\OLEAUT32.dll
0x00007ffcf9d50000 - 0x00007ffcf9e65000 	C:\Windows\System32\MSCTF.dll
0x00007ffcedec0000 - 0x00007ffcedefb000 	C:\Windows\SYSTEM32\dxcore.dll
0x00007ffcf81a0000 - 0x00007ffcf81ee000 	C:\Windows\System32\cfgmgr32.dll
0x00007ffcb65e0000 - 0x00007ffcb660d000 	C:\Users\Alina\.openjfx\cache\16\javafx_iio.dll
0x00007ffcb1840000 - 0x00007ffcb1854000 	C:\Users\Alina\.openjfx\cache\16\javafx_font.dll
0x00007ffce4770000 - 0x00007ffce49ef000 	C:\Windows\SYSTEM32\dwrite.dll
0x00007ffcf8e90000 - 0x00007ffcf8f3f000 	C:\Windows\System32\clbcatq.dll
0x00007ffcf1b70000 - 0x00007ffcf1d24000 	C:\Windows\SYSTEM32\WindowsCodecs.dll
0x00007ffce1e20000 - 0x00007ffce1e5e000 	C:\Windows\system32\dataexchange.dll
0x00007ffcf36c0000 - 0x00007ffcf3923000 	C:\Windows\system32\d3d11.dll
0x00007ffcf4600000 - 0x00007ffcf47e3000 	C:\Windows\system32\dcomp.dll
0x00007ffcf61c0000 - 0x00007ffcf62b3000 	C:\Windows\system32\dxgi.dll
0x00007ffcf1d30000 - 0x00007ffcf1f30000 	C:\Windows\system32\twinapi.appcore.dll
0x00007ffcb1800000 - 0x00007ffcb1834000 	C:\Program Files\Common Files\Microsoft Shared\Ink\rtscom.dll
0x00007ffcf07e0000 - 0x00007ffcf08d9000 	C:\Windows\SYSTEM32\textinputframework.dll
0x00007ffcf4ed0000 - 0x00007ffcf4fc2000 	C:\Windows\System32\CoreMessaging.dll
0x00007ffcf4b70000 - 0x00007ffcf4ece000 	C:\Windows\System32\CoreUIComponents.dll
0x00007ffcf6a20000 - 0x00007ffcf6a53000 	C:\Windows\SYSTEM32\ntmarta.dll
0x00007ffcf44a0000 - 0x00007ffcf45f4000 	C:\Windows\SYSTEM32\wintypes.dll
0x00007ffcf3ee0000 - 0x00007ffcf44a0000 	C:\Windows\SYSTEM32\d2d1.dll
0x00007ffcee100000 - 0x00007ffcee7f6000 	C:\Windows\SYSTEM32\D3D10Warp.dll
0x00007ffcf6d10000 - 0x00007ffcf6dda000 	C:\Windows\SYSTEM32\DNSAPI.dll
0x00007ffcf8740000 - 0x00007ffcf8748000 	C:\Windows\System32\NSI.dll
0x00007ffcef790000 - 0x00007ffcef79a000 	C:\Windows\System32\rasadhlp.dll

dbghelp: loaded successfully - version: 4.0.5 - missing functions: none
symbol engine: initialized successfully - sym options: 0x614 - pdb path: .;C:\Users\Alina\.jdks\openjdk-17.0.2\bin;C:\Windows\SYSTEM32;C:\Windows\WinSxS\amd64_microsoft.windows.common-controls_6595b64144ccf1df_6.0.19041.1110_none_60b5254171f9507e;C:\Users\Alina\.jdks\openjdk-17.0.2\bin\server;C:\Users\Alina\.openjfx\cache\16;C:\Windows\System32\DriverStore\FileRepository\u0361383.inf_amd64_cfccffda602342c4\B361368;C:\Program Files\Common Files\Microsoft Shared\Ink

VM Arguments:
jvm_args: -agentlib:jdwp=transport=dt_socket,address=127.0.0.1:51733,suspend=y,server=n -javaagent:C:\Users\Alina\AppData\Local\JetBrains\IdeaIC2021.2\captureAgent\debugger-agent.jar -Dfile.encoding=UTF-8 --module-path=C:\Users\Alina\Downloads\mysql-connector-j-8.0.31\mysql-connector-j-8.0.31\mysql-connector-j-8.0.31.jar;C:\Users\Alina\.m2\repository\org\openjfx\javafx-graphics\16\javafx-graphics-16-win.jar;C:\Users\Alina\.m2\repository\org\openjfx\javafx-fxml\16\javafx-fxml-16-win.jar;C:\Users\Alina\.m2\repository\org\openjfx\javafx-controls\16\javafx-controls-16-win.jar;C:\Users\Alina\.m2\repository\org\openjfx\javafx-base\16\javafx-base-16-win.jar;C:\Users\Alina\Documents\db_interface\target\classes -Djdk.module.main=com.example.db_interface 
java_command: com.example.db_interface/com.example.db_interface.HelloApplication
java_class_path (initial): C:\Users\Alina\.m2\repository\org\openjfx\javafx-controls\16\javafx-controls-16.jar;C:\Users\Alina\.m2\repository\org\openjfx\javafx-graphics\16\javafx-graphics-16.jar;C:\Users\Alina\.m2\repository\org\openjfx\javafx-base\16\javafx-base-16.jar;C:\Users\Alina\.m2\repository\org\openjfx\javafx-fxml\16\javafx-fxml-16.jar;C:\Program Files\JetBrains\IntelliJ IDEA Community Edition 2021.2.1\lib\idea_rt.jar
Launcher Type: SUN_STANDARD

[Global flags]
     intx CICompilerCount                          = 3                                         {product} {ergonomic}
     uint ConcGCThreads                            = 1                                         {product} {ergonomic}
     uint G1ConcRefinementThreads                  = 4                                         {product} {ergonomic}
   size_t G1HeapRegionSize                         = 1048576                                   {product} {ergonomic}
    uintx GCDrainStackTargetSize                   = 64                                        {product} {ergonomic}
   size_t InitialHeapSize                          = 98566144                                  {product} {ergonomic}
   size_t MarkStackSize                            = 4194304                                   {product} {ergonomic}
   size_t MaxHeapSize                              = 1574961152                                {product} {ergonomic}
   size_t MaxNewSize                               = 944766976                                 {product} {ergonomic}
   size_t MinHeapDeltaBytes                        = 1048576                                   {product} {ergonomic}
   size_t MinHeapSize                              = 8388608                                   {product} {ergonomic}
    uintx NonNMethodCodeHeapSize                   = 5832780                                {pd product} {ergonomic}
    uintx NonProfiledCodeHeapSize                  = 122912730                              {pd product} {ergonomic}
    uintx ProfiledCodeHeapSize                     = 122912730                              {pd product} {ergonomic}
    uintx ReservedCodeCacheSize                    = 251658240                              {pd product} {ergonomic}
     bool SegmentedCodeCache                       = true                                      {product} {ergonomic}
   size_t SoftMaxHeapSize                          = 1574961152                             {manageable} {ergonomic}
     bool UseCompressedClassPointers               = true                           {product lp64_product} {ergonomic}
     bool UseCompressedOops                        = true                           {product lp64_product} {ergonomic}
     bool UseG1GC                                  = true                                      {product} {ergonomic}
     bool UseLargePagesIndividualAllocation        = false                                  {pd product} {ergonomic}

Logging:
Log output configuration:
 #0: stdout all=off uptime,level,tags
 #1: stderr all=off uptime,level,tags

Environment Variables:
PATH=C:\Program Files (x86)\Common Files\Oracle\Java\javapath;C:\Users\Alina\AppData\Local\Programs\Python\Python310\Scripts;C:\Program Files\MySQL\MySQL Shell 8.0\bin\;C:\Users\Alina\AppData\Local\Programs\Python\Python37-32\Scripts\;C:\Users\Alina\AppData\Local\Programs\Python\Python37-32\;C:\Users\Alina\AppData\Local\Microsoft\WindowsApps;;C:\Users\Alina\.dotnet\tools
USERNAME=Alina
OS=Windows_NT
PROCESSOR_IDENTIFIER=AMD64 Family 23 Model 96 Stepping 1, AuthenticAMD



---------------  S Y S T E M  ---------------

OS:
 Windows 10 , 64 bit Build 19041 (10.0.19041.2251)
OS uptime: 11 days 23:09 hours
Hyper-V role detected

CPU: total 4 (initial active 4) (4 cores per cpu, 1 threads per core) family 23 model 96 stepping 1 microcode 0x0, cx8, cmov, fxsr, mmx, 3dnowpref, sse, sse2, sse3, ssse3, sse4a, sse4.1, sse4.2, popcnt, lzcnt, tsc, tscinvbit, avx, avx2, aes, clmul, bmi1, bmi2, adx, sha, fma, vzeroupper, clflush, clflushopt, hv

Memory: 4k page, system-wide physical 6007M (984M free)
TotalPageFile size 12593M (AvailPageFile size 2362M)
current process WorkingSet (physical memory assigned to process): 168M, peak: 211M
current process commit charge ("private bytes"): 236M, peak: 284M

vm_info: OpenJDK 64-Bit Server VM (17.0.2+8-86) for windows-amd64 JRE (17.0.2+8-86), built on Dec  7 2021 21:49:10 by "mach5one" with MS VC++ 16.8 / 16.9 (VS2019)

END.
