#
# A fatal error has been detected by the Java Runtime Environment:
#
#  EXCEPTION_ACCESS_VIOLATION (0xc0000005) at pc=0x00007ffcce416997, pid=15696, tid=14664
#
# JRE version: OpenJDK Runtime Environment (17.0.2+8) (build 17.0.2+8-86)
# Java VM: OpenJDK 64-Bit Server VM (17.0.2+8-86, mixed mode, sharing, tiered, compressed oops, compressed class ptrs, g1 gc, windows-amd64)
# Problematic frame:
# C  [glass.dll+0x26997]
#
# No core dump will be written. Minidumps are not enabled by default on client versions of Windows
#
# If you would like to submit a bug report, please visit:
#   https://bugreport.java.com/bugreport/crash.jsp
#

---------------  S U M M A R Y ------------

Command Line: -javaagent:C:\Program Files\JetBrains\IntelliJ IDEA Community Edition 2021.2.1\lib\idea_rt.jar=63876:C:\Program Files\JetBrains\IntelliJ IDEA Community Edition 2021.2.1\bin -Dfile.encoding=UTF-8 --module-path=C:\Users\Alina\Downloads\mysql-connector-j-8.0.31\mysql-connector-j-8.0.31\mysql-connector-j-8.0.31.jar;C:\Users\Alina\.m2\repository\org\openjfx\javafx-controls\16\javafx-controls-16-win.jar;C:\Users\Alina\.m2\repository\org\openjfx\javafx-fxml\16\javafx-fxml-16-win.jar;C:\Users\Alina\Documents\db_interface\target\classes;C:\Users\Alina\.m2\repository\org\openjfx\javafx-graphics\16\javafx-graphics-16-win.jar;C:\Users\Alina\.m2\repository\org\openjfx\javafx-base\16\javafx-base-16-win.jar -Djdk.module.main=com.example.db_interface com.example.db_interface/com.example.db_interface.HelloApplication

Host: AMD Ryzen 3 4300U with Radeon Graphics         , 4 cores, 5G,  Windows 10 , 64 bit Build 19041 (10.0.19041.2251)
Time: Sat Dec  3 20:34:01 2022 RTZ 2 (s 10 , 64 bit Build 19041 (10.0.19041.2251) elapsed time: 119.438067 seconds (0d 0h 1m 59s)

---------------  T H R E A D  ---------------

Current thread (0x0000024e0cb5c320):  VMThread "VM Thread" [stack: 0x000000eb44400000,0x000000eb44500000] [id=14664]

Stack: [0x000000eb44400000,0x000000eb44500000],  sp=0x000000eb444fee60,  free space=1019k
Native frames: (J=compiled Java code, j=interpreted, Vv=VM code, C=native code)
C  [glass.dll+0x26997]


siginfo: EXCEPTION_ACCESS_VIOLATION (0xc0000005), reading address 0x0000000000000000


Register to memory mapping:

RIP=0x00007ffcce416997 glass.dll
RAX=0x0 is NULL
RBX=0x0000024e28f01368 is a global jni handle
RCX=0x0000024e0cb5c320 points into unknown readable memory: 0x00007ffcbca7e880 | 80 e8 a7 bc fc 7f 00 00
RDX=0x000000eb444fee60 points into unknown readable memory: 0x0000000000000000 | 00 00 00 00 00 00 00 00
RSP=0x000000eb444fee60 points into unknown readable memory: 0x0000000000000000 | 00 00 00 00 00 00 00 00
RBP=0x0000024e2a3ed4c8 points into unknown readable memory: 0x00000048ec1ad0b9 | b9 d0 1a ec 48 00 00 00
RSI=0x0000024e2a3ed4a0 points into unknown readable memory: 0x980000b7158652c3 | c3 52 86 15 b7 00 00 98
RDI=0x00000048ec1ad0b9 is an unknown value
R8 =0x0000000000010002 is an unknown value
R9 =0x00000048ec1ad0b9 is an unknown value
R10=0x0000000000008000 is an unknown value
R11=0x000000eb444fedf0 points into unknown readable memory: 0x0000024e2a3ed4a0 | a0 d4 3e 2a 4e 02 00 00
R12=0x00007ffcce414234 glass.dll
R13=0x00007ffcbcc249d0 jvm.dll
R14=0x000000eb444fef58 points into unknown readable memory: 0x000000eb444fef40 | 40 ef 4f 44 eb 00 00 00
R15=0x0000024e2a3ed4a0 points into unknown readable memory: 0x980000b7158652c3 | c3 52 86 15 b7 00 00 98


Registers:
RAX=0x0000000000000000, RBX=0x0000024e28f01368, RCX=0x0000024e0cb5c320, RDX=0x000000eb444fee60
RSP=0x000000eb444fee60, RBP=0x0000024e2a3ed4c8, RSI=0x0000024e2a3ed4a0, RDI=0x00000048ec1ad0b9
R8 =0x0000000000010002, R9 =0x00000048ec1ad0b9, R10=0x0000000000008000, R11=0x000000eb444fedf0
R12=0x00007ffcce414234, R13=0x00007ffcbcc249d0, R14=0x000000eb444fef58, R15=0x0000024e2a3ed4a0
RIP=0x00007ffcce416997, EFLAGS=0x0000000000010202

Top of Stack: (sp=0x000000eb444fee60)
0x000000eb444fee60:   0000000000000000 0000024e2a3ed4a0
0x000000eb444fee70:   00007ffcbcc249d0 00007ffcce414234
0x000000eb444fee80:   0000024e2a3ed4a8 00007ffcf7b142d6
0x000000eb444fee90:   00000048ec1ad0b9 0000024e00000000
0x000000eb444feea0:   0000024e2a3ed4c8 0000024e2a3ed4a0
0x000000eb444feeb0:   fffffffffffffffe 0000000000000000
0x000000eb444feec0:   0000000000000001 00007ffcce3f0000
0x000000eb444feed0:   000000eb444fef48 00007ffcf7b141fb
0x000000eb444feee0:   0000000000000000 000000eb444fef58
0x000000eb444feef0:   000000eb444ff220 00007ffcf7bf0e40
0x000000eb444fef00:   0000000000000001 00007ffcf7b141b4
0x000000eb444fef10:   0000000000000000 0000000000000001
0x000000eb444fef20:   0000000000000000 000000eb444fef48
0x000000eb444fef30:   0000000000000001 00007ffcce4140c1
0x000000eb444fef40:   00007ffcce42a128 00007ffc00000002
0x000000eb444fef50:   0000000000000002 000000eb444fef40 

Instructions: (pc=0x00007ffcce416997)
0x00007ffcce416897:   8b 4d 58 e8 d1 ce ff ff 48 8b 4d 60 e8 c8 ce ff
0x00007ffcce4168a7:   ff 48 8b 95 80 00 00 00 48 8b 8d 18 01 00 00 e8
0x00007ffcce4168b7:   96 c3 ff ff 33 d2 33 c9 e8 12 e1 ff ff 90 48 89
0x00007ffcce4168c7:   54 24 10 55 48 83 ec 20 48 8b ea 48 b8 00 00 00
0x00007ffcce4168d7:   00 00 00 00 00 48 83 c4 20 5d c3 cc 40 55 48 8b
0x00007ffcce4168e7:   ea 48 8b 01 33 c9 81 38 05 00 00 c0 0f 94 c1 8b
0x00007ffcce4168f7:   c1 5d c3 cc 40 55 48 83 ec 20 48 8b ea 8a 4d 40
0x00007ffcce416907:   48 83 c4 20 5d e9 c7 d2 ff ff cc 40 55 48 83 ec
0x00007ffcce416917:   20 48 8b ea 8a 4d 20 e8 b5 d2 ff ff 90 48 83 c4
0x00007ffcce416927:   20 5d c3 cc 40 55 48 83 ec 20 48 8b ea 48 83 c4
0x00007ffcce416937:   20 5d e9 16 d1 ff ff cc 40 55 48 83 ec 30 48 8b
0x00007ffcce416947:   ea 48 8b 01 8b 10 48 89 4c 24 28 89 54 24 20 4c
0x00007ffcce416957:   8d 0d b7 d5 ff ff 4c 8b 45 70 8b 55 68 48 8b 4d
0x00007ffcce416967:   60 e8 57 d0 ff ff 90 48 83 c4 30 5d c3 cc cc cc
0x00007ffcce416977:   cc cc cc cc cc cc cc cc cc 40 53 48 83 ec 20 48
0x00007ffcce416987:   8b 1d 93 31 01 00 48 85 db 74 16 e8 29 8b ff ff
0x00007ffcce416997:   4c 8b 00 48 8b d3 48 8b c8 41 ff 90 b0 00 00 00
0x00007ffcce4169a7:   90 48 83 c4 20 5b c3 cc cc 40 53 48 83 ec 20 48
0x00007ffcce4169b7:   8b 1d 0b 33 01 00 48 85 db 74 57 b8 ff ff ff ff
0x00007ffcce4169c7:   f0 0f c1 43 10 83 f8 01 75 3d 48 85 db 74 38 48
0x00007ffcce4169d7:   8b 0b 48 85 c9 74 0d ff 15 c4 08 00 00 48 c7 03
0x00007ffcce4169e7:   00 00 00 00 48 8b 4b 08 48 85 c9 74 0d e8 77 cd
0x00007ffcce4169f7:   ff ff 48 c7 43 08 00 00 00 00 ba 18 00 00 00 48
0x00007ffcce416a07:   8b cb e8 62 cd ff ff 48 c7 05 af 32 01 00 00 00
0x00007ffcce416a17:   00 00 48 83 c4 20 5b c3 cc 40 53 48 83 ec 20 48
0x00007ffcce416a27:   8b 1d 7b 32 01 00 48 85 db 74 57 b8 ff ff ff ff
0x00007ffcce416a37:   f0 0f c1 43 10 83 f8 01 75 3d 48 85 db 74 38 48
0x00007ffcce416a47:   8b 0b 48 85 c9 74 0d ff 15 54 08 00 00 48 c7 03
0x00007ffcce416a57:   00 00 00 00 48 8b 4b 08 48 85 c9 74 0d e8 07 cd
0x00007ffcce416a67:   ff ff 48 c7 43 08 00 00 00 00 ba 18 00 00 00 48
0x00007ffcce416a77:   8b cb e8 f2 cc ff ff 48 c7 05 1f 32 01 00 00 00
0x00007ffcce416a87:   00 00 48 83 c4 20 5b c3 cc 40 53 48 83 ec 20 48 


Stack slot to memory mapping:
stack at sp + 0 slots: 0x0 is NULL
stack at sp + 1 slots: 0x0000024e2a3ed4a0 points into unknown readable memory: 0x980000b7158652c3 | c3 52 86 15 b7 00 00 98
stack at sp + 2 slots: 0x00007ffcbcc249d0 jvm.dll
stack at sp + 3 slots: 0x00007ffcce414234 glass.dll
stack at sp + 4 slots: 0x0000024e2a3ed4a8 points into unknown readable memory: 0x00000048ec1ad0b9 | b9 d0 1a ec 48 00 00 00
stack at sp + 5 slots: 0x00007ffcf7b142d6 ucrtbase.dll
stack at sp + 6 slots: 0x00000048ec1ad0b9 is an unknown value
stack at sp + 7 slots: 0x0000024e00000000 is an unknown value

VM_Operation (0x000000eb43bff2d0): Exit, mode: safepoint, requested by thread 0x0000024e2a418310


---------------  P R O C E S S  ---------------

Threads class SMR info:
_java_thread_list=0x0000024e2fdca280, length=22, elements={
0x0000024e0ca8ba70, 0x0000024e0cb65330, 0x0000024e0cb661a0, 0x0000024e28f0c640,
0x0000024e28f0f100, 0x0000024e28f10ac0, 0x0000024e28f11470, 0x0000024e28f12200,
0x0000024e28f2ff20, 0x0000024e28f8ac90, 0x0000024e0cb4cbd0, 0x0000024e29e11f10,
0x0000024e2a048900, 0x0000024e2a3b8410, 0x0000024e2a416160, 0x0000024e2a419650,
0x0000024e2a419180, 0x0000024e2a419b20, 0x0000024e2a416630, 0x0000024e2a416b00,
0x0000024e2a418cb0, 0x0000024e2a418310
}

Java Threads: ( => current thread )
  0x0000024e0ca8ba70 JavaThread "main" [_thread_blocked, id=13572, stack(0x000000eb43e00000,0x000000eb43f00000)]
  0x0000024e0cb65330 JavaThread "Reference Handler" daemon [_thread_blocked, id=8532, stack(0x000000eb44500000,0x000000eb44600000)]
  0x0000024e0cb661a0 JavaThread "Finalizer" daemon [_thread_blocked, id=15736, stack(0x000000eb44600000,0x000000eb44700000)]
  0x0000024e28f0c640 JavaThread "Signal Dispatcher" daemon [_thread_blocked, id=15272, stack(0x000000eb44700000,0x000000eb44800000)]
  0x0000024e28f0f100 JavaThread "Attach Listener" daemon [_thread_blocked, id=16276, stack(0x000000eb44800000,0x000000eb44900000)]
  0x0000024e28f10ac0 JavaThread "Service Thread" daemon [_thread_blocked, id=10036, stack(0x000000eb44900000,0x000000eb44a00000)]
  0x0000024e28f11470 JavaThread "Monitor Deflation Thread" daemon [_thread_blocked, id=11936, stack(0x000000eb44a00000,0x000000eb44b00000)]
  0x0000024e28f12200 JavaThread "C2 CompilerThread0" daemon [_thread_blocked, id=5392, stack(0x000000eb44b00000,0x000000eb44c00000)]
  0x0000024e28f2ff20 JavaThread "C1 CompilerThread0" daemon [_thread_blocked, id=11128, stack(0x000000eb44c00000,0x000000eb44d00000)]
  0x0000024e28f8ac90 JavaThread "Sweeper thread" daemon [_thread_blocked, id=15284, stack(0x000000eb44d00000,0x000000eb44e00000)]
  0x0000024e0cb4cbd0 JavaThread "Common-Cleaner" daemon [_thread_blocked, id=15384, stack(0x000000eb44e00000,0x000000eb44f00000)]
  0x0000024e29e11f10 JavaThread "Monitor Ctrl-Break" daemon [_thread_in_native, id=5252, stack(0x000000eb45000000,0x000000eb45100000)]
  0x0000024e2a048900 JavaThread "Notification Thread" daemon [_thread_blocked, id=12660, stack(0x000000eb45100000,0x000000eb45200000)]
  0x0000024e2a3b8410 JavaThread "QuantumRenderer-0" daemon [_thread_blocked, id=13972, stack(0x000000eb45600000,0x000000eb45700000)]
  0x0000024e2a416160 JavaThread "InvokeLaterDispatcher" daemon [_thread_blocked, id=8972, stack(0x000000eb45900000,0x000000eb45a00000)]
  0x0000024e2a419650 JavaThread "JavaFX Application Thread" [_thread_in_native, id=15584, stack(0x000000eb45a00000,0x000000eb45b00000)]
  0x0000024e2a419180 JavaThread "Thread-1" daemon [_thread_in_native, id=7964, stack(0x000000eb46100000,0x000000eb46200000)]
  0x0000024e2a419b20 JavaThread "JavaFX-Launcher" [_thread_blocked, id=9268, stack(0x000000eb46200000,0x000000eb46300000)]
  0x0000024e2a416630 JavaThread "Prism Font Disposer" daemon [_thread_blocked, id=14632, stack(0x000000eb46300000,0x000000eb46400000)]
  0x0000024e2a416b00 JavaThread "Cleaner-0" daemon [_thread_blocked, id=7592, stack(0x000000eb46600000,0x000000eb46700000)]
  0x0000024e2a418cb0 JavaThread "mysql-cj-abandoned-connection-cleanup" daemon [_thread_blocked, id=13156, stack(0x000000eb46900000,0x000000eb46a00000)]
  0x0000024e2a418310 JavaThread "SIGINT handler" daemon [_thread_blocked, id=8188, stack(0x000000eb43b00000,0x000000eb43c00000)]

Other Threads:
=>0x0000024e0cb5c320 VMThread "VM Thread" [stack: 0x000000eb44400000,0x000000eb44500000] [id=14664]
  0x0000024e0cac1d60 GCTaskThread "GC Thread#0" [stack: 0x000000eb43f00000,0x000000eb44000000] [id=16352]
  0x0000024e2a227700 GCTaskThread "GC Thread#1" [stack: 0x000000eb45300000,0x000000eb45400000] [id=8264]
  0x0000024e2a3a7170 GCTaskThread "GC Thread#2" [stack: 0x000000eb45400000,0x000000eb45500000] [id=12244]
  0x0000024e2a3a7420 GCTaskThread "GC Thread#3" [stack: 0x000000eb45500000,0x000000eb45600000] [id=9208]
  0x0000024e0cace860 ConcurrentGCThread "G1 Main Marker" terminated
  0x0000024e0cacf270 ConcurrentGCThread "G1 Conc#0" [stack: 0x000000eb44100000,0x000000eb44200000] [id=13484]
  0x0000024e0cb36500 ConcurrentGCThread "G1 Refine#0" terminated
  0x0000024e0cb36f20 ConcurrentGCThread "G1 Service" terminated

Threads with active compile tasks:

VM state: at safepoint (shutting down)

VM Mutex/Monitor currently owned by a thread:  ([mutex/lock_event])
[0x0000024e0ca86a10] Threads_lock - owner thread: 0x0000024e0cb5c320
[0x0000024e0ca87670] Heap_lock - owner thread: 0x0000024e2a418310

Heap address: 0x00000000a2200000, size: 1502 MB, Compressed Oops mode: 32-bit

CDS archive(s) mapped at: [0x0000000800000000-0x0000000800bc0000-0x0000000800bc0000), size 12320768, SharedBaseAddress: 0x0000000800000000, ArchiveRelocationMode: 0.
Compressed class space mapped at: 0x0000000800c00000-0x0000000840c00000, reserved size: 1073741824
Narrow klass base: 0x0000000800000000, Narrow klass shift: 0, Narrow klass range: 0x100000000

GC Precious Log:
 CPUs: 4 total, 4 available
 Memory: 6007M
 Large Page Support: Disabled
 NUMA Support: Disabled
 Compressed Oops: Enabled (32-bit)
 Heap Region Size: 1M
 Heap Min Capacity: 8M
 Heap Initial Capacity: 94M
 Heap Max Capacity: 1502M
 Pre-touch: Disabled
 Parallel Workers: 4
 Concurrent Workers: 1
 Concurrent Refinement Workers: 4
 Periodic GC: Disabled

Heap:
 garbage-first heap   total 75776K, used 44117K [0x00000000a2200000, 0x0000000100000000)
  region size 1024K, 31 young (31744K), 7 survivors (7168K)
 Metaspace       used 25757K, committed 25984K, reserved 1073152K
  class space    used 3454K, committed 3584K, reserved 1048576K

Heap Regions: E=young(eden), S=young(survivor), O=old, HS=humongous(starts), HC=humongous(continues), CS=collection set, F=free, OA=open archive, CA=closed archive, TAMS=top-at-mark-start (previous, next)
|   0|0x00000000a2200000, 0x00000000a2300000, 0x00000000a2300000|100%|HS|  |TAMS 0x00000000a2300000, 0x00000000a2200000| Complete 
|   1|0x00000000a2300000, 0x00000000a2400000, 0x00000000a2400000|100%|HC|  |TAMS 0x00000000a2400000, 0x00000000a2300000| Complete 
|   2|0x00000000a2400000, 0x00000000a2500000, 0x00000000a2500000|100%| O|  |TAMS 0x00000000a2500000, 0x00000000a2400000| Untracked 
|   3|0x00000000a2500000, 0x00000000a2600000, 0x00000000a2600000|100%| O|  |TAMS 0x00000000a25aba00, 0x00000000a2500000| Untracked 
|   4|0x00000000a2600000, 0x00000000a2700000, 0x00000000a2700000|100%|HS|  |TAMS 0x00000000a2700000, 0x00000000a2600000| Complete 
|   5|0x00000000a2700000, 0x00000000a2800000, 0x00000000a2800000|100%|HC|  |TAMS 0x00000000a2800000, 0x00000000a2700000| Complete 
|   6|0x00000000a2800000, 0x00000000a2900000, 0x00000000a2900000|100%|HS|  |TAMS 0x00000000a2900000, 0x00000000a2800000| Complete 
|   7|0x00000000a2900000, 0x00000000a2a00000, 0x00000000a2a00000|100%|HC|  |TAMS 0x00000000a2a00000, 0x00000000a2900000| Complete 
|   8|0x00000000a2a00000, 0x00000000a2b00000, 0x00000000a2b00000|100%|HS|  |TAMS 0x00000000a2b00000, 0x00000000a2a00000| Complete 
|   9|0x00000000a2b00000, 0x00000000a2c00000, 0x00000000a2c00000|100%|HC|  |TAMS 0x00000000a2c00000, 0x00000000a2b00000| Complete 
|  10|0x00000000a2c00000, 0x00000000a2d00000, 0x00000000a2d00000|100%|HS|  |TAMS 0x00000000a2d00000, 0x00000000a2c00000| Complete 
|  11|0x00000000a2d00000, 0x00000000a2e00000, 0x00000000a2e00000|100%|HC|  |TAMS 0x00000000a2e00000, 0x00000000a2d00000| Complete 
|  12|0x00000000a2e00000, 0x00000000a2f00000, 0x00000000a2f00000|100%| O|  |TAMS 0x00000000a2e00000, 0x00000000a2e00000| Untracked 
|  13|0x00000000a2f00000, 0x00000000a2f15400, 0x00000000a3000000|  8%| O|  |TAMS 0x00000000a2f00000, 0x00000000a2f00000| Complete 
|  14|0x00000000a3000000, 0x00000000a3000000, 0x00000000a3100000|  0%| F|  |TAMS 0x00000000a3000000, 0x00000000a3000000| Untracked 
|  15|0x00000000a3100000, 0x00000000a3100000, 0x00000000a3200000|  0%| F|  |TAMS 0x00000000a3100000, 0x00000000a3100000| Untracked 
|  16|0x00000000a3200000, 0x00000000a3200000, 0x00000000a3300000|  0%| F|  |TAMS 0x00000000a3200000, 0x00000000a3200000| Untracked 
|  17|0x00000000a3300000, 0x00000000a3300000, 0x00000000a3400000|  0%| F|  |TAMS 0x00000000a3300000, 0x00000000a3300000| Untracked 
|  18|0x00000000a3400000, 0x00000000a3400000, 0x00000000a3500000|  0%| F|  |TAMS 0x00000000a3400000, 0x00000000a3400000| Untracked 
|  19|0x00000000a3500000, 0x00000000a3500000, 0x00000000a3600000|  0%| F|  |TAMS 0x00000000a3500000, 0x00000000a3500000| Untracked 
|  20|0x00000000a3600000, 0x00000000a3600000, 0x00000000a3700000|  0%| F|  |TAMS 0x00000000a3600000, 0x00000000a3600000| Untracked 
|  21|0x00000000a3700000, 0x00000000a3700000, 0x00000000a3800000|  0%| F|  |TAMS 0x00000000a3700000, 0x00000000a3700000| Untracked 
|  22|0x00000000a3800000, 0x00000000a3800000, 0x00000000a3900000|  0%| F|  |TAMS 0x00000000a3800000, 0x00000000a3800000| Untracked 
|  23|0x00000000a3900000, 0x00000000a3900000, 0x00000000a3a00000|  0%| F|  |TAMS 0x00000000a3900000, 0x00000000a3900000| Untracked 
|  24|0x00000000a3a00000, 0x00000000a3a00000, 0x00000000a3b00000|  0%| F|  |TAMS 0x00000000a3a00000, 0x00000000a3a00000| Untracked 
|  25|0x00000000a3b00000, 0x00000000a3b00000, 0x00000000a3c00000|  0%| F|  |TAMS 0x00000000a3b00000, 0x00000000a3b00000| Untracked 
|  26|0x00000000a3c00000, 0x00000000a3c00000, 0x00000000a3d00000|  0%| F|  |TAMS 0x00000000a3c00000, 0x00000000a3c00000| Untracked 
|  27|0x00000000a3d00000, 0x00000000a3d00000, 0x00000000a3e00000|  0%| F|  |TAMS 0x00000000a3d00000, 0x00000000a3d00000| Untracked 
|  28|0x00000000a3e00000, 0x00000000a3e00000, 0x00000000a3f00000|  0%| F|  |TAMS 0x00000000a3e00000, 0x00000000a3e00000| Untracked 
|  29|0x00000000a3f00000, 0x00000000a3f00000, 0x00000000a4000000|  0%| F|  |TAMS 0x00000000a3f00000, 0x00000000a3f00000| Untracked 
|  30|0x00000000a4000000, 0x00000000a4000000, 0x00000000a4100000|  0%| F|  |TAMS 0x00000000a4000000, 0x00000000a4000000| Untracked 
|  31|0x00000000a4100000, 0x00000000a4100000, 0x00000000a4200000|  0%| F|  |TAMS 0x00000000a4100000, 0x00000000a4100000| Untracked 
|  32|0x00000000a4200000, 0x00000000a4200000, 0x00000000a4300000|  0%| F|  |TAMS 0x00000000a4200000, 0x00000000a4200000| Untracked 
|  33|0x00000000a4300000, 0x00000000a4300000, 0x00000000a4400000|  0%| F|  |TAMS 0x00000000a4300000, 0x00000000a4300000| Untracked 
|  34|0x00000000a4400000, 0x00000000a4400000, 0x00000000a4500000|  0%| F|  |TAMS 0x00000000a4400000, 0x00000000a4400000| Untracked 
|  35|0x00000000a4500000, 0x00000000a4500000, 0x00000000a4600000|  0%| F|  |TAMS 0x00000000a4500000, 0x00000000a4500000| Untracked 
|  36|0x00000000a4600000, 0x00000000a4600000, 0x00000000a4700000|  0%| F|  |TAMS 0x00000000a4600000, 0x00000000a4600000| Untracked 
|  37|0x00000000a4700000, 0x00000000a4700000, 0x00000000a4800000|  0%| F|  |TAMS 0x00000000a4700000, 0x00000000a4700000| Untracked 
|  38|0x00000000a4800000, 0x00000000a4800000, 0x00000000a4900000|  0%| F|  |TAMS 0x00000000a4800000, 0x00000000a4800000| Untracked 
|  39|0x00000000a4900000, 0x00000000a4900000, 0x00000000a4a00000|  0%| F|  |TAMS 0x00000000a4900000, 0x00000000a4900000| Untracked 
|  40|0x00000000a4a00000, 0x00000000a4a00000, 0x00000000a4b00000|  0%| F|  |TAMS 0x00000000a4a00000, 0x00000000a4a00000| Untracked 
|  41|0x00000000a4b00000, 0x00000000a4c00000, 0x00000000a4c00000|100%| S|CS|TAMS 0x00000000a4b00000, 0x00000000a4b00000| Complete 
|  42|0x00000000a4c00000, 0x00000000a4d00000, 0x00000000a4d00000|100%| S|CS|TAMS 0x00000000a4c00000, 0x00000000a4c00000| Complete 
|  43|0x00000000a4d00000, 0x00000000a4e00000, 0x00000000a4e00000|100%| S|CS|TAMS 0x00000000a4d00000, 0x00000000a4d00000| Complete 
|  44|0x00000000a4e00000, 0x00000000a4f00000, 0x00000000a4f00000|100%| S|CS|TAMS 0x00000000a4e00000, 0x00000000a4e00000| Complete 
|  45|0x00000000a4f00000, 0x00000000a5000000, 0x00000000a5000000|100%| S|CS|TAMS 0x00000000a4f00000, 0x00000000a4f00000| Complete 
|  46|0x00000000a5000000, 0x00000000a5100000, 0x00000000a5100000|100%| S|CS|TAMS 0x00000000a5000000, 0x00000000a5000000| Complete 
|  47|0x00000000a5100000, 0x00000000a5200000, 0x00000000a5200000|100%| S|CS|TAMS 0x00000000a5100000, 0x00000000a5100000| Complete 
|  48|0x00000000a5200000, 0x00000000a5200000, 0x00000000a5300000|  0%| F|  |TAMS 0x00000000a5200000, 0x00000000a5200000| Untracked 
|  49|0x00000000a5300000, 0x00000000a5300000, 0x00000000a5400000|  0%| F|  |TAMS 0x00000000a5300000, 0x00000000a5300000| Untracked 
|  50|0x00000000a5400000, 0x00000000a543faa0, 0x00000000a5500000| 24%| E|  |TAMS 0x00000000a5400000, 0x00000000a5400000| Complete 
|  51|0x00000000a5500000, 0x00000000a5600000, 0x00000000a5600000|100%| E|CS|TAMS 0x00000000a5500000, 0x00000000a5500000| Complete 
|  52|0x00000000a5600000, 0x00000000a5700000, 0x00000000a5700000|100%| E|CS|TAMS 0x00000000a5600000, 0x00000000a5600000| Complete 
|  53|0x00000000a5700000, 0x00000000a5800000, 0x00000000a5800000|100%| E|CS|TAMS 0x00000000a5700000, 0x00000000a5700000| Complete 
|  54|0x00000000a5800000, 0x00000000a5900000, 0x00000000a5900000|100%| E|CS|TAMS 0x00000000a5800000, 0x00000000a5800000| Complete 
|  55|0x00000000a5900000, 0x00000000a5a00000, 0x00000000a5a00000|100%| E|CS|TAMS 0x00000000a5900000, 0x00000000a5900000| Complete 
|  56|0x00000000a5a00000, 0x00000000a5b00000, 0x00000000a5b00000|100%| E|CS|TAMS 0x00000000a5a00000, 0x00000000a5a00000| Complete 
|  57|0x00000000a5b00000, 0x00000000a5c00000, 0x00000000a5c00000|100%| E|CS|TAMS 0x00000000a5b00000, 0x00000000a5b00000| Complete 
|  58|0x00000000a5c00000, 0x00000000a5d00000, 0x00000000a5d00000|100%| E|CS|TAMS 0x00000000a5c00000, 0x00000000a5c00000| Complete 
|  59|0x00000000a5d00000, 0x00000000a5e00000, 0x00000000a5e00000|100%| E|CS|TAMS 0x00000000a5d00000, 0x00000000a5d00000| Complete 
|  60|0x00000000a5e00000, 0x00000000a5f00000, 0x00000000a5f00000|100%| E|CS|TAMS 0x00000000a5e00000, 0x00000000a5e00000| Complete 
|  61|0x00000000a5f00000, 0x00000000a6000000, 0x00000000a6000000|100%| E|CS|TAMS 0x00000000a5f00000, 0x00000000a5f00000| Complete 
|  62|0x00000000a6000000, 0x00000000a6100000, 0x00000000a6100000|100%| E|CS|TAMS 0x00000000a6000000, 0x00000000a6000000| Complete 
|  63|0x00000000a6100000, 0x00000000a6200000, 0x00000000a6200000|100%| E|CS|TAMS 0x00000000a6100000, 0x00000000a6100000| Complete 
|  64|0x00000000a6200000, 0x00000000a6300000, 0x00000000a6300000|100%| E|CS|TAMS 0x00000000a6200000, 0x00000000a6200000| Complete 
|  65|0x00000000a6300000, 0x00000000a6400000, 0x00000000a6400000|100%| E|CS|TAMS 0x00000000a6300000, 0x00000000a6300000| Complete 
|  66|0x00000000a6400000, 0x00000000a6500000, 0x00000000a6500000|100%| E|CS|TAMS 0x00000000a6400000, 0x00000000a6400000| Complete 
|  67|0x00000000a6500000, 0x00000000a6600000, 0x00000000a6600000|100%| E|CS|TAMS 0x00000000a6500000, 0x00000000a6500000| Complete 
|  68|0x00000000a6600000, 0x00000000a6700000, 0x00000000a6700000|100%| E|CS|TAMS 0x00000000a6600000, 0x00000000a6600000| Complete 
|  69|0x00000000a6700000, 0x00000000a6800000, 0x00000000a6800000|100%| E|CS|TAMS 0x00000000a6700000, 0x00000000a6700000| Complete 
|  70|0x00000000a6800000, 0x00000000a6900000, 0x00000000a6900000|100%| E|CS|TAMS 0x00000000a6800000, 0x00000000a6800000| Complete 
|  71|0x00000000a6900000, 0x00000000a6a00000, 0x00000000a6a00000|100%| E|CS|TAMS 0x00000000a6900000, 0x00000000a6900000| Complete 
|  72|0x00000000a6a00000, 0x00000000a6b00000, 0x00000000a6b00000|100%| E|CS|TAMS 0x00000000a6a00000, 0x00000000a6a00000| Complete 
|  93|0x00000000a7f00000, 0x00000000a8000000, 0x00000000a8000000|100%| E|CS|TAMS 0x00000000a7f00000, 0x00000000a7f00000| Complete 

Card table byte_map: [0x0000024e235d0000,0x0000024e238c0000] _byte_map_base: 0x0000024e230bf000

Marking Bits (Prev, Next): (CMBitMap*) 0x0000024e0cac23b0, (CMBitMap*) 0x0000024e0cac2370
 Prev Bits: [0x0000024e25330000, 0x0000024e26aa8000)
 Next Bits: [0x0000024e23bb0000, 0x0000024e25328000)

Polling page: 0x0000024e0c270000

Metaspace:

Usage:
  Non-class:     21.78 MB used.
      Class:      3.37 MB used.
       Both:     25.15 MB used.

Virtual space:
  Non-class space:       24.00 MB reserved,      21.88 MB ( 91%) committed,  3 nodes.
      Class space:        1.00 GB reserved,       3.50 MB ( <1%) committed,  1 nodes.
             Both:        1.02 GB reserved,      25.38 MB (  2%) committed. 

Chunk freelists:
   Non-Class:  2.02 MB
       Class:  321.00 KB
        Both:  2.33 MB

MaxMetaspaceSize: unlimited
CompressedClassSpaceSize: 1.00 GB
Initial GC threshold: 21.00 MB
Current GC threshold: 35.12 MB
CDS: on
MetaspaceReclaimPolicy: balanced
 - commit_granule_bytes: 65536.
 - commit_granule_words: 8192.
 - virtual_space_node_default_size: 1048576.
 - enlarge_chunks_in_place: 1.
 - new_chunks_are_fully_committed: 0.
 - uncommit_free_chunks: 1.
 - use_allocation_guard: 0.
 - handle_deallocations: 1.


Internal statistics:

num_allocs_failed_limit: 3.
num_arena_births: 234.
num_arena_deaths: 0.
num_vsnodes_births: 4.
num_vsnodes_deaths: 0.
num_space_committed: 406.
num_space_uncommitted: 0.
num_chunks_returned_to_freelist: 3.
num_chunks_taken_from_freelist: 969.
num_chunk_merges: 0.
num_chunk_splits: 672.
num_chunks_enlarged: 527.
num_purges: 0.
num_inconsistent_stats: 0.

CodeHeap 'non-profiled nmethods': size=120000Kb used=1691Kb max_used=1691Kb free=118308Kb
 bounds [0x0000024e1bdb0000, 0x0000024e1c020000, 0x0000024e232e0000]
CodeHeap 'profiled nmethods': size=120000Kb used=8711Kb max_used=8711Kb free=111288Kb
 bounds [0x0000024e14880000, 0x0000024e15110000, 0x0000024e1bdb0000]
CodeHeap 'non-nmethods': size=5760Kb used=1515Kb max_used=1555Kb free=4244Kb
 bounds [0x0000024e142e0000, 0x0000024e14550000, 0x0000024e14880000]
 total_blobs=5134 nmethods=4248 adapters=796
 compilation: enabled
              stopped_count=0, restarted_count=0
 full_count=0

Compilation events (20 events):
Event: 16.800 Thread 0x0000024e28f2ff20 4240       3       java.lang.invoke.LambdaFormEditor$TransformKey::packedBytes (75 bytes)
Event: 16.801 Thread 0x0000024e28f2ff20 nmethod 4240 0x0000024e150f9790 code [0x0000024e150f9960, 0x0000024e150f9cd8]
Event: 16.801 Thread 0x0000024e28f2ff20 4241       3       com.sun.prism.d3d.D3DShader::enable (44 bytes)
Event: 16.801 Thread 0x0000024e28f2ff20 nmethod 4241 0x0000024e150f9e90 code [0x0000024e150fa040, 0x0000024e150fa398]
Event: 16.801 Thread 0x0000024e28f2ff20 4242       3       com.sun.prism.d3d.D3DContext::updateRenderTarget (353 bytes)
Event: 16.803 Thread 0x0000024e28f2ff20 nmethod 4242 0x0000024e150fa510 code [0x0000024e150fa940, 0x0000024e150fcc18]
Event: 16.803 Thread 0x0000024e28f2ff20 4244       3       com.sun.javafx.geom.transform.Identity::transform (24 bytes)
Event: 16.803 Thread 0x0000024e28f2ff20 nmethod 4244 0x0000024e150fdb10 code [0x0000024e150fdcc0, 0x0000024e150fdf08]
Event: 16.803 Thread 0x0000024e28f2ff20 4243       3       jdk.internal.misc.Unsafe::checkSize (32 bytes)
Event: 16.803 Thread 0x0000024e28f2ff20 nmethod 4243 0x0000024e150fe010 code [0x0000024e150fe1c0, 0x0000024e150fe448]
Event: 17.509 Thread 0x0000024e28f2ff20 4245       3       javafx.scene.Node::sceneToLocal (17 bytes)
Event: 17.510 Thread 0x0000024e28f2ff20 nmethod 4245 0x0000024e150fe590 code [0x0000024e150fe740, 0x0000024e150fe968]
Event: 17.510 Thread 0x0000024e28f2ff20 4246       3       com.sun.javafx.scene.EnteredExitedHandler::dispatchBubblingEvent (204 bytes)
Event: 17.511 Thread 0x0000024e28f2ff20 nmethod 4246 0x0000024e150fea90 code [0x0000024e150feea0, 0x0000024e151014b8]
Event: 86.107 Thread 0x0000024e28f12200 4247       4       com.sun.javafx.tk.quantum.QuantumToolkit::postPulse (133 bytes)
Event: 86.115 Thread 0x0000024e28f12200 nmethod 4247 0x0000024e1bf55a90 code [0x0000024e1bf55c60, 0x0000024e1bf55f08]
Event: 86.875 Thread 0x0000024e28f12200 4248       4       com.sun.javafx.tk.quantum.QuantumToolkit$$Lambda$105/0x0000000800c38678::run (8 bytes)
Event: 86.883 Thread 0x0000024e28f12200 nmethod 4248 0x0000024e1bf56290 code [0x0000024e1bf56460, 0x0000024e1bf56750]
Event: 119.084 Thread 0x0000024e28f2ff20 4249       1       java.util.logging.LogManager$LoggerContext::getOwner (5 bytes)
Event: 119.084 Thread 0x0000024e28f2ff20 nmethod 4249 0x0000024e1bf56b90 code [0x0000024e1bf56d20, 0x0000024e1bf56df8]

GC Heap History (6 events):
Event: 0.649 GC heap before
{Heap before GC invocations=0 (full 0):
 garbage-first heap   total 96256K, used 12288K [0x00000000a2200000, 0x0000000100000000)
  region size 1024K, 13 young (13312K), 0 survivors (0K)
 Metaspace       used 2555K, committed 2688K, reserved 1056768K
  class space    used 271K, committed 320K, reserved 1048576K
}
Event: 0.653 GC heap after
{Heap after GC invocations=1 (full 0):
 garbage-first heap   total 96256K, used 1800K [0x00000000a2200000, 0x0000000100000000)
  region size 1024K, 2 young (2048K), 2 survivors (2048K)
 Metaspace       used 2555K, committed 2688K, reserved 1056768K
  class space    used 271K, committed 320K, reserved 1048576K
}
Event: 1.208 GC heap before
{Heap before GC invocations=1 (full 0):
 garbage-first heap   total 96256K, used 20232K [0x00000000a2200000, 0x0000000100000000)
  region size 1024K, 19 young (19456K), 2 survivors (2048K)
 Metaspace       used 8159K, committed 8320K, reserved 1056768K
  class space    used 1029K, committed 1088K, reserved 1048576K
}
Event: 1.212 GC heap after
{Heap after GC invocations=2 (full 0):
 garbage-first heap   total 96256K, used 6648K [0x00000000a2200000, 0x0000000100000000)
  region size 1024K, 3 young (3072K), 3 survivors (3072K)
 Metaspace       used 8159K, committed 8320K, reserved 1056768K
  class space    used 1029K, committed 1088K, reserved 1048576K
}
Event: 15.985 GC heap before
{Heap before GC invocations=2 (full 0):
 garbage-first heap   total 96256K, used 57848K [0x00000000a2200000, 0x0000000100000000)
  region size 1024K, 46 young (47104K), 3 survivors (3072K)
 Metaspace       used 21334K, committed 21504K, reserved 1073152K
  class space    used 2851K, committed 2944K, reserved 1048576K
}
Event: 15.995 GC heap after
{Heap after GC invocations=3 (full 0):
 garbage-first heap   total 96256K, used 20565K [0x00000000a2200000, 0x0000000100000000)
  region size 1024K, 7 young (7168K), 7 survivors (7168K)
 Metaspace       used 21334K, committed 21504K, reserved 1073152K
  class space    used 2851K, committed 2944K, reserved 1048576K
}

Deoptimization events (20 events):
Event: 16.687 Thread 0x0000024e2a419650 DEOPT PACKING pc=0x0000024e1bf3e2d8 sp=0x000000eb45af8d60
Event: 16.687 Thread 0x0000024e2a419650 DEOPT UNPACKING pc=0x0000024e143323a3 sp=0x000000eb45af8d08 mode 2
Event: 16.688 Thread 0x0000024e2a419650 Uncommon trap: trap_request=0xffffffd6 fr.pc=0x0000024e1bf3e2d8 relative=0x0000000000000218
Event: 16.688 Thread 0x0000024e2a419650 Uncommon trap: reason=array_check action=maybe_recompile pc=0x0000024e1bf3e2d8 method=javafx.css.SimpleSelector.applies(Ljavafx/css/Styleable;[Ljava/util/Set;I)Z @ 37 c2
Event: 16.688 Thread 0x0000024e2a419650 DEOPT PACKING pc=0x0000024e1bf3e2d8 sp=0x000000eb45af9280
Event: 16.688 Thread 0x0000024e2a419650 DEOPT UNPACKING pc=0x0000024e143323a3 sp=0x000000eb45af9228 mode 2
Event: 16.688 Thread 0x0000024e2a419650 Uncommon trap: trap_request=0xffffffd6 fr.pc=0x0000024e1bf3e2d8 relative=0x0000000000000218
Event: 16.688 Thread 0x0000024e2a419650 Uncommon trap: reason=array_check action=maybe_recompile pc=0x0000024e1bf3e2d8 method=javafx.css.SimpleSelector.applies(Ljavafx/css/Styleable;[Ljava/util/Set;I)Z @ 37 c2
Event: 16.688 Thread 0x0000024e2a419650 DEOPT PACKING pc=0x0000024e1bf3e2d8 sp=0x000000eb45af9530
Event: 16.688 Thread 0x0000024e2a419650 DEOPT UNPACKING pc=0x0000024e143323a3 sp=0x000000eb45af94d8 mode 2
Event: 16.793 Thread 0x0000024e2a3b8410 Uncommon trap: trap_request=0xffffff45 fr.pc=0x0000024e1beb700c relative=0x0000000000001e6c
Event: 16.793 Thread 0x0000024e2a3b8410 Uncommon trap: reason=unstable_if action=reinterpret pc=0x0000024e1beb700c method=com.sun.marlin.DRenderer._endRendering(IILcom/sun/marlin/MarlinAlphaConsumer;)V @ 2015 c2
Event: 16.793 Thread 0x0000024e2a3b8410 DEOPT PACKING pc=0x0000024e1beb700c sp=0x000000eb456fd0c0
Event: 16.793 Thread 0x0000024e2a3b8410 DEOPT UNPACKING pc=0x0000024e143323a3 sp=0x000000eb456fcf28 mode 2
Event: 16.793 Thread 0x0000024e2a3b8410 Uncommon trap: trap_request=0xffffff45 fr.pc=0x0000024e1beaec84 relative=0x00000000000028a4
Event: 16.793 Thread 0x0000024e2a3b8410 Uncommon trap: reason=unstable_if action=reinterpret pc=0x0000024e1beaec84 method=com.sun.marlin.DRenderer._endRendering(IILcom/sun/marlin/MarlinAlphaConsumer;)V @ 2015 c2
Event: 16.793 Thread 0x0000024e2a3b8410 DEOPT PACKING pc=0x0000024e1beaec84 sp=0x000000eb456fcff0
Event: 16.793 Thread 0x0000024e2a3b8410 DEOPT UNPACKING pc=0x0000024e143323a3 sp=0x000000eb456fcf38 mode 2
Event: 16.800 Thread 0x0000024e2a3b8410 DEOPT PACKING pc=0x0000024e150f4eda sp=0x000000eb456fcf60
Event: 16.800 Thread 0x0000024e2a3b8410 DEOPT UNPACKING pc=0x0000024e14332b43 sp=0x000000eb456fc398 mode 0

Classes unloaded (0 events):
No events

Classes redefined (0 events):
No events

Internal exceptions (20 events):
Event: 1.868 Thread 0x0000024e2a419650 Exception <a 'java/lang/IncompatibleClassChangeError'{0x00000000a675af60}: Found class java.lang.Object, but interface was expected> (0x00000000a675af60) 
thrown [t:\workspace\open\src\hotspot\share\interpreter\linkResolver.cpp, line 833]
Event: 1.958 Thread 0x0000024e2a419650 Exception <a 'java/lang/NoSuchMethodError'{0x00000000a652a270}: 'java.lang.Object java.lang.invoke.DirectMethodHandle$Holder.newInvokeSpecial(java.lang.Object, java.lang.Object, int)'> (0x00000000a652a270) 
thrown [t:\workspace\open\src\hotspot\share\interpreter\linkResolver.cpp, line 766]
Event: 1.989 Thread 0x0000024e2a3b8410 Exception <a 'java/lang/NoSuchMethodError'{0x00000000a65f62a0}: 'int java.lang.invoke.DirectMethodHandle$Holder.invokeStaticInit(java.lang.Object, java.lang.Object)'> (0x00000000a65f62a0) 
thrown [t:\workspace\open\src\hotspot\share\interpreter\linkResolver.cpp, line 766]
Event: 1.990 Thread 0x0000024e2a419650 Exception <a 'java/lang/NoSuchMethodError'{0x00000000a6411500}: 'long java.lang.invoke.DirectMethodHandle$Holder.invokeStatic(java.lang.Object, java.lang.Object, java.lang.Object)'> (0x00000000a6411500) 
thrown [t:\workspace\open\src\hotspot\share\interpreter\linkResolver.cpp, line 766]
Event: 1.990 Thread 0x0000024e2a419650 Exception <a 'java/lang/NoSuchMethodError'{0x00000000a6414ca8}: 'long java.lang.invoke.DirectMethodHandle$Holder.invokeStaticInit(java.lang.Object, java.lang.Object, java.lang.Object)'> (0x00000000a6414ca8) 
thrown [t:\workspace\open\src\hotspot\share\interpreter\linkResolver.cpp, line 766]
Event: 1.995 Thread 0x0000024e2a419650 Exception <a 'java/lang/NoSuchMethodError'{0x00000000a642c8b0}: 'java.lang.Object java.lang.invoke.DirectMethodHandle$Holder.newInvokeSpecial(java.lang.Object, java.lang.Object, long)'> (0x00000000a642c8b0) 
thrown [t:\workspace\open\src\hotspot\share\interpreter\linkResolver.cpp, line 766]
Event: 1.995 Thread 0x0000024e2a419650 Exception <a 'java/lang/NoSuchMethodError'{0x00000000a6430420}: 'java.lang.Object java.lang.invoke.Invokers$Holder.linkToTargetMethod(java.lang.Object, long, java.lang.Object)'> (0x00000000a6430420) 
thrown [t:\workspace\open\src\hotspot\share\interpreter\linkResolver.cpp, line 766]
Event: 10.254 Thread 0x0000024e2a419650 Exception <a 'java/lang/NoSuchMethodError'{0x00000000a5ea8970}: 'java.lang.Object java.lang.invoke.DirectMethodHandle$Holder.newInvokeSpecial(java.lang.Object, java.lang.Object, int, int, int, int, int, java.lang.Object)'> (0x00000000a5ea8970) 
thrown [t:\workspace\open\src\hotspot\share\interpreter\linkResolver.cpp, line 766]
Event: 10.257 Thread 0x0000024e2a419650 Exception <a 'java/lang/NoSuchMethodError'{0x00000000a5ebbea0}: 'java.lang.Object java.lang.invoke.DirectMethodHandle$Holder.newInvokeSpecial(java.lang.Object, java.lang.Object, java.lang.Object, int, int, int, int, int)'> (0x00000000a5ebbea0) 
thrown [t:\workspace\open\src\hotspot\share\interpreter\linkResolver.cpp, line 766]
Event: 10.258 Thread 0x0000024e2a419650 Exception <a 'java/lang/NoSuchMethodError'{0x00000000a5ec3c50}: 'java.lang.Object java.lang.invoke.Invokers$Holder.linkToTargetMethod(java.lang.Object, java.lang.Object, int, int, int, int, int, java.lang.Object)'> (0x00000000a5ec3c50) 
thrown [t:\workspace\open\src\hotspot\share\interpreter\linkResolver.cpp, line 766]
Event: 15.580 Thread 0x0000024e2a419650 Exception <a 'sun/nio/fs/WindowsException'{0x00000000a5ddc9e8}> (0x00000000a5ddc9e8) 
thrown [t:\workspace\open\src\hotspot\share\prims\jni.cpp, line 516]
Event: 15.622 Thread 0x0000024e2a419650 Exception <a 'java/lang/NoSuchMethodError'{0x00000000a5cfe2d0}: 'java.lang.Object java.lang.invoke.DirectMethodHandle$Holder.invokeVirtual(java.lang.Object, java.lang.Object, java.lang.Object)'> (0x00000000a5cfe2d0) 
thrown [t:\workspace\open\src\hotspot\share\interpreter\linkResolver.cpp, line 766]
Event: 15.814 Thread 0x0000024e2a419650 Exception <a 'sun/nio/fs/WindowsException'{0x00000000a55e05a0}> (0x00000000a55e05a0) 
thrown [t:\workspace\open\src\hotspot\share\prims\jni.cpp, line 516]
Event: 15.819 Thread 0x0000024e2a419650 Exception <a 'sun/nio/fs/WindowsException'{0x00000000a55f4d48}> (0x00000000a55f4d48) 
thrown [t:\workspace\open\src\hotspot\share\prims\jni.cpp, line 516]
Event: 15.825 Thread 0x0000024e2a419650 Exception <a 'java/lang/NoSuchMethodError'{0x00000000a5401688}: 'int java.lang.invoke.DirectMethodHandle$Holder.invokeStatic(java.lang.Object, java.lang.Object, java.lang.Object, java.lang.Object)'> (0x00000000a5401688) 
thrown [t:\workspace\open\src\hotspot\share\interpreter\linkResolver.cpp, line 766]
Event: 15.825 Thread 0x0000024e2a419650 Exception <a 'java/lang/NoSuchMethodError'{0x00000000a5405688}: 'int java.lang.invoke.DirectMethodHandle$Holder.invokeStaticInit(java.lang.Object, java.lang.Object, java.lang.Object, java.lang.Object)'> (0x00000000a5405688) 
thrown [t:\workspace\open\src\hotspot\share\interpreter\linkResolver.cpp, line 766]
Event: 15.826 Thread 0x0000024e2a419650 Exception <a 'java/lang/IncompatibleClassChangeError'{0x00000000a540ed00}: Found class java.lang.Object, but interface was expected> (0x00000000a540ed00) 
thrown [t:\workspace\open\src\hotspot\share\interpreter\linkResolver.cpp, line 833]
Event: 15.869 Thread 0x0000024e2a419650 Exception <a 'java/lang/NoSuchMethodError'{0x00000000a5357d18}: 'java.lang.Object java.lang.invoke.DirectMethodHandle$Holder.invokeStaticInit(java.lang.Object, int, int, int, int)'> (0x00000000a5357d18) 
thrown [t:\workspace\open\src\hotspot\share\interpreter\linkResolver.cpp, line 766]
Event: 15.925 Thread 0x0000024e2a419650 Exception <a 'java/lang/NoSuchMethodError'{0x00000000a520a990}: 'java.lang.Object java.lang.invoke.DirectMethodHandle$Holder.invokeStaticInit(java.lang.Object, java.lang.Object, int, int, int, int)'> (0x00000000a520a990) 
thrown [t:\workspace\open\src\hotspot\share\interpreter\linkResolver.cpp, line 766]
Event: 16.784 Thread 0x0000024e2a3b8410 Exception <a 'java/lang/NoSuchMethodError'{0x00000000a55092b0}: 'java.lang.Object java.lang.invoke.DirectMethodHandle$Holder.invokeStaticInit(java.lang.Object, int)'> (0x00000000a55092b0) 
thrown [t:\workspace\open\src\hotspot\share\interpreter\linkResolver.cpp, line 766]

VM Operations (20 events):
Event: 16.006 Executing VM operation: G1Concurrent done
Event: 16.009 Executing VM operation: G1Concurrent
Event: 16.009 Executing VM operation: G1Concurrent done
Event: 16.066 Executing VM operation: HandshakeAllThreads
Event: 16.066 Executing VM operation: HandshakeAllThreads done
Event: 16.350 Executing VM operation: ICBufferFull
Event: 16.350 Executing VM operation: ICBufferFull done
Event: 16.370 Executing VM operation: HandshakeAllThreads
Event: 16.371 Executing VM operation: HandshakeAllThreads done
Event: 16.376 Executing VM operation: HandshakeAllThreads
Event: 16.376 Executing VM operation: HandshakeAllThreads done
Event: 16.467 Executing VM operation: HandshakeAllThreads
Event: 16.467 Executing VM operation: HandshakeAllThreads done
Event: 16.656 Executing VM operation: ICBufferFull
Event: 16.656 Executing VM operation: ICBufferFull done
Event: 16.768 Executing VM operation: HandshakeAllThreads
Event: 16.768 Executing VM operation: HandshakeAllThreads done
Event: 17.768 Executing VM operation: Cleanup
Event: 17.768 Executing VM operation: Cleanup done
Event: 119.086 Executing VM operation: Exit

Events (20 events):
Event: 16.101 loading class sun/security/ssl/PostHandshakeContext
Event: 16.101 loading class sun/security/ssl/PostHandshakeContext done
Event: 16.102 loading class sun/security/ssl/NewSessionTicket$T13NewSessionTicketMessage
Event: 16.102 loading class sun/security/ssl/NewSessionTicket$NewSessionTicketMessage
Event: 16.102 loading class sun/security/ssl/NewSessionTicket$NewSessionTicketMessage done
Event: 16.102 loading class sun/security/ssl/NewSessionTicket$T13NewSessionTicketMessage done
Event: 16.130 loading class java/util/TimerTask
Event: 16.131 loading class java/util/TimerTask done
Event: 16.317 loading class java/time/format/DateTimeParseException
Event: 16.317 loading class java/time/DateTimeException
Event: 16.317 loading class java/time/DateTimeException done
Event: 16.317 loading class java/time/format/DateTimeParseException done
Event: 17.509 Thread 0x0000024e28fb9550 Thread exited: 0x0000024e28fb9550
Event: 119.082 loading class jdk/internal/misc/Signal$1
Event: 119.082 loading class jdk/internal/misc/Signal$1 done
Event: 119.083 Thread 0x0000024e2a418310 Thread added: 0x0000024e2a418310
Event: 119.083 Thread 0x0000024e2a4174a0 Thread added: 0x0000024e2a4174a0
Event: 119.084 Thread 0x0000024e2a417970 Thread added: 0x0000024e2a417970
Event: 119.084 Thread 0x0000024e2a417970 Thread exited: 0x0000024e2a417970
Event: 119.086 Thread 0x0000024e2a4174a0 Thread exited: 0x0000024e2a4174a0


Dynamic libraries:
0x00007ff698610000 - 0x00007ff69861e000 	C:\Users\Alina\.jdks\openjdk-17.0.2\bin\java.exe
0x00007ffcfa270000 - 0x00007ffcfa468000 	C:\Windows\SYSTEM32\ntdll.dll
0x00007ffcf98a0000 - 0x00007ffcf995f000 	C:\Windows\System32\KERNEL32.DLL
0x00007ffcf7c90000 - 0x00007ffcf7f62000 	C:\Windows\System32\KERNELBASE.dll
0x00007ffcf7b00000 - 0x00007ffcf7c00000 	C:\Windows\System32\ucrtbase.dll
0x00007ffcee0c0000 - 0x00007ffcee0d8000 	C:\Users\Alina\.jdks\openjdk-17.0.2\bin\jli.dll
0x00007ffce7a50000 - 0x00007ffce7a6a000 	C:\Users\Alina\.jdks\openjdk-17.0.2\bin\VCRUNTIME140.dll
0x00007ffcf8450000 - 0x00007ffcf85ed000 	C:\Windows\System32\USER32.dll
0x00007ffcf8010000 - 0x00007ffcf8032000 	C:\Windows\System32\win32u.dll
0x00007ffcec1d0000 - 0x00007ffcec46a000 	C:\Windows\WinSxS\amd64_microsoft.windows.common-controls_6595b64144ccf1df_6.0.19041.1110_none_60b5254171f9507e\COMCTL32.dll
0x00007ffcfa1d0000 - 0x00007ffcfa1fb000 	C:\Windows\System32\GDI32.dll
0x00007ffcf7940000 - 0x00007ffcf7a4f000 	C:\Windows\System32\gdi32full.dll
0x00007ffcf85f0000 - 0x00007ffcf868e000 	C:\Windows\System32\msvcrt.dll
0x00007ffcf7f70000 - 0x00007ffcf800d000 	C:\Windows\System32\msvcp_win.dll
0x00007ffcf9d10000 - 0x00007ffcf9d42000 	C:\Windows\System32\IMM32.DLL
0x00007ffcf5080000 - 0x00007ffcf508c000 	C:\Users\Alina\.jdks\openjdk-17.0.2\bin\vcruntime140_1.dll
0x00007ffce2de0000 - 0x00007ffce2e6d000 	C:\Users\Alina\.jdks\openjdk-17.0.2\bin\msvcp140.dll
0x00007ffcbc100000 - 0x00007ffcbccc1000 	C:\Users\Alina\.jdks\openjdk-17.0.2\bin\server\jvm.dll
0x00007ffcf8690000 - 0x00007ffcf873e000 	C:\Windows\System32\ADVAPI32.dll
0x00007ffcf8df0000 - 0x00007ffcf8e8c000 	C:\Windows\System32\sechost.dll
0x00007ffcf8290000 - 0x00007ffcf83b5000 	C:\Windows\System32\RPCRT4.dll
0x00007ffcf8750000 - 0x00007ffcf8758000 	C:\Windows\System32\PSAPI.DLL
0x00007ffced9e0000 - 0x00007ffceda07000 	C:\Windows\SYSTEM32\WINMM.dll
0x00007ffcf2390000 - 0x00007ffcf2399000 	C:\Windows\SYSTEM32\WSOCK32.dll
0x00007ffceda10000 - 0x00007ffceda1a000 	C:\Windows\SYSTEM32\VERSION.dll
0x00007ffcf83e0000 - 0x00007ffcf844b000 	C:\Windows\System32\WS2_32.dll
0x00007ffcf57c0000 - 0x00007ffcf57d2000 	C:\Windows\SYSTEM32\kernel.appcore.dll
0x00007ffcf16e0000 - 0x00007ffcf16ea000 	C:\Users\Alina\.jdks\openjdk-17.0.2\bin\jimage.dll
0x00007ffcecb70000 - 0x00007ffcecd54000 	C:\Windows\SYSTEM32\DBGHELP.DLL
0x00007ffcecb40000 - 0x00007ffcecb6c000 	C:\Windows\SYSTEM32\dbgcore.DLL
0x00007ffcf7c00000 - 0x00007ffcf7c82000 	C:\Windows\System32\bcryptPrimitives.dll
0x00007ffcef5d0000 - 0x00007ffcef5de000 	C:\Users\Alina\.jdks\openjdk-17.0.2\bin\instrument.dll
0x00007ffce2ad0000 - 0x00007ffce2af5000 	C:\Users\Alina\.jdks\openjdk-17.0.2\bin\java.dll
0x00007ffcdee10000 - 0x00007ffcdeee6000 	C:\Users\Alina\.jdks\openjdk-17.0.2\bin\jsvml.dll
0x00007ffcf9150000 - 0x00007ffcf9893000 	C:\Windows\System32\SHELL32.dll
0x00007ffcf59c0000 - 0x00007ffcf6152000 	C:\Windows\SYSTEM32\windows.storage.dll
0x00007ffcf9e70000 - 0x00007ffcfa1c4000 	C:\Windows\System32\combase.dll
0x00007ffcf71e0000 - 0x00007ffcf7210000 	C:\Windows\SYSTEM32\Wldp.dll
0x00007ffcf99c0000 - 0x00007ffcf9a6d000 	C:\Windows\System32\SHCORE.dll
0x00007ffcf9960000 - 0x00007ffcf99b5000 	C:\Windows\System32\shlwapi.dll
0x00007ffcf7880000 - 0x00007ffcf789f000 	C:\Windows\SYSTEM32\profapi.dll
0x00007ffce2ab0000 - 0x00007ffce2ac9000 	C:\Users\Alina\.jdks\openjdk-17.0.2\bin\net.dll
0x00007ffcef1e0000 - 0x00007ffcef2ec000 	C:\Windows\SYSTEM32\WINHTTP.dll
0x00007ffcf6fc0000 - 0x00007ffcf702a000 	C:\Windows\system32\mswsock.dll
0x00007ffce2a90000 - 0x00007ffce2aa6000 	C:\Users\Alina\.jdks\openjdk-17.0.2\bin\nio.dll
0x00007ffcdedf0000 - 0x00007ffcdee08000 	C:\Users\Alina\.jdks\openjdk-17.0.2\bin\zip.dll
0x00007ffcdedd0000 - 0x00007ffcdedea000 	C:\Program Files\JetBrains\IntelliJ IDEA Community Edition 2021.2.1\bin\breakgen64.dll
0x0000024e0ca30000 - 0x0000024e0ca33000 	C:\Users\Alina\.openjfx\cache\16\api-ms-win-core-console-l1-1-0.dll
0x0000024e0ca40000 - 0x0000024e0ca43000 	C:\Users\Alina\.openjfx\cache\16\api-ms-win-core-console-l1-2-0.dll
0x0000024e0ca50000 - 0x0000024e0ca53000 	C:\Users\Alina\.openjfx\cache\16\api-ms-win-core-datetime-l1-1-0.dll
0x0000024e0ca60000 - 0x0000024e0ca63000 	C:\Users\Alina\.openjfx\cache\16\api-ms-win-core-debug-l1-1-0.dll
0x0000024e28fe0000 - 0x0000024e28fe3000 	C:\Users\Alina\.openjfx\cache\16\api-ms-win-core-errorhandling-l1-1-0.dll
0x0000024e28ff0000 - 0x0000024e28ff4000 	C:\Users\Alina\.openjfx\cache\16\api-ms-win-core-file-l1-1-0.dll
0x0000024e2a510000 - 0x0000024e2a513000 	C:\Users\Alina\.openjfx\cache\16\api-ms-win-core-file-l1-2-0.dll
0x0000024e2a520000 - 0x0000024e2a523000 	C:\Users\Alina\.openjfx\cache\16\api-ms-win-core-file-l2-1-0.dll
0x0000024e2a530000 - 0x0000024e2a533000 	C:\Users\Alina\.openjfx\cache\16\api-ms-win-core-handle-l1-1-0.dll
0x0000024e2a540000 - 0x0000024e2a543000 	C:\Users\Alina\.openjfx\cache\16\api-ms-win-core-heap-l1-1-0.dll
0x0000024e2a550000 - 0x0000024e2a553000 	C:\Users\Alina\.openjfx\cache\16\api-ms-win-core-interlocked-l1-1-0.dll
0x0000024e2a560000 - 0x0000024e2a563000 	C:\Users\Alina\.openjfx\cache\16\api-ms-win-core-libraryloader-l1-1-0.dll
0x0000024e2a570000 - 0x0000024e2a573000 	C:\Users\Alina\.openjfx\cache\16\api-ms-win-core-localization-l1-2-0.dll
0x0000024e2a580000 - 0x0000024e2a583000 	C:\Users\Alina\.openjfx\cache\16\api-ms-win-core-memory-l1-1-0.dll
0x0000024e2a590000 - 0x0000024e2a593000 	C:\Users\Alina\.openjfx\cache\16\api-ms-win-core-namedpipe-l1-1-0.dll
0x0000024e2a5a0000 - 0x0000024e2a5a3000 	C:\Users\Alina\.openjfx\cache\16\api-ms-win-core-processenvironment-l1-1-0.dll
0x0000024e2a5b0000 - 0x0000024e2a5b3000 	C:\Users\Alina\.openjfx\cache\16\api-ms-win-core-processthreads-l1-1-0.dll
0x0000024e2a5c0000 - 0x0000024e2a5c3000 	C:\Users\Alina\.openjfx\cache\16\api-ms-win-core-processthreads-l1-1-1.dll
0x0000024e2a5d0000 - 0x0000024e2a5d3000 	C:\Users\Alina\.openjfx\cache\16\api-ms-win-core-profile-l1-1-0.dll
0x0000024e2a5e0000 - 0x0000024e2a5e3000 	C:\Users\Alina\.openjfx\cache\16\api-ms-win-core-rtlsupport-l1-1-0.dll
0x0000024e2a5f0000 - 0x0000024e2a5f3000 	C:\Users\Alina\.openjfx\cache\16\api-ms-win-core-string-l1-1-0.dll
0x0000024e2a600000 - 0x0000024e2a603000 	C:\Users\Alina\.openjfx\cache\16\api-ms-win-core-synch-l1-1-0.dll
0x0000024e2a610000 - 0x0000024e2a613000 	C:\Users\Alina\.openjfx\cache\16\api-ms-win-core-synch-l1-2-0.dll
0x0000024e2a620000 - 0x0000024e2a623000 	C:\Users\Alina\.openjfx\cache\16\api-ms-win-core-sysinfo-l1-1-0.dll
0x0000024e2a630000 - 0x0000024e2a633000 	C:\Users\Alina\.openjfx\cache\16\api-ms-win-core-timezone-l1-1-0.dll
0x0000024e2a640000 - 0x0000024e2a643000 	C:\Users\Alina\.openjfx\cache\16\api-ms-win-core-util-l1-1-0.dll
0x0000024e2a650000 - 0x0000024e2a653000 	C:\Users\Alina\.openjfx\cache\16\api-ms-win-crt-conio-l1-1-0.dll
0x0000024e2a660000 - 0x0000024e2a664000 	C:\Users\Alina\.openjfx\cache\16\api-ms-win-crt-convert-l1-1-0.dll
0x0000024e2a670000 - 0x0000024e2a673000 	C:\Users\Alina\.openjfx\cache\16\api-ms-win-crt-environment-l1-1-0.dll
0x0000024e2a680000 - 0x0000024e2a683000 	C:\Users\Alina\.openjfx\cache\16\api-ms-win-crt-filesystem-l1-1-0.dll
0x0000024e2a690000 - 0x0000024e2a693000 	C:\Users\Alina\.openjfx\cache\16\api-ms-win-crt-heap-l1-1-0.dll
0x0000024e2a6a0000 - 0x0000024e2a6a3000 	C:\Users\Alina\.openjfx\cache\16\api-ms-win-crt-locale-l1-1-0.dll
0x0000024e2a6b0000 - 0x0000024e2a6b5000 	C:\Users\Alina\.openjfx\cache\16\api-ms-win-crt-math-l1-1-0.dll
0x0000024e2a6c0000 - 0x0000024e2a6c5000 	C:\Users\Alina\.openjfx\cache\16\api-ms-win-crt-multibyte-l1-1-0.dll
0x0000024e2a6d0000 - 0x0000024e2a6e0000 	C:\Users\Alina\.openjfx\cache\16\api-ms-win-crt-private-l1-1-0.dll
0x0000024e2a6e0000 - 0x0000024e2a6e3000 	C:\Users\Alina\.openjfx\cache\16\api-ms-win-crt-process-l1-1-0.dll
0x0000024e2a6f0000 - 0x0000024e2a6f4000 	C:\Users\Alina\.openjfx\cache\16\api-ms-win-crt-runtime-l1-1-0.dll
0x0000024e2a700000 - 0x0000024e2a704000 	C:\Users\Alina\.openjfx\cache\16\api-ms-win-crt-stdio-l1-1-0.dll
0x0000024e2a710000 - 0x0000024e2a714000 	C:\Users\Alina\.openjfx\cache\16\api-ms-win-crt-string-l1-1-0.dll
0x0000024e2a720000 - 0x0000024e2a723000 	C:\Users\Alina\.openjfx\cache\16\api-ms-win-crt-time-l1-1-0.dll
0x0000024e2a730000 - 0x0000024e2a733000 	C:\Users\Alina\.openjfx\cache\16\api-ms-win-crt-utility-l1-1-0.dll
0x00007ffcc2d60000 - 0x00007ffcc2e5c000 	C:\Users\Alina\.openjfx\cache\16\ucrtbase.dll
0x00007ffcded10000 - 0x00007ffcded29000 	C:\Users\Alina\.openjfx\cache\16\vcruntime140.dll
0x00007ffcebec0000 - 0x00007ffcebecc000 	C:\Users\Alina\.openjfx\cache\16\vcruntime140_1.dll
0x00007ffcce900000 - 0x00007ffcce991000 	C:\Users\Alina\.openjfx\cache\16\msvcp140.dll
0x00007ffcd4360000 - 0x00007ffcd4387000 	C:\Users\Alina\.openjfx\cache\16\prism_d3d.dll
0x00007ffcbebf0000 - 0x00007ffcbedbf000 	C:\Windows\system32\d3d9.dll
0x00007ffcf54d0000 - 0x00007ffcf54ff000 	C:\Windows\SYSTEM32\dwmapi.dll
0x00007ffcf52f0000 - 0x00007ffcf538e000 	C:\Windows\system32\uxtheme.dll
0x00007ffceda20000 - 0x00007ffcedbfb000 	C:\Windows\System32\DriverStore\FileRepository\u0361383.inf_amd64_cfccffda602342c4\B361368\aticfx64.dll
0x00007ffcd3660000 - 0x00007ffcd3693000 	C:\Windows\System32\DriverStore\FileRepository\u0361383.inf_amd64_cfccffda602342c4\B361368\atiu9p64.dll
0x00007ffcb6ae0000 - 0x00007ffcb7776000 	C:\Windows\System32\DriverStore\FileRepository\u0361383.inf_amd64_cfccffda602342c4\B361368\atiumd64.dll
0x00007ffcf8f40000 - 0x00007ffcf906a000 	C:\Windows\System32\ole32.dll
0x0000000057cb0000 - 0x0000000058b2e000 	C:\Windows\System32\DriverStore\FileRepository\u0361383.inf_amd64_cfccffda602342c4\B361368\atiumd6a.dll
0x00007ffcf81f0000 - 0x00007ffcf8217000 	C:\Windows\System32\bcrypt.dll
0x00007ffcf77b0000 - 0x00007ffcf77fb000 	C:\Windows\SYSTEM32\POWRPROF.dll
0x00007ffcf7790000 - 0x00007ffcf77a2000 	C:\Windows\SYSTEM32\UMPDC.dll
0x00007ffced7d0000 - 0x00007ffced7ff000 	C:\Windows\SYSTEM32\amdihk64.dll
0x00007ffcce3f0000 - 0x00007ffcce432000 	C:\Users\Alina\.openjfx\cache\16\glass.dll
0x00007ffcf8ca0000 - 0x00007ffcf8d7a000 	C:\Windows\System32\COMDLG32.dll
0x00007ffcf8bd0000 - 0x00007ffcf8c9d000 	C:\Windows\System32\OLEAUT32.dll
0x00007ffcf9d50000 - 0x00007ffcf9e65000 	C:\Windows\System32\MSCTF.dll
0x00007ffcedec0000 - 0x00007ffcedefb000 	C:\Windows\SYSTEM32\dxcore.dll
0x00007ffcf81a0000 - 0x00007ffcf81ee000 	C:\Windows\System32\cfgmgr32.dll
0x00007ffcce8d0000 - 0x00007ffcce8fd000 	C:\Users\Alina\.openjfx\cache\16\javafx_iio.dll
0x00007ffcd33e0000 - 0x00007ffcd33f4000 	C:\Users\Alina\.openjfx\cache\16\javafx_font.dll
0x00007ffce4770000 - 0x00007ffce49ef000 	C:\Windows\SYSTEM32\dwrite.dll
0x00007ffcf8e90000 - 0x00007ffcf8f3f000 	C:\Windows\System32\clbcatq.dll
0x00007ffcf1b70000 - 0x00007ffcf1d24000 	C:\Windows\SYSTEM32\WindowsCodecs.dll
0x00007ffce1e20000 - 0x00007ffce1e5e000 	C:\Windows\system32\dataexchange.dll
0x00007ffcf36c0000 - 0x00007ffcf3923000 	C:\Windows\system32\d3d11.dll
0x00007ffcf4600000 - 0x00007ffcf47e3000 	C:\Windows\system32\dcomp.dll
0x00007ffcf61c0000 - 0x00007ffcf62b3000 	C:\Windows\system32\dxgi.dll
0x00007ffcf1d30000 - 0x00007ffcf1f30000 	C:\Windows\system32\twinapi.appcore.dll
0x00007ffcd33a0000 - 0x00007ffcd33d4000 	C:\Program Files\Common Files\Microsoft Shared\Ink\rtscom.dll
0x00007ffcf07e0000 - 0x00007ffcf08d9000 	C:\Windows\SYSTEM32\textinputframework.dll
0x00007ffcf4ed0000 - 0x00007ffcf4fc2000 	C:\Windows\System32\CoreMessaging.dll
0x00007ffcf4b70000 - 0x00007ffcf4ece000 	C:\Windows\System32\CoreUIComponents.dll
0x00007ffcf6a20000 - 0x00007ffcf6a53000 	C:\Windows\SYSTEM32\ntmarta.dll
0x00007ffcf44a0000 - 0x00007ffcf45f4000 	C:\Windows\SYSTEM32\wintypes.dll
0x00007ffcf3ee0000 - 0x00007ffcf44a0000 	C:\Windows\SYSTEM32\d2d1.dll

dbghelp: loaded successfully - version: 4.0.5 - missing functions: none
symbol engine: initialized successfully - sym options: 0x614 - pdb path: .;C:\Users\Alina\.jdks\openjdk-17.0.2\bin;C:\Windows\SYSTEM32;C:\Windows\WinSxS\amd64_microsoft.windows.common-controls_6595b64144ccf1df_6.0.19041.1110_none_60b5254171f9507e;C:\Users\Alina\.jdks\openjdk-17.0.2\bin\server;C:\Program Files\JetBrains\IntelliJ IDEA Community Edition 2021.2.1\bin;C:\Users\Alina\.openjfx\cache\16;C:\Windows\System32\DriverStore\FileRepository\u0361383.inf_amd64_cfccffda602342c4\B361368;C:\Program Files\Common Files\Microsoft Shared\Ink

VM Arguments:
jvm_args: -javaagent:C:\Program Files\JetBrains\IntelliJ IDEA Community Edition 2021.2.1\lib\idea_rt.jar=63876:C:\Program Files\JetBrains\IntelliJ IDEA Community Edition 2021.2.1\bin -Dfile.encoding=UTF-8 --module-path=C:\Users\Alina\Downloads\mysql-connector-j-8.0.31\mysql-connector-j-8.0.31\mysql-connector-j-8.0.31.jar;C:\Users\Alina\.m2\repository\org\openjfx\javafx-controls\16\javafx-controls-16-win.jar;C:\Users\Alina\.m2\repository\org\openjfx\javafx-fxml\16\javafx-fxml-16-win.jar;C:\Users\Alina\Documents\db_interface\target\classes;C:\Users\Alina\.m2\repository\org\openjfx\javafx-graphics\16\javafx-graphics-16-win.jar;C:\Users\Alina\.m2\repository\org\openjfx\javafx-base\16\javafx-base-16-win.jar -Djdk.module.main=com.example.db_interface 
java_command: com.example.db_interface/com.example.db_interface.HelloApplication
java_class_path (initial): C:\Users\Alina\.m2\repository\org\openjfx\javafx-controls\16\javafx-controls-16.jar;C:\Users\Alina\.m2\repository\org\openjfx\javafx-graphics\16\javafx-graphics-16.jar;C:\Users\Alina\.m2\repository\org\openjfx\javafx-base\16\javafx-base-16.jar;C:\Users\Alina\.m2\repository\org\openjfx\javafx-fxml\16\javafx-fxml-16.jar
Launcher Type: SUN_STANDARD

[Global flags]
     intx CICompilerCount                          = 3                                         {product} {ergonomic}
     uint ConcGCThreads                            = 1                                         {product} {ergonomic}
     uint G1ConcRefinementThreads                  = 4                                         {product} {ergonomic}
   size_t G1HeapRegionSize                         = 1048576                                   {product} {ergonomic}
    uintx GCDrainStackTargetSize                   = 64                                        {product} {ergonomic}
   size_t InitialHeapSize                          = 98566144                                  {product} {ergonomic}
   size_t MarkStackSize                            = 4194304                                   {product} {ergonomic}
   size_t MaxHeapSize                              = 1574961152                                {product} {ergonomic}
   size_t MaxNewSize                               = 944766976                                 {product} {ergonomic}
   size_t MinHeapDeltaBytes                        = 1048576                                   {product} {ergonomic}
   size_t MinHeapSize                              = 8388608                                   {product} {ergonomic}
    uintx NonNMethodCodeHeapSize                   = 5832780                                {pd product} {ergonomic}
    uintx NonProfiledCodeHeapSize                  = 122912730                              {pd product} {ergonomic}
    uintx ProfiledCodeHeapSize                     = 122912730                              {pd product} {ergonomic}
    uintx ReservedCodeCacheSize                    = 251658240                              {pd product} {ergonomic}
     bool SegmentedCodeCache                       = true                                      {product} {ergonomic}
   size_t SoftMaxHeapSize                          = 1574961152                             {manageable} {ergonomic}
     bool UseCompressedClassPointers               = true                           {product lp64_product} {ergonomic}
     bool UseCompressedOops                        = true                           {product lp64_product} {ergonomic}
     bool UseG1GC                                  = true                                      {product} {ergonomic}
     bool UseLargePagesIndividualAllocation        = false                                  {pd product} {ergonomic}

Logging:
Log output configuration:
 #0: stdout all=off uptime,level,tags
 #1: stderr all=off uptime,level,tags

Environment Variables:
PATH=C:\Program Files (x86)\Common Files\Oracle\Java\javapath;C:\Users\Alina\AppData\Local\Programs\Python\Python310\Scripts;C:\Program Files\MySQL\MySQL Shell 8.0\bin\;C:\Users\Alina\AppData\Local\Programs\Python\Python37-32\Scripts\;C:\Users\Alina\AppData\Local\Programs\Python\Python37-32\;C:\Users\Alina\AppData\Local\Microsoft\WindowsApps;;C:\Users\Alina\.dotnet\tools
USERNAME=Alina
OS=Windows_NT
PROCESSOR_IDENTIFIER=AMD64 Family 23 Model 96 Stepping 1, AuthenticAMD



---------------  S Y S T E M  ---------------

OS:
 Windows 10 , 64 bit Build 19041 (10.0.19041.2251)
OS uptime: 11 days 21:09 hours
Hyper-V role detected

CPU: total 4 (initial active 4) (4 cores per cpu, 1 threads per core) family 23 model 96 stepping 1 microcode 0x0, cx8, cmov, fxsr, mmx, 3dnowpref, sse, sse2, sse3, ssse3, sse4a, sse4.1, sse4.2, popcnt, lzcnt, tsc, tscinvbit, avx, avx2, aes, clmul, bmi1, bmi2, adx, sha, fma, vzeroupper, clflush, clflushopt, hv

Memory: 4k page, system-wide physical 6007M (1048M free)
TotalPageFile size 14589M (AvailPageFile size 2833M)
current process WorkingSet (physical memory assigned to process): 162M, peak: 181M
current process commit charge ("private bytes"): 254M, peak: 280M

vm_info: OpenJDK 64-Bit Server VM (17.0.2+8-86) for windows-amd64 JRE (17.0.2+8-86), built on Dec  7 2021 21:49:10 by "mach5one" with MS VC++ 16.8 / 16.9 (VS2019)

END.
