#
# A fatal error has been detected by the Java Runtime Environment:
#
#  EXCEPTION_ACCESS_VIOLATION (0xc0000005) at pc=0x00007ffcc23a6997, pid=7064, tid=13624
#
# JRE version: OpenJDK Runtime Environment (17.0.2+8) (build 17.0.2+8-86)
# Java VM: OpenJDK 64-Bit Server VM (17.0.2+8-86, mixed mode, sharing, tiered, compressed oops, compressed class ptrs, g1 gc, windows-amd64)
# Problematic frame:
# C  [glass.dll+0x26997]
#
# No core dump will be written. Minidumps are not enabled by default on client versions of Windows
#
# If you would like to submit a bug report, please visit:
#   https://bugreport.java.com/bugreport/crash.jsp
#

---------------  S U M M A R Y ------------

Command Line: -agentlib:jdwp=transport=dt_socket,address=127.0.0.1:53740,suspend=y,server=n -javaagent:C:\Users\Alina\AppData\Local\JetBrains\IdeaIC2021.2\captureAgent\debugger-agent.jar -Dfile.encoding=UTF-8 --module-path=C:\Users\Alina\Downloads\mysql-connector-j-8.0.31\mysql-connector-j-8.0.31\mysql-connector-j-8.0.31.jar;C:\Users\Alina\.m2\repository\org\openjfx\javafx-fxml\16\javafx-fxml-16-win.jar;C:\Users\Alina\.m2\repository\org\openjfx\javafx-graphics\16\javafx-graphics-16-win.jar;C:\Users\Alina\Documents\db_interface\target\classes;C:\Users\Alina\.m2\repository\org\openjfx\javafx-controls\16\javafx-controls-16-win.jar;C:\Users\Alina\.m2\repository\org\openjfx\javafx-base\16\javafx-base-16-win.jar -Djdk.module.main=com.example.db_interface com.example.db_interface/com.example.db_interface.HelloApplication

Host: AMD Ryzen 3 4300U with Radeon Graphics         , 4 cores, 5G,  Windows 10 , 64 bit Build 19041 (10.0.19041.2251)
Time: Sat Dec  3 22:43:55 2022 RTZ 2 (s 10 , 64 bit Build 19041 (10.0.19041.2251) elapsed time: 33.077313 seconds (0d 0h 0m 33s)

---------------  T H R E A D  ---------------

Current thread (0x0000020236e9ada0):  VMThread "VM Thread" [stack: 0x000000202a500000,0x000000202a600000] [id=13624]

Stack: [0x000000202a500000,0x000000202a600000],  sp=0x000000202a5ff1f0,  free space=1020k
Native frames: (J=compiled Java code, j=interpreted, Vv=VM code, C=native code)
C  [glass.dll+0x26997]


siginfo: EXCEPTION_ACCESS_VIOLATION (0xc0000005), reading address 0x0000000000000000


Register to memory mapping:

RIP=0x00007ffcc23a6997 glass.dll
RAX=0x0 is NULL
RBX=0x0000020256974e98 is a global jni handle
RCX=0x0000020236e9ada0 points into unknown readable memory: 0x00007ffc7d9fe880 | 80 e8 9f 7d fc 7f 00 00
RDX=0x000000202a5ff1f0 points into unknown readable memory: 0x0000000000000000 | 00 00 00 00 00 00 00 00
RSP=0x000000202a5ff1f0 points into unknown readable memory: 0x0000000000000000 | 00 00 00 00 00 00 00 00
RBP=0x000002025698b578 points into unknown readable memory: 0x0000bbfb582f95d4 | d4 95 2f 58 fb bb 00 00
RSI=0x000002025698b550 points into unknown readable memory: 0xffcc98588cef95d3 | d3 95 ef 8c 58 98 cc ff
RDI=0x0000bbfb582f95d4 is an unknown value
R8 =0x0000000000010002 is an unknown value
R9 =0x0000bbfb582f95d4 is an unknown value
R10=0x0000000000008000 is an unknown value
R11=0x000000202a5ff180 points into unknown readable memory: 0x000002025698b550 | 50 b5 98 56 02 02 00 00
R12=0x00007ffcc23a4234 glass.dll
R13=0x00007ffc7dba49d0 jvm.dll
R14=0x000000202a5ff2e8 points into unknown readable memory: 0x000000202a5ff2d0 | d0 f2 5f 2a 20 00 00 00
R15=0x000002025698b550 points into unknown readable memory: 0xffcc98588cef95d3 | d3 95 ef 8c 58 98 cc ff


Registers:
RAX=0x0000000000000000, RBX=0x0000020256974e98, RCX=0x0000020236e9ada0, RDX=0x000000202a5ff1f0
RSP=0x000000202a5ff1f0, RBP=0x000002025698b578, RSI=0x000002025698b550, RDI=0x0000bbfb582f95d4
R8 =0x0000000000010002, R9 =0x0000bbfb582f95d4, R10=0x0000000000008000, R11=0x000000202a5ff180
R12=0x00007ffcc23a4234, R13=0x00007ffc7dba49d0, R14=0x000000202a5ff2e8, R15=0x000002025698b550
RIP=0x00007ffcc23a6997, EFLAGS=0x0000000000010206

Top of Stack: (sp=0x000000202a5ff1f0)
0x000000202a5ff1f0:   0000000000000000 000002025698b550
0x000000202a5ff200:   00007ffc7dba49d0 00007ffcc23a4234
0x000000202a5ff210:   000002025698b558 00007ffcf7b142d6
0x000000202a5ff220:   0000bbfb582f95d4 0000020200000000
0x000000202a5ff230:   000002025698b578 000002025698b550
0x000000202a5ff240:   fffffffffffffffe 0000000000000000
0x000000202a5ff250:   0000000000000001 00007ffcc2380000
0x000000202a5ff260:   000000202a5ff2d8 00007ffcf7b141fb
0x000000202a5ff270:   0000000000000000 000000202a5ff2e8
0x000000202a5ff280:   000000202a5ff5b0 00007ffcf7bf0e40
0x000000202a5ff290:   0000000000000001 00007ffcf7b141b4
0x000000202a5ff2a0:   0000000000000000 0000000000000001
0x000000202a5ff2b0:   0000000000000000 000000202a5ff2d8
0x000000202a5ff2c0:   0000000000000001 00007ffcc23a40c1
0x000000202a5ff2d0:   00007ffcc23ba128 00007ffc00000002
0x000000202a5ff2e0:   0000000000000002 000000202a5ff2d0 

Instructions: (pc=0x00007ffcc23a6997)
0x00007ffcc23a6897:   8b 4d 58 e8 d1 ce ff ff 48 8b 4d 60 e8 c8 ce ff
0x00007ffcc23a68a7:   ff 48 8b 95 80 00 00 00 48 8b 8d 18 01 00 00 e8
0x00007ffcc23a68b7:   96 c3 ff ff 33 d2 33 c9 e8 12 e1 ff ff 90 48 89
0x00007ffcc23a68c7:   54 24 10 55 48 83 ec 20 48 8b ea 48 b8 00 00 00
0x00007ffcc23a68d7:   00 00 00 00 00 48 83 c4 20 5d c3 cc 40 55 48 8b
0x00007ffcc23a68e7:   ea 48 8b 01 33 c9 81 38 05 00 00 c0 0f 94 c1 8b
0x00007ffcc23a68f7:   c1 5d c3 cc 40 55 48 83 ec 20 48 8b ea 8a 4d 40
0x00007ffcc23a6907:   48 83 c4 20 5d e9 c7 d2 ff ff cc 40 55 48 83 ec
0x00007ffcc23a6917:   20 48 8b ea 8a 4d 20 e8 b5 d2 ff ff 90 48 83 c4
0x00007ffcc23a6927:   20 5d c3 cc 40 55 48 83 ec 20 48 8b ea 48 83 c4
0x00007ffcc23a6937:   20 5d e9 16 d1 ff ff cc 40 55 48 83 ec 30 48 8b
0x00007ffcc23a6947:   ea 48 8b 01 8b 10 48 89 4c 24 28 89 54 24 20 4c
0x00007ffcc23a6957:   8d 0d b7 d5 ff ff 4c 8b 45 70 8b 55 68 48 8b 4d
0x00007ffcc23a6967:   60 e8 57 d0 ff ff 90 48 83 c4 30 5d c3 cc cc cc
0x00007ffcc23a6977:   cc cc cc cc cc cc cc cc cc 40 53 48 83 ec 20 48
0x00007ffcc23a6987:   8b 1d 93 31 01 00 48 85 db 74 16 e8 29 8b ff ff
0x00007ffcc23a6997:   4c 8b 00 48 8b d3 48 8b c8 41 ff 90 b0 00 00 00
0x00007ffcc23a69a7:   90 48 83 c4 20 5b c3 cc cc 40 53 48 83 ec 20 48
0x00007ffcc23a69b7:   8b 1d 0b 33 01 00 48 85 db 74 57 b8 ff ff ff ff
0x00007ffcc23a69c7:   f0 0f c1 43 10 83 f8 01 75 3d 48 85 db 74 38 48
0x00007ffcc23a69d7:   8b 0b 48 85 c9 74 0d ff 15 c4 08 00 00 48 c7 03
0x00007ffcc23a69e7:   00 00 00 00 48 8b 4b 08 48 85 c9 74 0d e8 77 cd
0x00007ffcc23a69f7:   ff ff 48 c7 43 08 00 00 00 00 ba 18 00 00 00 48
0x00007ffcc23a6a07:   8b cb e8 62 cd ff ff 48 c7 05 af 32 01 00 00 00
0x00007ffcc23a6a17:   00 00 48 83 c4 20 5b c3 cc 40 53 48 83 ec 20 48
0x00007ffcc23a6a27:   8b 1d 7b 32 01 00 48 85 db 74 57 b8 ff ff ff ff
0x00007ffcc23a6a37:   f0 0f c1 43 10 83 f8 01 75 3d 48 85 db 74 38 48
0x00007ffcc23a6a47:   8b 0b 48 85 c9 74 0d ff 15 54 08 00 00 48 c7 03
0x00007ffcc23a6a57:   00 00 00 00 48 8b 4b 08 48 85 c9 74 0d e8 07 cd
0x00007ffcc23a6a67:   ff ff 48 c7 43 08 00 00 00 00 ba 18 00 00 00 48
0x00007ffcc23a6a77:   8b cb e8 f2 cc ff ff 48 c7 05 1f 32 01 00 00 00
0x00007ffcc23a6a87:   00 00 48 83 c4 20 5b c3 cc 40 53 48 83 ec 20 48 


Stack slot to memory mapping:
stack at sp + 0 slots: 0x0 is NULL
stack at sp + 1 slots: 0x000002025698b550 points into unknown readable memory: 0xffcc98588cef95d3 | d3 95 ef 8c 58 98 cc ff
stack at sp + 2 slots: 0x00007ffc7dba49d0 jvm.dll
stack at sp + 3 slots: 0x00007ffcc23a4234 glass.dll
stack at sp + 4 slots: 0x000002025698b558 points into unknown readable memory: 0x0000bbfb582f95d4 | d4 95 2f 58 fb bb 00 00
stack at sp + 5 slots: 0x00007ffcf7b142d6 ucrtbase.dll
stack at sp + 6 slots: 0x0000bbfb582f95d4 is an unknown value
stack at sp + 7 slots: 0x0000020200000000 is an unknown value

VM_Operation (0x000000202b3ff120): Exit, mode: safepoint, requested by thread 0x0000020256dfcb00


---------------  P R O C E S S  ---------------

Threads class SMR info:
_java_thread_list=0x000002025523f2b0, length=23, elements={
0x0000020236dcd250, 0x0000020236ea0050, 0x0000020236ea0ec0, 0x00000202551991e0,
0x000002025519ccb0, 0x000002025519d660, 0x000002025519e010, 0x000002025519eda0,
0x000002025520a670, 0x000002025520d420, 0x0000020236e8c6f0, 0x000002025644d970,
0x00000202562fe7f0, 0x000002025693f310, 0x00000202566f5ad0, 0x0000020256724780,
0x0000020256bc4750, 0x0000020256bc4eb0, 0x0000020256d0ee40, 0x0000020256dfae20,
0x0000020256dfb7c0, 0x0000020257788e70, 0x0000020256dfcb00
}

Java Threads: ( => current thread )
  0x0000020236dcd250 JavaThread "main" [_thread_blocked, id=6292, stack(0x0000002029f00000,0x000000202a000000)]
  0x0000020236ea0050 JavaThread "Reference Handler" daemon [_thread_blocked, id=12176, stack(0x000000202a600000,0x000000202a700000)]
  0x0000020236ea0ec0 JavaThread "Finalizer" daemon [_thread_blocked, id=4864, stack(0x000000202a700000,0x000000202a800000)]
  0x00000202551991e0 JavaThread "Signal Dispatcher" daemon [_thread_blocked, id=280, stack(0x000000202a800000,0x000000202a900000)]
  0x000002025519ccb0 JavaThread "Attach Listener" daemon [_thread_blocked, id=14904, stack(0x000000202a900000,0x000000202aa00000)]
  0x000002025519d660 JavaThread "Service Thread" daemon [_thread_blocked, id=9900, stack(0x000000202aa00000,0x000000202ab00000)]
  0x000002025519e010 JavaThread "Monitor Deflation Thread" daemon [_thread_blocked, id=13604, stack(0x000000202ab00000,0x000000202ac00000)]
  0x000002025519eda0 JavaThread "C2 CompilerThread0" daemon [_thread_blocked, id=9124, stack(0x000000202ac00000,0x000000202ad00000)]
  0x000002025520a670 JavaThread "C1 CompilerThread0" daemon [_thread_blocked, id=5688, stack(0x000000202ad00000,0x000000202ae00000)]
  0x000002025520d420 JavaThread "Sweeper thread" daemon [_thread_blocked, id=13960, stack(0x000000202ae00000,0x000000202af00000)]
  0x0000020236e8c6f0 JavaThread "Common-Cleaner" daemon [_thread_blocked, id=5340, stack(0x000000202af00000,0x000000202b000000)]
  0x000002025644d970 JavaThread "JDWP Event Helper Thread" daemon [_thread_blocked, id=3920, stack(0x000000202b200000,0x000000202b300000)]
  0x00000202562fe7f0 JavaThread "Notification Thread" daemon [_thread_blocked, id=14556, stack(0x000000202b000000,0x000000202b100000)]
  0x000002025693f310 JavaThread "QuantumRenderer-0" daemon [_thread_blocked, id=1324, stack(0x000000202b800000,0x000000202b900000)]
  0x00000202566f5ad0 JavaThread "InvokeLaterDispatcher" daemon [_thread_blocked, id=14892, stack(0x000000202bb00000,0x000000202bc00000)]
  0x0000020256724780 JavaThread "JavaFX Application Thread" [_thread_blocked, id=14228, stack(0x000000202bc00000,0x000000202bd00000)]
  0x0000020256bc4750 JavaThread "Thread-1" daemon [_thread_in_native, id=12392, stack(0x000000202c300000,0x000000202c400000)]
  0x0000020256bc4eb0 JavaThread "JavaFX-Launcher" [_thread_blocked, id=1796, stack(0x000000202c400000,0x000000202c500000)]
  0x0000020256d0ee40 JavaThread "Prism Font Disposer" daemon [_thread_blocked, id=5920, stack(0x000000202c500000,0x000000202c600000)]
  0x0000020256dfae20 JavaThread "Cleaner-0" daemon [_thread_blocked, id=4808, stack(0x000000202cb00000,0x000000202cc00000)]
  0x0000020256dfb7c0 JavaThread "mysql-cj-abandoned-connection-cleanup" daemon [_thread_blocked, id=6864, stack(0x000000202cd00000,0x000000202ce00000)]
  0x0000020257788e70 JavaThread "C2 CompilerThread1" daemon [_thread_blocked, id=6388, stack(0x000000202b100000,0x000000202b200000)]
  0x0000020256dfcb00 JavaThread "SIGINT handler" daemon [_thread_blocked, id=10036, stack(0x000000202b300000,0x000000202b400000)]

Other Threads:
=>0x0000020236e9ada0 VMThread "VM Thread" [stack: 0x000000202a500000,0x000000202a600000] [id=13624]
  0x0000020236e022b0 GCTaskThread "GC Thread#0" [stack: 0x000000202a000000,0x000000202a100000] [id=14640]
  0x000002025653a810 GCTaskThread "GC Thread#1" [stack: 0x000000202b500000,0x000000202b600000] [id=16080]
  0x0000020256541750 GCTaskThread "GC Thread#2" [stack: 0x000000202b600000,0x000000202b700000] [id=7536]
  0x0000020256541a00 GCTaskThread "GC Thread#3" [stack: 0x000000202b700000,0x000000202b800000] [id=14140]
  0x0000020236e0fdc0 ConcurrentGCThread "G1 Main Marker" terminated
  0x0000020236e107d0 ConcurrentGCThread "G1 Conc#0" [stack: 0x000000202a200000,0x000000202a300000] [id=14792]
  0x0000020236e74e90 ConcurrentGCThread "G1 Refine#0" terminated
  0x0000020236e758b0 ConcurrentGCThread "G1 Service" terminated

Threads with active compile tasks:
C2 CompilerThread0  
[error occurred during error reporting (printing all threads), id 0xc0000005, EXCEPTION_ACCESS_VIOLATION (0xc0000005) at pc=0x00007ffc7d80e683]

VM state: at safepoint (shutting down)

VM Mutex/Monitor currently owned by a thread:  ([mutex/lock_event])
[0x0000020236dc9d00] Threads_lock - owner thread: 0x0000020236e9ada0
[0x0000020236dc9b50] Heap_lock - owner thread: 0x0000020256dfcb00

Heap address: 0x00000000a2200000, size: 1502 MB, Compressed Oops mode: 32-bit

CDS archive(s) mapped at: [0x0000000800000000-0x0000000800bc0000-0x0000000800bc0000), size 12320768, SharedBaseAddress: 0x0000000800000000, ArchiveRelocationMode: 0.
Compressed class space mapped at: 0x0000000800c00000-0x0000000840c00000, reserved size: 1073741824
Narrow klass base: 0x0000000800000000, Narrow klass shift: 0, Narrow klass range: 0x100000000

GC Precious Log:
 CPUs: 4 total, 4 available
 Memory: 6007M
 Large Page Support: Disabled
 NUMA Support: Disabled
 Compressed Oops: Enabled (32-bit)
 Heap Region Size: 1M
 Heap Min Capacity: 8M
 Heap Initial Capacity: 94M
 Heap Max Capacity: 1502M
 Pre-touch: Disabled
 Parallel Workers: 4
 Concurrent Workers: 1
 Concurrent Refinement Workers: 4
 Periodic GC: Disabled

Heap:
 garbage-first heap   total 75776K, used 40717K [0x00000000a2200000, 0x0000000100000000)
  region size 1024K, 21 young (21504K), 1 survivors (1024K)
 Metaspace       used 25431K, committed 25664K, reserved 1073152K
  class space    used 3409K, committed 3520K, reserved 1048576K

Heap Regions: E=young(eden), S=young(survivor), O=old, HS=humongous(starts), HC=humongous(continues), CS=collection set, F=free, OA=open archive, CA=closed archive, TAMS=top-at-mark-start (previous, next)
|   0|0x00000000a2200000, 0x00000000a2300000, 0x00000000a2300000|100%| O|  |TAMS 0x00000000a2300000, 0x00000000a2200000| Untracked 
|   1|0x00000000a2300000, 0x00000000a2400000, 0x00000000a2400000|100%| O|  |TAMS 0x00000000a2400000, 0x00000000a2300000| Untracked 
|   2|0x00000000a2400000, 0x00000000a2500000, 0x00000000a2500000|100%|HS|  |TAMS 0x00000000a2500000, 0x00000000a2400000| Complete 
|   3|0x00000000a2500000, 0x00000000a2600000, 0x00000000a2600000|100%|HC|  |TAMS 0x00000000a2600000, 0x00000000a2500000| Complete 
|   4|0x00000000a2600000, 0x00000000a2700000, 0x00000000a2700000|100%|HS|  |TAMS 0x00000000a2700000, 0x00000000a2600000| Complete 
|   5|0x00000000a2700000, 0x00000000a2800000, 0x00000000a2800000|100%|HC|  |TAMS 0x00000000a2800000, 0x00000000a2700000| Complete 
|   6|0x00000000a2800000, 0x00000000a2900000, 0x00000000a2900000|100%|HS|  |TAMS 0x00000000a2900000, 0x00000000a2800000| Complete 
|   7|0x00000000a2900000, 0x00000000a2a00000, 0x00000000a2a00000|100%|HC|  |TAMS 0x00000000a2a00000, 0x00000000a2900000| Complete 
|   8|0x00000000a2a00000, 0x00000000a2b00000, 0x00000000a2b00000|100%|HS|  |TAMS 0x00000000a2b00000, 0x00000000a2a00000| Complete 
|   9|0x00000000a2b00000, 0x00000000a2c00000, 0x00000000a2c00000|100%|HC|  |TAMS 0x00000000a2c00000, 0x00000000a2b00000| Complete 
|  10|0x00000000a2c00000, 0x00000000a2d00000, 0x00000000a2d00000|100%|HS|  |TAMS 0x00000000a2d00000, 0x00000000a2c00000| Complete 
|  11|0x00000000a2d00000, 0x00000000a2e00000, 0x00000000a2e00000|100%|HC|  |TAMS 0x00000000a2e00000, 0x00000000a2d00000| Complete 
|  12|0x00000000a2e00000, 0x00000000a2f00000, 0x00000000a2f00000|100%| O|  |TAMS 0x00000000a2ecae00, 0x00000000a2e00000| Untracked 
|  13|0x00000000a2f00000, 0x00000000a3000000, 0x00000000a3000000|100%| O|  |TAMS 0x00000000a2f00000, 0x00000000a2f00000| Untracked 
|  14|0x00000000a3000000, 0x00000000a3100000, 0x00000000a3100000|100%| O|  |TAMS 0x00000000a3000000, 0x00000000a3000000| Untracked 
|  15|0x00000000a3100000, 0x00000000a3200000, 0x00000000a3200000|100%| O|  |TAMS 0x00000000a3100000, 0x00000000a3100000| Untracked 
|  16|0x00000000a3200000, 0x00000000a3300000, 0x00000000a3300000|100%| O|  |TAMS 0x00000000a3200000, 0x00000000a3200000| Untracked 
|  17|0x00000000a3300000, 0x00000000a3400000, 0x00000000a3400000|100%| O|  |TAMS 0x00000000a3300000, 0x00000000a3300000| Untracked 
|  18|0x00000000a3400000, 0x00000000a3500000, 0x00000000a3500000|100%| O|  |TAMS 0x00000000a3400000, 0x00000000a3400000| Untracked 
|  19|0x00000000a3500000, 0x00000000a35ddc00, 0x00000000a3600000| 86%| O|  |TAMS 0x00000000a3500000, 0x00000000a3500000| Untracked 
|  20|0x00000000a3600000, 0x00000000a3600000, 0x00000000a3700000|  0%| F|  |TAMS 0x00000000a3600000, 0x00000000a3600000| Untracked 
|  21|0x00000000a3700000, 0x00000000a3700000, 0x00000000a3800000|  0%| F|  |TAMS 0x00000000a3700000, 0x00000000a3700000| Untracked 
|  22|0x00000000a3800000, 0x00000000a3800000, 0x00000000a3900000|  0%| F|  |TAMS 0x00000000a3800000, 0x00000000a3800000| Untracked 
|  23|0x00000000a3900000, 0x00000000a3900000, 0x00000000a3a00000|  0%| F|  |TAMS 0x00000000a3900000, 0x00000000a3900000| Untracked 
|  24|0x00000000a3a00000, 0x00000000a3a00000, 0x00000000a3b00000|  0%| F|  |TAMS 0x00000000a3a00000, 0x00000000a3a00000| Untracked 
|  25|0x00000000a3b00000, 0x00000000a3b00000, 0x00000000a3c00000|  0%| F|  |TAMS 0x00000000a3b00000, 0x00000000a3b00000| Untracked 
|  26|0x00000000a3c00000, 0x00000000a3c00000, 0x00000000a3d00000|  0%| F|  |TAMS 0x00000000a3c00000, 0x00000000a3c00000| Untracked 
|  27|0x00000000a3d00000, 0x00000000a3d00000, 0x00000000a3e00000|  0%| F|  |TAMS 0x00000000a3d00000, 0x00000000a3d00000| Untracked 
|  28|0x00000000a3e00000, 0x00000000a3e00000, 0x00000000a3f00000|  0%| F|  |TAMS 0x00000000a3e00000, 0x00000000a3e00000| Untracked 
|  29|0x00000000a3f00000, 0x00000000a3f00000, 0x00000000a4000000|  0%| F|  |TAMS 0x00000000a3f00000, 0x00000000a3f00000| Untracked 
|  30|0x00000000a4000000, 0x00000000a4000000, 0x00000000a4100000|  0%| F|  |TAMS 0x00000000a4000000, 0x00000000a4000000| Untracked 
|  31|0x00000000a4100000, 0x00000000a4100000, 0x00000000a4200000|  0%| F|  |TAMS 0x00000000a4100000, 0x00000000a4100000| Untracked 
|  32|0x00000000a4200000, 0x00000000a4200000, 0x00000000a4300000|  0%| F|  |TAMS 0x00000000a4200000, 0x00000000a4200000| Untracked 
|  33|0x00000000a4300000, 0x00000000a4300000, 0x00000000a4400000|  0%| F|  |TAMS 0x00000000a4300000, 0x00000000a4300000| Untracked 
|  34|0x00000000a4400000, 0x00000000a4400000, 0x00000000a4500000|  0%| F|  |TAMS 0x00000000a4400000, 0x00000000a4400000| Untracked 
|  35|0x00000000a4500000, 0x00000000a4500000, 0x00000000a4600000|  0%| F|  |TAMS 0x00000000a4500000, 0x00000000a4500000| Untracked 
|  36|0x00000000a4600000, 0x00000000a4600000, 0x00000000a4700000|  0%| F|  |TAMS 0x00000000a4600000, 0x00000000a4600000| Untracked 
|  37|0x00000000a4700000, 0x00000000a4700000, 0x00000000a4800000|  0%| F|  |TAMS 0x00000000a4700000, 0x00000000a4700000| Untracked 
|  38|0x00000000a4800000, 0x00000000a4800000, 0x00000000a4900000|  0%| F|  |TAMS 0x00000000a4800000, 0x00000000a4800000| Untracked 
|  39|0x00000000a4900000, 0x00000000a4900000, 0x00000000a4a00000|  0%| F|  |TAMS 0x00000000a4900000, 0x00000000a4900000| Untracked 
|  40|0x00000000a4a00000, 0x00000000a4a00000, 0x00000000a4b00000|  0%| F|  |TAMS 0x00000000a4a00000, 0x00000000a4a00000| Untracked 
|  41|0x00000000a4b00000, 0x00000000a4b00000, 0x00000000a4c00000|  0%| F|  |TAMS 0x00000000a4b00000, 0x00000000a4b00000| Untracked 
|  42|0x00000000a4c00000, 0x00000000a4c00000, 0x00000000a4d00000|  0%| F|  |TAMS 0x00000000a4c00000, 0x00000000a4c00000| Untracked 
|  43|0x00000000a4d00000, 0x00000000a4d00000, 0x00000000a4e00000|  0%| F|  |TAMS 0x00000000a4d00000, 0x00000000a4d00000| Untracked 
|  44|0x00000000a4e00000, 0x00000000a4e00000, 0x00000000a4f00000|  0%| F|  |TAMS 0x00000000a4e00000, 0x00000000a4e00000| Untracked 
|  45|0x00000000a4f00000, 0x00000000a4f00000, 0x00000000a5000000|  0%| F|  |TAMS 0x00000000a4f00000, 0x00000000a4f00000| Untracked 
|  46|0x00000000a5000000, 0x00000000a5000000, 0x00000000a5100000|  0%| F|  |TAMS 0x00000000a5000000, 0x00000000a5000000| Untracked 
|  47|0x00000000a5100000, 0x00000000a5100000, 0x00000000a5200000|  0%| F|  |TAMS 0x00000000a5100000, 0x00000000a5100000| Untracked 
|  48|0x00000000a5200000, 0x00000000a5200000, 0x00000000a5300000|  0%| F|  |TAMS 0x00000000a5200000, 0x00000000a5200000| Untracked 
|  49|0x00000000a5300000, 0x00000000a5300000, 0x00000000a5400000|  0%| F|  |TAMS 0x00000000a5300000, 0x00000000a5300000| Untracked 
|  50|0x00000000a5400000, 0x00000000a5400000, 0x00000000a5500000|  0%| F|  |TAMS 0x00000000a5400000, 0x00000000a5400000| Untracked 
|  51|0x00000000a5500000, 0x00000000a5500000, 0x00000000a5600000|  0%| F|  |TAMS 0x00000000a5500000, 0x00000000a5500000| Untracked 
|  52|0x00000000a5600000, 0x00000000a5600000, 0x00000000a5700000|  0%| F|  |TAMS 0x00000000a5600000, 0x00000000a5600000| Untracked 
|  53|0x00000000a5700000, 0x00000000a579b390, 0x00000000a5800000| 60%| E|  |TAMS 0x00000000a5700000, 0x00000000a5700000| Complete 
|  54|0x00000000a5800000, 0x00000000a5900000, 0x00000000a5900000|100%| E|CS|TAMS 0x00000000a5800000, 0x00000000a5800000| Complete 
|  55|0x00000000a5900000, 0x00000000a5a00000, 0x00000000a5a00000|100%| E|CS|TAMS 0x00000000a5900000, 0x00000000a5900000| Complete 
|  56|0x00000000a5a00000, 0x00000000a5b00000, 0x00000000a5b00000|100%| E|CS|TAMS 0x00000000a5a00000, 0x00000000a5a00000| Complete 
|  57|0x00000000a5b00000, 0x00000000a5c00000, 0x00000000a5c00000|100%| E|CS|TAMS 0x00000000a5b00000, 0x00000000a5b00000| Complete 
|  58|0x00000000a5c00000, 0x00000000a5d00000, 0x00000000a5d00000|100%| E|CS|TAMS 0x00000000a5c00000, 0x00000000a5c00000| Complete 
|  59|0x00000000a5d00000, 0x00000000a5e00000, 0x00000000a5e00000|100%| E|CS|TAMS 0x00000000a5d00000, 0x00000000a5d00000| Complete 
|  60|0x00000000a5e00000, 0x00000000a5f00000, 0x00000000a5f00000|100%| E|CS|TAMS 0x00000000a5e00000, 0x00000000a5e00000| Complete 
|  61|0x00000000a5f00000, 0x00000000a6000000, 0x00000000a6000000|100%| E|CS|TAMS 0x00000000a5f00000, 0x00000000a5f00000| Complete 
|  62|0x00000000a6000000, 0x00000000a6100000, 0x00000000a6100000|100%| E|CS|TAMS 0x00000000a6000000, 0x00000000a6000000| Complete 
|  63|0x00000000a6100000, 0x00000000a6200000, 0x00000000a6200000|100%| E|CS|TAMS 0x00000000a6100000, 0x00000000a6100000| Complete 
|  64|0x00000000a6200000, 0x00000000a6300000, 0x00000000a6300000|100%| E|CS|TAMS 0x00000000a6200000, 0x00000000a6200000| Complete 
|  65|0x00000000a6300000, 0x00000000a6400000, 0x00000000a6400000|100%| E|CS|TAMS 0x00000000a6300000, 0x00000000a6300000| Complete 
|  66|0x00000000a6400000, 0x00000000a6500000, 0x00000000a6500000|100%| E|CS|TAMS 0x00000000a6400000, 0x00000000a6400000| Complete 
|  67|0x00000000a6500000, 0x00000000a6600000, 0x00000000a6600000|100%| E|CS|TAMS 0x00000000a6500000, 0x00000000a6500000| Complete 
|  68|0x00000000a6600000, 0x00000000a6700000, 0x00000000a6700000|100%| E|CS|TAMS 0x00000000a6600000, 0x00000000a6600000| Complete 
|  69|0x00000000a6700000, 0x00000000a6800000, 0x00000000a6800000|100%| E|CS|TAMS 0x00000000a6700000, 0x00000000a6700000| Complete 
|  70|0x00000000a6800000, 0x00000000a6900000, 0x00000000a6900000|100%| E|CS|TAMS 0x00000000a6800000, 0x00000000a6800000| Complete 
|  71|0x00000000a6900000, 0x00000000a6a00000, 0x00000000a6a00000|100%| E|CS|TAMS 0x00000000a6900000, 0x00000000a6900000| Complete 
|  91|0x00000000a7d00000, 0x00000000a7de5860, 0x00000000a7e00000| 89%| S|CS|TAMS 0x00000000a7d00000, 0x00000000a7d00000| Complete 
|  93|0x00000000a7f00000, 0x00000000a8000000, 0x00000000a8000000|100%| E|CS|TAMS 0x00000000a7f00000, 0x00000000a7f00000| Complete 

Card table byte_map: [0x000002024f710000,0x000002024fa00000] _byte_map_base: 0x000002024f1ff000

Marking Bits (Prev, Next): (CMBitMap*) 0x0000020236e02900, (CMBitMap*) 0x0000020236e028c0
 Prev Bits: [0x0000020251470000, 0x0000020252be8000)
 Next Bits: [0x000002024fcf0000, 0x0000020251468000)

Polling page: 0x000002023fdd0000

Metaspace:

Usage:
  Non-class:     21.51 MB used.
      Class:      3.33 MB used.
       Both:     24.84 MB used.

Virtual space:
  Non-class space:       24.00 MB reserved,      21.62 MB ( 90%) committed,  3 nodes.
      Class space:        1.00 GB reserved,       3.44 MB ( <1%) committed,  1 nodes.
             Both:        1.02 GB reserved,      25.06 MB (  2%) committed. 

Chunk freelists:
   Non-Class:  2.41 MB
       Class:  384.00 KB
        Both:  2.78 MB

MaxMetaspaceSize: unlimited
CompressedClassSpaceSize: 1.00 GB
Initial GC threshold: 21.00 MB
Current GC threshold: 35.25 MB
CDS: on
MetaspaceReclaimPolicy: balanced
 - commit_granule_bytes: 65536.
 - commit_granule_words: 8192.
 - virtual_space_node_default_size: 1048576.
 - enlarge_chunks_in_place: 1.
 - new_chunks_are_fully_committed: 0.
 - uncommit_free_chunks: 1.
 - use_allocation_guard: 0.
 - handle_deallocations: 1.


Internal statistics:

num_allocs_failed_limit: 3.
num_arena_births: 216.
num_arena_deaths: 0.
num_vsnodes_births: 4.
num_vsnodes_deaths: 0.
num_space_committed: 401.
num_space_uncommitted: 0.
num_chunks_returned_to_freelist: 3.
num_chunks_taken_from_freelist: 937.
num_chunk_merges: 0.
num_chunk_splits: 656.
num_chunks_enlarged: 507.
num_purges: 0.
num_inconsistent_stats: 0.

CodeHeap 'non-profiled nmethods': size=120000Kb used=1523Kb max_used=1523Kb free=118476Kb
 bounds [0x00000202478c0000, 0x0000020247b30000, 0x000002024edf0000]
CodeHeap 'profiled nmethods': size=120000Kb used=7607Kb max_used=7607Kb free=112393Kb
 bounds [0x0000020240390000, 0x0000020240b00000, 0x00000202478c0000]
CodeHeap 'non-nmethods': size=5760Kb used=1569Kb max_used=1613Kb free=4191Kb
 bounds [0x000002023fdf0000, 0x0000020240060000, 0x0000020240390000]
 total_blobs=4625 nmethods=3746 adapters=790
 compilation: enabled
              stopped_count=0, restarted_count=0
 full_count=0

Compilation events (20 events):
Event: 32.716 Thread 0x000002025520a670 3741       3       javafx.scene.Node::invalidateLocalToParentTransform (15 bytes)
Event: 32.716 Thread 0x000002025520a670 nmethod 3741 0x0000020240afa410 code [0x0000020240afa5e0, 0x0000020240afaa68]
Event: 32.717 Thread 0x000002025520a670 3742       3       javafx.scene.Node::sceneProperty (8 bytes)
Event: 32.717 Thread 0x000002025520a670 nmethod 3742 0x0000020240afac10 code [0x0000020240afade0, 0x0000020240afb318]
Event: 32.717 Thread 0x000002025520a670 3743       3       com.sun.javafx.event.BasicEventDispatcher::<init> (5 bytes)
Event: 32.717 Thread 0x000002025520a670 nmethod 3743 0x0000020240afb510 code [0x0000020240afb6a0, 0x0000020240afb7f8]
Event: 32.717 Thread 0x000002025520a670 3744       3       javafx.scene.Node::disabledPropertyImpl (24 bytes)
Event: 32.718 Thread 0x000002025520a670 nmethod 3744 0x0000020240afb890 code [0x0000020240afba60, 0x0000020240afbf68]
Event: 32.718 Thread 0x000002025520a670 3745       1       com.sun.javafx.event.CompositeEventHandler::setEventHandler (6 bytes)
Event: 32.718 Thread 0x000002025520a670 nmethod 3745 0x0000020247a3ba90 code [0x0000020247a3bc20, 0x0000020247a3bd38]
Event: 32.718 Thread 0x000002025520a670 3746       3       javafx.scene.Node::getOrientationParent (24 bytes)
Event: 32.718 Thread 0x000002025520a670 nmethod 3746 0x0000020240afc110 code [0x0000020240afc300, 0x0000020240afc8c8]
Event: 32.718 Thread 0x000002025520a670 3747       3       javafx.beans.property.StringPropertyBase::set (93 bytes)
Event: 32.719 Thread 0x000002025520a670 nmethod 3747 0x0000020240afca90 code [0x0000020240afcd20, 0x0000020240afd908]
Event: 32.719 Thread 0x000002025520a670 3748       1       javafx.scene.paint.Paint::acc_isMutable (2 bytes)
Event: 32.719 Thread 0x000002025520a670 nmethod 3748 0x0000020247a3bd90 code [0x0000020247a3bf20, 0x0000020247a3bff8]
Event: 32.720 Thread 0x0000020257788e70 nmethod 3740 0x0000020247a3c090 code [0x0000020247a3c220, 0x0000020247a3c818]
Event: 32.720 Thread 0x0000020257788e70 3749       4       com.sun.javafx.css.StyleClassSet::getStyleClass (148 bytes)
Event: 32.729 Thread 0x000002025520a670 3751       1       java.util.logging.LogManager$LoggerContext::getOwner (5 bytes)
Event: 32.730 Thread 0x000002025520a670 nmethod 3751 0x0000020247a3ca10 code [0x0000020247a3cba0, 0x0000020247a3cc78]

GC Heap History (8 events):
Event: 0.966 GC heap before
{Heap before GC invocations=0 (full 0):
 garbage-first heap   total 96256K, used 13312K [0x00000000a2200000, 0x0000000100000000)
  region size 1024K, 13 young (13312K), 0 survivors (0K)
 Metaspace       used 2294K, committed 2432K, reserved 1056768K
  class space    used 241K, committed 320K, reserved 1048576K
}
Event: 0.970 GC heap after
{Heap after GC invocations=1 (full 0):
 garbage-first heap   total 96256K, used 1806K [0x00000000a2200000, 0x0000000100000000)
  region size 1024K, 2 young (2048K), 2 survivors (2048K)
 Metaspace       used 2294K, committed 2432K, reserved 1056768K
  class space    used 241K, committed 320K, reserved 1048576K
}
Event: 1.545 GC heap before
{Heap before GC invocations=1 (full 0):
 garbage-first heap   total 96256K, used 18190K [0x00000000a2200000, 0x0000000100000000)
  region size 1024K, 19 young (19456K), 2 survivors (2048K)
 Metaspace       used 6996K, committed 7168K, reserved 1056768K
  class space    used 842K, committed 896K, reserved 1048576K
}
Event: 1.548 GC heap after
{Heap after GC invocations=2 (full 0):
 garbage-first heap   total 96256K, used 3396K [0x00000000a2200000, 0x0000000100000000)
  region size 1024K, 2 young (2048K), 2 survivors (2048K)
 Metaspace       used 6996K, committed 7168K, reserved 1056768K
  class space    used 842K, committed 896K, reserved 1048576K
}
Event: 9.215 GC heap before
{Heap before GC invocations=2 (full 0):
 garbage-first heap   total 96256K, used 67908K [0x00000000a2200000, 0x0000000100000000)
  region size 1024K, 56 young (57344K), 2 survivors (2048K)
 Metaspace       used 20234K, committed 20544K, reserved 1073152K
  class space    used 2670K, committed 2816K, reserved 1048576K
}
Event: 9.222 GC heap after
{Heap after GC invocations=3 (full 0):
 garbage-first heap   total 96256K, used 20267K [0x00000000a2200000, 0x0000000100000000)
  region size 1024K, 7 young (7168K), 7 survivors (7168K)
 Metaspace       used 20234K, committed 20544K, reserved 1073152K
  class space    used 2670K, committed 2816K, reserved 1048576K
}
Event: 9.300 GC heap before
{Heap before GC invocations=3 (full 0):
 garbage-first heap   total 96256K, used 21291K [0x00000000a2200000, 0x0000000100000000)
  region size 1024K, 9 young (9216K), 7 survivors (7168K)
 Metaspace       used 21284K, committed 21504K, reserved 1073152K
  class space    used 2785K, committed 2880K, reserved 1048576K
}
Event: 9.306 GC heap after
{Heap after GC invocations=4 (full 0):
 garbage-first heap   total 96256K, used 21261K [0x00000000a2200000, 0x0000000100000000)
  region size 1024K, 1 young (1024K), 1 survivors (1024K)
 Metaspace       used 21284K, committed 21504K, reserved 1073152K
  class space    used 2785K, committed 2880K, reserved 1048576K
}

Deoptimization events (20 events):
Event: 32.386 Thread 0x0000020256724780 DEOPT PACKING pc=0x0000020247a005b8 sp=0x000000202bcf9640
Event: 32.386 Thread 0x0000020256724780 DEOPT UNPACKING pc=0x000002023fe423a3 sp=0x000000202bcf9600 mode 2
Event: 32.431 Thread 0x0000020256724780 Uncommon trap: trap_request=0xffffff45 fr.pc=0x00000202479fe8b0 relative=0x0000000000000210
Event: 32.431 Thread 0x0000020256724780 Uncommon trap: reason=unstable_if action=reinterpret pc=0x00000202479fe8b0 method=java.util.regex.Matcher.reset()Ljava/util/regex/Matcher; @ 71 c2
Event: 32.431 Thread 0x0000020256724780 DEOPT PACKING pc=0x00000202479fe8b0 sp=0x000000202bcfa470
Event: 32.431 Thread 0x0000020256724780 DEOPT UNPACKING pc=0x000002023fe423a3 sp=0x000000202bcfa408 mode 2
Event: 32.478 Thread 0x0000020256724780 DEOPT PACKING pc=0x00000202405bb33c sp=0x000000202bcfa5d0
Event: 32.478 Thread 0x0000020256724780 DEOPT UNPACKING pc=0x000002023fe42b43 sp=0x000000202bcf9aa8 mode 1
Event: 32.480 Thread 0x0000020256724780 Uncommon trap: trap_request=0xffffff45 fr.pc=0x00000202479e04e0 relative=0x00000000000000c0
Event: 32.480 Thread 0x0000020256724780 Uncommon trap: reason=unstable_if action=reinterpret pc=0x00000202479e04e0 method=java.lang.CharacterDataLatin1.digit(II)I @ 12 c2
Event: 32.480 Thread 0x0000020256724780 DEOPT PACKING pc=0x00000202479e04e0 sp=0x000000202bcf9250
Event: 32.480 Thread 0x0000020256724780 DEOPT UNPACKING pc=0x000002023fe423a3 sp=0x000000202bcf91d8 mode 2
Event: 32.501 Thread 0x0000020256724780 DEOPT PACKING pc=0x0000020240a1ab02 sp=0x000000202bcf86d0
Event: 32.501 Thread 0x0000020256724780 DEOPT UNPACKING pc=0x000002023fe42b43 sp=0x000000202bcf7b10 mode 0
Event: 32.503 Thread 0x0000020256724780 DEOPT PACKING pc=0x0000020240a1aacf sp=0x000000202bcf8750
Event: 32.503 Thread 0x0000020256724780 DEOPT UNPACKING pc=0x000002023fe42b43 sp=0x000000202bcf7b90 mode 0
Event: 32.730 Thread 0x000002025693f310 DEOPT PACKING pc=0x00000202408fd9a4 sp=0x000000202b8ff3f0
Event: 32.730 Thread 0x000002025693f310 DEOPT UNPACKING pc=0x000002023fe42b43 sp=0x000000202b8fe918 mode 1
Event: 32.730 Thread 0x0000020256dfcfd0 DEOPT PACKING pc=0x0000020240515b4c sp=0x000000202cefefc0
Event: 32.731 Thread 0x0000020256dfcfd0 DEOPT UNPACKING pc=0x000002023fe42b43 sp=0x000000202cefe420 mode 1

Classes unloaded (0 events):
No events

Classes redefined (0 events):
No events

Internal exceptions (20 events):
Event: 2.416 Thread 0x0000020256724780 Exception <a 'java/lang/ClassNotFoundException'{0x00000000a64144c8}: com/sun/javafx/scene/control/skin/resources/controls_ru_RU> (0x00000000a64144c8) 
thrown [t:\workspace\open\src\hotspot\share\prims\jni.cpp, line 535]
Event: 2.483 Thread 0x0000020256724780 Exception <a 'java/lang/NoSuchMethodError'{0x00000000a63e8f98}: 'void java.lang.invoke.DirectMethodHandle$Holder.invokeSpecial(java.lang.Object, java.lang.Object, java.lang.Object, java.lang.Object, java.lang.Object, java.lang.Object)'> (0x00000000a63e8f98) 
thrown [t:\workspace\open\src\hotspot\share\interpreter\linkResolver.cpp, line 766]
Event: 2.518 Thread 0x0000020256724780 Exception <a 'java/lang/NoSuchMethodError'{0x00000000a60622d0}: 'java.lang.Object java.lang.invoke.DirectMethodHandle$Holder.invokeInterface(java.lang.Object, java.lang.Object, java.lang.Object)'> (0x00000000a60622d0) 
thrown [t:\workspace\open\src\hotspot\share\interpreter\linkResolver.cpp, line 766]
Event: 2.518 Thread 0x0000020256724780 Exception <a 'java/lang/IncompatibleClassChangeError'{0x00000000a6065c58}: Found class java.lang.Object, but interface was expected> (0x00000000a6065c58) 
thrown [t:\workspace\open\src\hotspot\share\interpreter\linkResolver.cpp, line 833]
Event: 2.600 Thread 0x0000020256724780 Exception <a 'java/lang/NoSuchMethodError'{0x00000000a5e6c0f0}: 'java.lang.Object java.lang.invoke.DirectMethodHandle$Holder.newInvokeSpecial(java.lang.Object, java.lang.Object, int)'> (0x00000000a5e6c0f0) 
thrown [t:\workspace\open\src\hotspot\share\interpreter\linkResolver.cpp, line 766]
Event: 2.626 Thread 0x000002025693f310 Exception <a 'java/lang/NoSuchMethodError'{0x00000000a5d1f9b0}: 'int java.lang.invoke.DirectMethodHandle$Holder.invokeStaticInit(java.lang.Object, java.lang.Object)'> (0x00000000a5d1f9b0) 
thrown [t:\workspace\open\src\hotspot\share\interpreter\linkResolver.cpp, line 766]
Event: 2.640 Thread 0x0000020256724780 Exception <a 'java/lang/NoSuchMethodError'{0x00000000a5ee7020}: 'long java.lang.invoke.DirectMethodHandle$Holder.invokeStatic(java.lang.Object, java.lang.Object, java.lang.Object)'> (0x00000000a5ee7020) 
thrown [t:\workspace\open\src\hotspot\share\interpreter\linkResolver.cpp, line 766]
Event: 2.640 Thread 0x0000020256724780 Exception <a 'java/lang/NoSuchMethodError'{0x00000000a5dca9d0}: 'long java.lang.invoke.DirectMethodHandle$Holder.invokeStaticInit(java.lang.Object, java.lang.Object, java.lang.Object)'> (0x00000000a5dca9d0) 
thrown [t:\workspace\open\src\hotspot\share\interpreter\linkResolver.cpp, line 766]
Event: 2.644 Thread 0x0000020256724780 Exception <a 'java/lang/NoSuchMethodError'{0x00000000a5de25d8}: 'java.lang.Object java.lang.invoke.DirectMethodHandle$Holder.newInvokeSpecial(java.lang.Object, java.lang.Object, long)'> (0x00000000a5de25d8) 
thrown [t:\workspace\open\src\hotspot\share\interpreter\linkResolver.cpp, line 766]
Event: 2.644 Thread 0x0000020256724780 Exception <a 'java/lang/NoSuchMethodError'{0x00000000a5de6148}: 'java.lang.Object java.lang.invoke.Invokers$Holder.linkToTargetMethod(java.lang.Object, long, java.lang.Object)'> (0x00000000a5de6148) 
thrown [t:\workspace\open\src\hotspot\share\interpreter\linkResolver.cpp, line 766]
Event: 8.753 Thread 0x0000020256724780 Exception <a 'sun/nio/fs/WindowsException'{0x00000000a56f89c0}> (0x00000000a56f89c0) 
thrown [t:\workspace\open\src\hotspot\share\prims\jni.cpp, line 516]
Event: 8.797 Thread 0x0000020256724780 Exception <a 'java/lang/NoSuchMethodError'{0x00000000a54d8be8}: 'java.lang.Object java.lang.invoke.DirectMethodHandle$Holder.invokeVirtual(java.lang.Object, java.lang.Object, java.lang.Object)'> (0x00000000a54d8be8) 
thrown [t:\workspace\open\src\hotspot\share\interpreter\linkResolver.cpp, line 766]
Event: 8.892 Thread 0x0000020256724780 Exception <a 'java/lang/ClassNotFoundException'{0x00000000a4f421d8}: jdk/net/ExtendedSocketOptions> (0x00000000a4f421d8) 
thrown [t:\workspace\open\src\hotspot\share\classfile\systemDictionary.cpp, line 256]
Event: 9.059 Thread 0x0000020256724780 Exception <a 'sun/nio/fs/WindowsException'{0x00000000a4a38648}> (0x00000000a4a38648) 
thrown [t:\workspace\open\src\hotspot\share\prims\jni.cpp, line 516]
Event: 9.069 Thread 0x0000020256724780 Exception <a 'sun/nio/fs/WindowsException'{0x00000000a4a58f80}> (0x00000000a4a58f80) 
thrown [t:\workspace\open\src\hotspot\share\prims\jni.cpp, line 516]
Event: 9.083 Thread 0x0000020256724780 Exception <a 'java/lang/NoSuchMethodError'{0x00000000a4a7a8c8}: 'int java.lang.invoke.DirectMethodHandle$Holder.invokeStatic(java.lang.Object, java.lang.Object, java.lang.Object, java.lang.Object)'> (0x00000000a4a7a8c8) 
thrown [t:\workspace\open\src\hotspot\share\interpreter\linkResolver.cpp, line 766]
Event: 9.083 Thread 0x0000020256724780 Exception <a 'java/lang/NoSuchMethodError'{0x00000000a4a7e8c8}: 'int java.lang.invoke.DirectMethodHandle$Holder.invokeStaticInit(java.lang.Object, java.lang.Object, java.lang.Object, java.lang.Object)'> (0x00000000a4a7e8c8) 
thrown [t:\workspace\open\src\hotspot\share\interpreter\linkResolver.cpp, line 766]
Event: 9.085 Thread 0x0000020256724780 Exception <a 'java/lang/IncompatibleClassChangeError'{0x00000000a4a87f40}: Found class java.lang.Object, but interface was expected> (0x00000000a4a87f40) 
thrown [t:\workspace\open\src\hotspot\share\interpreter\linkResolver.cpp, line 833]
Event: 9.148 Thread 0x0000020256724780 Exception <a 'java/lang/NoSuchMethodError'{0x00000000a4821ba0}: 'java.lang.Object java.lang.invoke.DirectMethodHandle$Holder.invokeStaticInit(java.lang.Object, int, int, int, int)'> (0x00000000a4821ba0) 
thrown [t:\workspace\open\src\hotspot\share\interpreter\linkResolver.cpp, line 766]
Event: 9.204 Thread 0x0000020256724780 Exception <a 'java/lang/NoSuchMethodError'{0x00000000a48d9080}: 'java.lang.Object java.lang.invoke.DirectMethodHandle$Holder.invokeStaticInit(java.lang.Object, java.lang.Object, int, int, int, int)'> (0x00000000a48d9080) 
thrown [t:\workspace\open\src\hotspot\share\interpreter\linkResolver.cpp, line 766]

VM Operations (20 events):
Event: 26.281 Executing VM operation: get/set locals done
Event: 26.283 Executing VM operation: get/set locals
Event: 26.283 Executing VM operation: get/set locals done
Event: 32.333 Executing VM operation: ChangeBreakpoints
Event: 32.333 Executing VM operation: ChangeBreakpoints done
Event: 32.333 Executing VM operation: ChangeBreakpoints
Event: 32.333 Executing VM operation: ChangeBreakpoints done
Event: 32.334 Executing VM operation: ChangeBreakpoints
Event: 32.334 Executing VM operation: ChangeBreakpoints done
Event: 32.334 Executing VM operation: ChangeBreakpoints
Event: 32.334 Executing VM operation: ChangeBreakpoints done
Event: 32.587 Executing VM operation: HandshakeAllThreads
Event: 32.587 Executing VM operation: HandshakeAllThreads done
Event: 32.595 Executing VM operation: HandshakeAllThreads
Event: 32.595 Executing VM operation: HandshakeAllThreads done
Event: 32.669 Executing VM operation: ICBufferFull
Event: 32.669 Executing VM operation: ICBufferFull done
Event: 32.723 Executing VM operation: HandshakeAllThreads
Event: 32.729 Executing VM operation: HandshakeAllThreads done
Event: 32.731 Executing VM operation: Exit

Events (20 events):
Event: 32.715 loading class javafx/beans/value/ObservableValue
Event: 32.715 loading class javafx/beans/value/ObservableValue done
Event: 32.715 loading class javafx/scene/control/skin/TableColumnHeader
Event: 32.715 loading class javafx/scene/control/skin/TableColumnHeader done
Event: 32.715 loading class javafx/beans/value/ObservableValue
Event: 32.715 loading class javafx/beans/value/ObservableValue done
Event: 32.715 loading class javafx/scene/control/skin/TableColumnHeader
Event: 32.715 loading class javafx/scene/control/skin/TableColumnHeader done
Event: 32.715 loading class javafx/scene/control/TableColumnBase
Event: 32.715 loading class javafx/scene/control/TableColumnBase done
Event: 32.716 loading class javafx/scene/control/skin/TableColumnHeader
Event: 32.716 loading class javafx/scene/control/skin/TableColumnHeader done
Event: 32.716 loading class javafx/scene/control/TableColumnBase
Event: 32.716 loading class javafx/scene/control/TableColumnBase done
Event: 32.726 loading class com/sun/javafx/tk/quantum/QuantumRenderer
Event: 32.726 loading class com/sun/javafx/tk/quantum/QuantumRenderer done
Event: 32.729 Thread 0x0000020256dfd970 Thread exited: 0x0000020256dfd970
Event: 32.730 loading class com/sun/javafx/tk/quantum/QuantumToolkit
Event: 32.730 loading class com/sun/javafx/tk/quantum/QuantumToolkit done
Event: 32.731 Thread 0x0000020256dfcfd0 Thread exited: 0x0000020256dfcfd0


Dynamic libraries:
0x00007ff73ef20000 - 0x00007ff73ef2e000 	C:\Users\Alina\.jdks\openjdk-17.0.2\bin\java.exe
0x00007ffcfa270000 - 0x00007ffcfa468000 	C:\Windows\SYSTEM32\ntdll.dll
0x00007ffcf98a0000 - 0x00007ffcf995f000 	C:\Windows\System32\KERNEL32.DLL
0x00007ffcf7c90000 - 0x00007ffcf7f62000 	C:\Windows\System32\KERNELBASE.dll
0x00007ffcf7b00000 - 0x00007ffcf7c00000 	C:\Windows\System32\ucrtbase.dll
0x00007ffcded30000 - 0x00007ffcded48000 	C:\Users\Alina\.jdks\openjdk-17.0.2\bin\jli.dll
0x00007ffcf8450000 - 0x00007ffcf85ed000 	C:\Windows\System32\USER32.dll
0x00007ffcf8010000 - 0x00007ffcf8032000 	C:\Windows\System32\win32u.dll
0x00007ffcfa1d0000 - 0x00007ffcfa1fb000 	C:\Windows\System32\GDI32.dll
0x00007ffcf7940000 - 0x00007ffcf7a4f000 	C:\Windows\System32\gdi32full.dll
0x00007ffccb750000 - 0x00007ffccb76a000 	C:\Users\Alina\.jdks\openjdk-17.0.2\bin\VCRUNTIME140.dll
0x00007ffcf7f70000 - 0x00007ffcf800d000 	C:\Windows\System32\msvcp_win.dll
0x00007ffcec1d0000 - 0x00007ffcec46a000 	C:\Windows\WinSxS\amd64_microsoft.windows.common-controls_6595b64144ccf1df_6.0.19041.1110_none_60b5254171f9507e\COMCTL32.dll
0x00007ffcf85f0000 - 0x00007ffcf868e000 	C:\Windows\System32\msvcrt.dll
0x00007ffcf9d10000 - 0x00007ffcf9d42000 	C:\Windows\System32\IMM32.DLL
0x00007ffce4320000 - 0x00007ffce432c000 	C:\Users\Alina\.jdks\openjdk-17.0.2\bin\vcruntime140_1.dll
0x00007ffccb300000 - 0x00007ffccb38d000 	C:\Users\Alina\.jdks\openjdk-17.0.2\bin\msvcp140.dll
0x00007ffc7d080000 - 0x00007ffc7dc41000 	C:\Users\Alina\.jdks\openjdk-17.0.2\bin\server\jvm.dll
0x00007ffcf8690000 - 0x00007ffcf873e000 	C:\Windows\System32\ADVAPI32.dll
0x00007ffcf8df0000 - 0x00007ffcf8e8c000 	C:\Windows\System32\sechost.dll
0x00007ffcf8290000 - 0x00007ffcf83b5000 	C:\Windows\System32\RPCRT4.dll
0x00007ffcf8750000 - 0x00007ffcf8758000 	C:\Windows\System32\PSAPI.DLL
0x00007ffcf5080000 - 0x00007ffcf5089000 	C:\Windows\SYSTEM32\WSOCK32.dll
0x00007ffcf83e0000 - 0x00007ffcf844b000 	C:\Windows\System32\WS2_32.dll
0x00007ffced9e0000 - 0x00007ffceda07000 	C:\Windows\SYSTEM32\WINMM.dll
0x00007ffceda10000 - 0x00007ffceda1a000 	C:\Windows\SYSTEM32\VERSION.dll
0x00007ffcf57c0000 - 0x00007ffcf57d2000 	C:\Windows\SYSTEM32\kernel.appcore.dll
0x00007ffce2cc0000 - 0x00007ffce2cca000 	C:\Users\Alina\.jdks\openjdk-17.0.2\bin\jimage.dll
0x00007ffcecb70000 - 0x00007ffcecd54000 	C:\Windows\SYSTEM32\DBGHELP.DLL
0x00007ffcecb40000 - 0x00007ffcecb6c000 	C:\Windows\SYSTEM32\dbgcore.DLL
0x00007ffcf7c00000 - 0x00007ffcf7c82000 	C:\Windows\System32\bcryptPrimitives.dll
0x00007ffccb710000 - 0x00007ffccb74b000 	C:\Users\Alina\.jdks\openjdk-17.0.2\bin\jdwp.dll
0x00007ffce2bd0000 - 0x00007ffce2bde000 	C:\Users\Alina\.jdks\openjdk-17.0.2\bin\instrument.dll
0x00007ffccb2d0000 - 0x00007ffccb2f5000 	C:\Users\Alina\.jdks\openjdk-17.0.2\bin\java.dll
0x00007ffccb1f0000 - 0x00007ffccb2c6000 	C:\Users\Alina\.jdks\openjdk-17.0.2\bin\jsvml.dll
0x00007ffcf9150000 - 0x00007ffcf9893000 	C:\Windows\System32\SHELL32.dll
0x00007ffcf59c0000 - 0x00007ffcf6152000 	C:\Windows\SYSTEM32\windows.storage.dll
0x00007ffcf9e70000 - 0x00007ffcfa1c4000 	C:\Windows\System32\combase.dll
0x00007ffcf71e0000 - 0x00007ffcf7210000 	C:\Windows\SYSTEM32\Wldp.dll
0x00007ffcf99c0000 - 0x00007ffcf9a6d000 	C:\Windows\System32\SHCORE.dll
0x00007ffcf9960000 - 0x00007ffcf99b5000 	C:\Windows\System32\shlwapi.dll
0x00007ffcf7880000 - 0x00007ffcf789f000 	C:\Windows\SYSTEM32\profapi.dll
0x00007ffccb6f0000 - 0x00007ffccb709000 	C:\Users\Alina\.jdks\openjdk-17.0.2\bin\net.dll
0x00007ffcef1e0000 - 0x00007ffcef2ec000 	C:\Windows\SYSTEM32\WINHTTP.dll
0x00007ffcf6fc0000 - 0x00007ffcf702a000 	C:\Windows\system32\mswsock.dll
0x00007ffccb1d0000 - 0x00007ffccb1e6000 	C:\Users\Alina\.jdks\openjdk-17.0.2\bin\nio.dll
0x00007ffccb1b0000 - 0x00007ffccb1c8000 	C:\Users\Alina\.jdks\openjdk-17.0.2\bin\zip.dll
0x00007ffce2a90000 - 0x00007ffce2a9c000 	C:\Users\Alina\.jdks\openjdk-17.0.2\bin\dt_socket.dll
0x00007ffcf6cd0000 - 0x00007ffcf6d0b000 	C:\Windows\SYSTEM32\IPHLPAPI.DLL
0x00007ffce1e90000 - 0x00007ffce1ea0000 	C:\Users\Alina\.jdks\openjdk-17.0.2\bin\verify.dll
0x0000020255390000 - 0x0000020255393000 	C:\Users\Alina\.openjfx\cache\16\api-ms-win-core-console-l1-1-0.dll
0x00000202553a0000 - 0x00000202553a3000 	C:\Users\Alina\.openjfx\cache\16\api-ms-win-core-console-l1-2-0.dll
0x00000202553b0000 - 0x00000202553b3000 	C:\Users\Alina\.openjfx\cache\16\api-ms-win-core-datetime-l1-1-0.dll
0x00000202553c0000 - 0x00000202553c3000 	C:\Users\Alina\.openjfx\cache\16\api-ms-win-core-debug-l1-1-0.dll
0x00000202553d0000 - 0x00000202553d3000 	C:\Users\Alina\.openjfx\cache\16\api-ms-win-core-errorhandling-l1-1-0.dll
0x00000202553e0000 - 0x00000202553e4000 	C:\Users\Alina\.openjfx\cache\16\api-ms-win-core-file-l1-1-0.dll
0x00000202553f0000 - 0x00000202553f3000 	C:\Users\Alina\.openjfx\cache\16\api-ms-win-core-file-l1-2-0.dll
0x0000020256800000 - 0x0000020256803000 	C:\Users\Alina\.openjfx\cache\16\api-ms-win-core-file-l2-1-0.dll
0x0000020256810000 - 0x0000020256813000 	C:\Users\Alina\.openjfx\cache\16\api-ms-win-core-handle-l1-1-0.dll
0x0000020256820000 - 0x0000020256823000 	C:\Users\Alina\.openjfx\cache\16\api-ms-win-core-heap-l1-1-0.dll
0x0000020256830000 - 0x0000020256833000 	C:\Users\Alina\.openjfx\cache\16\api-ms-win-core-interlocked-l1-1-0.dll
0x0000020256840000 - 0x0000020256843000 	C:\Users\Alina\.openjfx\cache\16\api-ms-win-core-libraryloader-l1-1-0.dll
0x0000020256850000 - 0x0000020256853000 	C:\Users\Alina\.openjfx\cache\16\api-ms-win-core-localization-l1-2-0.dll
0x0000020256860000 - 0x0000020256863000 	C:\Users\Alina\.openjfx\cache\16\api-ms-win-core-memory-l1-1-0.dll
0x0000020256870000 - 0x0000020256873000 	C:\Users\Alina\.openjfx\cache\16\api-ms-win-core-namedpipe-l1-1-0.dll
0x0000020256880000 - 0x0000020256883000 	C:\Users\Alina\.openjfx\cache\16\api-ms-win-core-processenvironment-l1-1-0.dll
0x0000020256890000 - 0x0000020256893000 	C:\Users\Alina\.openjfx\cache\16\api-ms-win-core-processthreads-l1-1-0.dll
0x00000202568a0000 - 0x00000202568a3000 	C:\Users\Alina\.openjfx\cache\16\api-ms-win-core-processthreads-l1-1-1.dll
0x00000202568b0000 - 0x00000202568b3000 	C:\Users\Alina\.openjfx\cache\16\api-ms-win-core-profile-l1-1-0.dll
0x00000202568c0000 - 0x00000202568c3000 	C:\Users\Alina\.openjfx\cache\16\api-ms-win-core-rtlsupport-l1-1-0.dll
0x00000202568d0000 - 0x00000202568d3000 	C:\Users\Alina\.openjfx\cache\16\api-ms-win-core-string-l1-1-0.dll
0x00000202568e0000 - 0x00000202568e3000 	C:\Users\Alina\.openjfx\cache\16\api-ms-win-core-synch-l1-1-0.dll
0x00000202568f0000 - 0x00000202568f3000 	C:\Users\Alina\.openjfx\cache\16\api-ms-win-core-synch-l1-2-0.dll
0x0000020256900000 - 0x0000020256903000 	C:\Users\Alina\.openjfx\cache\16\api-ms-win-core-sysinfo-l1-1-0.dll
0x0000020256910000 - 0x0000020256913000 	C:\Users\Alina\.openjfx\cache\16\api-ms-win-core-timezone-l1-1-0.dll
0x00000202578f0000 - 0x00000202578f3000 	C:\Users\Alina\.openjfx\cache\16\api-ms-win-core-util-l1-1-0.dll
0x0000020257900000 - 0x0000020257903000 	C:\Users\Alina\.openjfx\cache\16\api-ms-win-crt-conio-l1-1-0.dll
0x0000020257910000 - 0x0000020257914000 	C:\Users\Alina\.openjfx\cache\16\api-ms-win-crt-convert-l1-1-0.dll
0x0000020257920000 - 0x0000020257923000 	C:\Users\Alina\.openjfx\cache\16\api-ms-win-crt-environment-l1-1-0.dll
0x0000020257930000 - 0x0000020257933000 	C:\Users\Alina\.openjfx\cache\16\api-ms-win-crt-filesystem-l1-1-0.dll
0x0000020257940000 - 0x0000020257943000 	C:\Users\Alina\.openjfx\cache\16\api-ms-win-crt-heap-l1-1-0.dll
0x0000020257950000 - 0x0000020257953000 	C:\Users\Alina\.openjfx\cache\16\api-ms-win-crt-locale-l1-1-0.dll
0x0000020257960000 - 0x0000020257965000 	C:\Users\Alina\.openjfx\cache\16\api-ms-win-crt-math-l1-1-0.dll
0x0000020257970000 - 0x0000020257975000 	C:\Users\Alina\.openjfx\cache\16\api-ms-win-crt-multibyte-l1-1-0.dll
0x0000020257980000 - 0x0000020257990000 	C:\Users\Alina\.openjfx\cache\16\api-ms-win-crt-private-l1-1-0.dll
0x0000020257990000 - 0x0000020257993000 	C:\Users\Alina\.openjfx\cache\16\api-ms-win-crt-process-l1-1-0.dll
0x00000202579a0000 - 0x00000202579a4000 	C:\Users\Alina\.openjfx\cache\16\api-ms-win-crt-runtime-l1-1-0.dll
0x00000202579b0000 - 0x00000202579b4000 	C:\Users\Alina\.openjfx\cache\16\api-ms-win-crt-stdio-l1-1-0.dll
0x00000202579c0000 - 0x00000202579c4000 	C:\Users\Alina\.openjfx\cache\16\api-ms-win-crt-string-l1-1-0.dll
0x00000202579d0000 - 0x00000202579d3000 	C:\Users\Alina\.openjfx\cache\16\api-ms-win-crt-time-l1-1-0.dll
0x00000202579e0000 - 0x00000202579e3000 	C:\Users\Alina\.openjfx\cache\16\api-ms-win-crt-utility-l1-1-0.dll
0x00007ffcbf6d0000 - 0x00007ffcbf7cc000 	C:\Users\Alina\.openjfx\cache\16\ucrtbase.dll
0x00007ffccb190000 - 0x00007ffccb1a9000 	C:\Users\Alina\.openjfx\cache\16\vcruntime140.dll
0x00007ffcdf0e0000 - 0x00007ffcdf0ec000 	C:\Users\Alina\.openjfx\cache\16\vcruntime140_1.dll
0x00007ffcbf630000 - 0x00007ffcbf6c1000 	C:\Users\Alina\.openjfx\cache\16\msvcp140.dll
0x00007ffccb160000 - 0x00007ffccb187000 	C:\Users\Alina\.openjfx\cache\16\prism_d3d.dll
0x00007ffcbebf0000 - 0x00007ffcbedbf000 	C:\Windows\system32\d3d9.dll
0x00007ffcf54d0000 - 0x00007ffcf54ff000 	C:\Windows\SYSTEM32\dwmapi.dll
0x00007ffcf52f0000 - 0x00007ffcf538e000 	C:\Windows\system32\uxtheme.dll
0x00007ffceda20000 - 0x00007ffcedbfb000 	C:\Windows\System32\DriverStore\FileRepository\u0361383.inf_amd64_cfccffda602342c4\B361368\aticfx64.dll
0x00007ffcc2d70000 - 0x00007ffcc2da3000 	C:\Windows\System32\DriverStore\FileRepository\u0361383.inf_amd64_cfccffda602342c4\B361368\atiu9p64.dll
0x00007ffc7c3e0000 - 0x00007ffc7d076000 	C:\Windows\System32\DriverStore\FileRepository\u0361383.inf_amd64_cfccffda602342c4\B361368\atiumd64.dll
0x00007ffcf8f40000 - 0x00007ffcf906a000 	C:\Windows\System32\ole32.dll
0x0000000057cb0000 - 0x0000000058b2e000 	C:\Windows\System32\DriverStore\FileRepository\u0361383.inf_amd64_cfccffda602342c4\B361368\atiumd6a.dll
0x00007ffcf81f0000 - 0x00007ffcf8217000 	C:\Windows\System32\bcrypt.dll
0x00007ffcf77b0000 - 0x00007ffcf77fb000 	C:\Windows\SYSTEM32\POWRPROF.dll
0x00007ffcf7790000 - 0x00007ffcf77a2000 	C:\Windows\SYSTEM32\UMPDC.dll
0x00007ffced7d0000 - 0x00007ffced7ff000 	C:\Windows\SYSTEM32\amdihk64.dll
0x00007ffcc2380000 - 0x00007ffcc23c2000 	C:\Users\Alina\.openjfx\cache\16\glass.dll
0x00007ffcf8ca0000 - 0x00007ffcf8d7a000 	C:\Windows\System32\COMDLG32.dll
0x00007ffcf8bd0000 - 0x00007ffcf8c9d000 	C:\Windows\System32\OLEAUT32.dll
0x00007ffcf9d50000 - 0x00007ffcf9e65000 	C:\Windows\System32\MSCTF.dll
0x00007ffcedec0000 - 0x00007ffcedefb000 	C:\Windows\SYSTEM32\dxcore.dll
0x00007ffcf81a0000 - 0x00007ffcf81ee000 	C:\Windows\System32\cfgmgr32.dll
0x00007ffccb0f0000 - 0x00007ffccb11d000 	C:\Users\Alina\.openjfx\cache\16\javafx_iio.dll
0x00007ffcc6cf0000 - 0x00007ffcc6d04000 	C:\Users\Alina\.openjfx\cache\16\javafx_font.dll
0x00007ffce4770000 - 0x00007ffce49ef000 	C:\Windows\SYSTEM32\dwrite.dll
0x00007ffcf8e90000 - 0x00007ffcf8f3f000 	C:\Windows\System32\clbcatq.dll
0x00007ffcf1b70000 - 0x00007ffcf1d24000 	C:\Windows\SYSTEM32\WindowsCodecs.dll
0x00007ffce1e20000 - 0x00007ffce1e5e000 	C:\Windows\system32\dataexchange.dll
0x00007ffcf36c0000 - 0x00007ffcf3923000 	C:\Windows\system32\d3d11.dll
0x00007ffcf4600000 - 0x00007ffcf47e3000 	C:\Windows\system32\dcomp.dll
0x00007ffcf61c0000 - 0x00007ffcf62b3000 	C:\Windows\system32\dxgi.dll
0x00007ffcf1d30000 - 0x00007ffcf1f30000 	C:\Windows\system32\twinapi.appcore.dll
0x00007ffcbf5f0000 - 0x00007ffcbf624000 	C:\Program Files\Common Files\Microsoft Shared\Ink\rtscom.dll
0x00007ffcf07e0000 - 0x00007ffcf08d9000 	C:\Windows\SYSTEM32\textinputframework.dll
0x00007ffcf4b70000 - 0x00007ffcf4ece000 	C:\Windows\System32\CoreUIComponents.dll
0x00007ffcf4ed0000 - 0x00007ffcf4fc2000 	C:\Windows\System32\CoreMessaging.dll

dbghelp: loaded successfully - version: 4.0.5 - missing functions: none
symbol engine: initialized successfully - sym options: 0x614 - pdb path: .;C:\Users\Alina\.jdks\openjdk-17.0.2\bin;C:\Windows\SYSTEM32;C:\Windows\WinSxS\amd64_microsoft.windows.common-controls_6595b64144ccf1df_6.0.19041.1110_none_60b5254171f9507e;C:\Users\Alina\.jdks\openjdk-17.0.2\bin\server;C:\Users\Alina\.openjfx\cache\16;C:\Windows\System32\DriverStore\FileRepository\u0361383.inf_amd64_cfccffda602342c4\B361368;C:\Program Files\Common Files\Microsoft Shared\Ink

VM Arguments:
jvm_args: -agentlib:jdwp=transport=dt_socket,address=127.0.0.1:53740,suspend=y,server=n -javaagent:C:\Users\Alina\AppData\Local\JetBrains\IdeaIC2021.2\captureAgent\debugger-agent.jar -Dfile.encoding=UTF-8 --module-path=C:\Users\Alina\Downloads\mysql-connector-j-8.0.31\mysql-connector-j-8.0.31\mysql-connector-j-8.0.31.jar;C:\Users\Alina\.m2\repository\org\openjfx\javafx-fxml\16\javafx-fxml-16-win.jar;C:\Users\Alina\.m2\repository\org\openjfx\javafx-graphics\16\javafx-graphics-16-win.jar;C:\Users\Alina\Documents\db_interface\target\classes;C:\Users\Alina\.m2\repository\org\openjfx\javafx-controls\16\javafx-controls-16-win.jar;C:\Users\Alina\.m2\repository\org\openjfx\javafx-base\16\javafx-base-16-win.jar -Djdk.module.main=com.example.db_interface 
java_command: com.example.db_interface/com.example.db_interface.HelloApplication
java_class_path (initial): C:\Users\Alina\.m2\repository\org\openjfx\javafx-controls\16\javafx-controls-16.jar;C:\Users\Alina\.m2\repository\org\openjfx\javafx-graphics\16\javafx-graphics-16.jar;C:\Users\Alina\.m2\repository\org\openjfx\javafx-base\16\javafx-base-16.jar;C:\Users\Alina\.m2\repository\org\openjfx\javafx-fxml\16\javafx-fxml-16.jar;C:\Program Files\JetBrains\IntelliJ IDEA Community Edition 2021.2.1\lib\idea_rt.jar
Launcher Type: SUN_STANDARD

[Global flags]
     intx CICompilerCount                          = 3                                         {product} {ergonomic}
     uint ConcGCThreads                            = 1                                         {product} {ergonomic}
     uint G1ConcRefinementThreads                  = 4                                         {product} {ergonomic}
   size_t G1HeapRegionSize                         = 1048576                                   {product} {ergonomic}
    uintx GCDrainStackTargetSize                   = 64                                        {product} {ergonomic}
   size_t InitialHeapSize                          = 98566144                                  {product} {ergonomic}
   size_t MarkStackSize                            = 4194304                                   {product} {ergonomic}
   size_t MaxHeapSize                              = 1574961152                                {product} {ergonomic}
   size_t MaxNewSize                               = 944766976                                 {product} {ergonomic}
   size_t MinHeapDeltaBytes                        = 1048576                                   {product} {ergonomic}
   size_t MinHeapSize                              = 8388608                                   {product} {ergonomic}
    uintx NonNMethodCodeHeapSize                   = 5832780                                {pd product} {ergonomic}
    uintx NonProfiledCodeHeapSize                  = 122912730                              {pd product} {ergonomic}
    uintx ProfiledCodeHeapSize                     = 122912730                              {pd product} {ergonomic}
    uintx ReservedCodeCacheSize                    = 251658240                              {pd product} {ergonomic}
     bool SegmentedCodeCache                       = true                                      {product} {ergonomic}
   size_t SoftMaxHeapSize                          = 1574961152                             {manageable} {ergonomic}
     bool UseCompressedClassPointers               = true                           {product lp64_product} {ergonomic}
     bool UseCompressedOops                        = true                           {product lp64_product} {ergonomic}
     bool UseG1GC                                  = true                                      {product} {ergonomic}
     bool UseLargePagesIndividualAllocation        = false                                  {pd product} {ergonomic}

Logging:
Log output configuration:
 #0: stdout all=off uptime,level,tags
 #1: stderr all=off uptime,level,tags

Environment Variables:
PATH=C:\Program Files (x86)\Common Files\Oracle\Java\javapath;C:\Users\Alina\AppData\Local\Programs\Python\Python310\Scripts;C:\Program Files\MySQL\MySQL Shell 8.0\bin\;C:\Users\Alina\AppData\Local\Programs\Python\Python37-32\Scripts\;C:\Users\Alina\AppData\Local\Programs\Python\Python37-32\;C:\Users\Alina\AppData\Local\Microsoft\WindowsApps;;C:\Users\Alina\.dotnet\tools
USERNAME=Alina
OS=Windows_NT
PROCESSOR_IDENTIFIER=AMD64 Family 23 Model 96 Stepping 1, AuthenticAMD



---------------  S Y S T E M  ---------------

OS:
 Windows 10 , 64 bit Build 19041 (10.0.19041.2251)
OS uptime: 11 days 23:19 hours
Hyper-V role detected

CPU: total 4 (initial active 4) (4 cores per cpu, 1 threads per core) family 23 model 96 stepping 1 microcode 0x0, cx8, cmov, fxsr, mmx, 3dnowpref, sse, sse2, sse3, ssse3, sse4a, sse4.1, sse4.2, popcnt, lzcnt, tsc, tscinvbit, avx, avx2, aes, clmul, bmi1, bmi2, adx, sha, fma, vzeroupper, clflush, clflushopt, hv

Memory: 4k page, system-wide physical 6007M (842M free)
TotalPageFile size 12172M (AvailPageFile size 1766M)
current process WorkingSet (physical memory assigned to process): 192M, peak: 205M
current process commit charge ("private bytes"): 258M, peak: 276M

vm_info: OpenJDK 64-Bit Server VM (17.0.2+8-86) for windows-amd64 JRE (17.0.2+8-86), built on Dec  7 2021 21:49:10 by "mach5one" with MS VC++ 16.8 / 16.9 (VS2019)

END.
