#
# A fatal error has been detected by the Java Runtime Environment:
#
#  EXCEPTION_ACCESS_VIOLATION (0xc0000005) at pc=0x00007ffcde476997, pid=16380, tid=5044
#
# JRE version: OpenJDK Runtime Environment (17.0.2+8) (build 17.0.2+8-86)
# Java VM: OpenJDK 64-Bit Server VM (17.0.2+8-86, mixed mode, sharing, tiered, compressed oops, compressed class ptrs, g1 gc, windows-amd64)
# Problematic frame:
# C  [glass.dll+0x26997]
#
# No core dump will be written. Minidumps are not enabled by default on client versions of Windows
#
# If you would like to submit a bug report, please visit:
#   https://bugreport.java.com/bugreport/crash.jsp
#

---------------  S U M M A R Y ------------

Command Line: -javaagent:C:\Program Files\JetBrains\IntelliJ IDEA Community Edition 2021.2.1\lib\idea_rt.jar=52662:C:\Program Files\JetBrains\IntelliJ IDEA Community Edition 2021.2.1\bin -Dfile.encoding=UTF-8 --module-path=C:\Users\Alina\Downloads\mysql-connector-j-8.0.31\mysql-connector-j-8.0.31\mysql-connector-j-8.0.31.jar;C:\Users\Alina\.m2\repository\org\openjfx\javafx-graphics\16\javafx-graphics-16-win.jar;C:\Users\Alina\.m2\repository\org\openjfx\javafx-controls\16\javafx-controls-16-win.jar;C:\Users\Alina\Documents\db_interface\target\classes;C:\Users\Alina\.m2\repository\org\openjfx\javafx-fxml\16\javafx-fxml-16-win.jar;C:\Users\Alina\.m2\repository\org\openjfx\javafx-base\16\javafx-base-16-win.jar -Djdk.module.main=com.example.db_interface com.example.db_interface/com.example.db_interface.HelloApplication

Host: AMD Ryzen 3 4300U with Radeon Graphics         , 4 cores, 5G,  Windows 10 , 64 bit Build 19041 (10.0.19041.2251)
Time: Sun Dec  4 12:02:56 2022 RTZ 2 (s 10 , 64 bit Build 19041 (10.0.19041.2251) elapsed time: 52.182965 seconds (0d 0h 0m 52s)

---------------  T H R E A D  ---------------

Current thread (0x000001dd40d11160):  VMThread "VM Thread" [stack: 0x000000440d000000,0x000000440d100000] [id=5044]

Stack: [0x000000440d000000,0x000000440d100000],  sp=0x000000440d0ff210,  free space=1020k
Native frames: (J=compiled Java code, j=interpreted, Vv=VM code, C=native code)
C  [glass.dll+0x26997]


siginfo: EXCEPTION_ACCESS_VIOLATION (0xc0000005), reading address 0x0000000000000000


Register to memory mapping:

RIP=0x00007ffcde476997 glass.dll
RAX=0x0 is NULL
RBX=0x000001dd5d0c2658 is a global jni handle
RCX=0x000001dd40d11160 points into unknown readable memory: 0x00007ffcbca7e880 | 80 e8 a7 bc fc 7f 00 00
RDX=0x000000440d0ff210 points into unknown readable memory: 0x0000000000000000 | 00 00 00 00 00 00 00 00
RSP=0x000000440d0ff210 points into unknown readable memory: 0x0000000000000000 | 00 00 00 00 00 00 00 00
RBP=0x000001dd5e461448 points into unknown readable memory: 0x000075baa5f199c4 | c4 99 f1 a5 ba 75 00 00
RSI=0x000001dd5e461420 points into unknown readable memory: 0x00078a7741824d04 | 04 4d 82 41 77 8a 07 00
RDI=0x000075baa5f199c4 is an unknown value
R8 =0x0000000000010002 is an unknown value
R9 =0x000075baa5f199c4 is an unknown value
R10=0x0000000000008000 is an unknown value
R11=0x000000440d0ff1a0 points into unknown readable memory: 0x000001dd5e461420 | 20 14 46 5e dd 01 00 00
R12=0x00007ffcde474234 glass.dll
R13=0x00007ffcbcc249d0 jvm.dll
R14=0x000000440d0ff308 points into unknown readable memory: 0x000000440d0ff2f0 | f0 f2 0f 0d 44 00 00 00
R15=0x000001dd5e461420 points into unknown readable memory: 0x00078a7741824d04 | 04 4d 82 41 77 8a 07 00


Registers:
RAX=0x0000000000000000, RBX=0x000001dd5d0c2658, RCX=0x000001dd40d11160, RDX=0x000000440d0ff210
RSP=0x000000440d0ff210, RBP=0x000001dd5e461448, RSI=0x000001dd5e461420, RDI=0x000075baa5f199c4
R8 =0x0000000000010002, R9 =0x000075baa5f199c4, R10=0x0000000000008000, R11=0x000000440d0ff1a0
R12=0x00007ffcde474234, R13=0x00007ffcbcc249d0, R14=0x000000440d0ff308, R15=0x000001dd5e461420
RIP=0x00007ffcde476997, EFLAGS=0x0000000000010202

Top of Stack: (sp=0x000000440d0ff210)
0x000000440d0ff210:   0000000000000000 000001dd5e461420
0x000000440d0ff220:   00007ffcbcc249d0 00007ffcde474234
0x000000440d0ff230:   000001dd5e461428 00007ffcf7b142d6
0x000000440d0ff240:   000075baa5f199c4 000001dd00000000
0x000000440d0ff250:   000001dd5e461448 000001dd5e461420
0x000000440d0ff260:   fffffffffffffffe 0000000000000000
0x000000440d0ff270:   0000000000000001 00007ffcde450000
0x000000440d0ff280:   000000440d0ff2f8 00007ffcf7b141fb
0x000000440d0ff290:   0000000000000000 000000440d0ff308
0x000000440d0ff2a0:   000000440d0ff5d0 00007ffcf7bf0e40
0x000000440d0ff2b0:   0000000000000001 00007ffcf7b141b4
0x000000440d0ff2c0:   0000000000000000 0000000000000001
0x000000440d0ff2d0:   0000000000000000 000000440d0ff2f8
0x000000440d0ff2e0:   0000000000000001 00007ffcde4740c1
0x000000440d0ff2f0:   00007ffcde48a128 00007ffc00000002
0x000000440d0ff300:   0000000000000002 000000440d0ff2f0 

Instructions: (pc=0x00007ffcde476997)
0x00007ffcde476897:   8b 4d 58 e8 d1 ce ff ff 48 8b 4d 60 e8 c8 ce ff
0x00007ffcde4768a7:   ff 48 8b 95 80 00 00 00 48 8b 8d 18 01 00 00 e8
0x00007ffcde4768b7:   96 c3 ff ff 33 d2 33 c9 e8 12 e1 ff ff 90 48 89
0x00007ffcde4768c7:   54 24 10 55 48 83 ec 20 48 8b ea 48 b8 00 00 00
0x00007ffcde4768d7:   00 00 00 00 00 48 83 c4 20 5d c3 cc 40 55 48 8b
0x00007ffcde4768e7:   ea 48 8b 01 33 c9 81 38 05 00 00 c0 0f 94 c1 8b
0x00007ffcde4768f7:   c1 5d c3 cc 40 55 48 83 ec 20 48 8b ea 8a 4d 40
0x00007ffcde476907:   48 83 c4 20 5d e9 c7 d2 ff ff cc 40 55 48 83 ec
0x00007ffcde476917:   20 48 8b ea 8a 4d 20 e8 b5 d2 ff ff 90 48 83 c4
0x00007ffcde476927:   20 5d c3 cc 40 55 48 83 ec 20 48 8b ea 48 83 c4
0x00007ffcde476937:   20 5d e9 16 d1 ff ff cc 40 55 48 83 ec 30 48 8b
0x00007ffcde476947:   ea 48 8b 01 8b 10 48 89 4c 24 28 89 54 24 20 4c
0x00007ffcde476957:   8d 0d b7 d5 ff ff 4c 8b 45 70 8b 55 68 48 8b 4d
0x00007ffcde476967:   60 e8 57 d0 ff ff 90 48 83 c4 30 5d c3 cc cc cc
0x00007ffcde476977:   cc cc cc cc cc cc cc cc cc 40 53 48 83 ec 20 48
0x00007ffcde476987:   8b 1d 93 31 01 00 48 85 db 74 16 e8 29 8b ff ff
0x00007ffcde476997:   4c 8b 00 48 8b d3 48 8b c8 41 ff 90 b0 00 00 00
0x00007ffcde4769a7:   90 48 83 c4 20 5b c3 cc cc 40 53 48 83 ec 20 48
0x00007ffcde4769b7:   8b 1d 0b 33 01 00 48 85 db 74 57 b8 ff ff ff ff
0x00007ffcde4769c7:   f0 0f c1 43 10 83 f8 01 75 3d 48 85 db 74 38 48
0x00007ffcde4769d7:   8b 0b 48 85 c9 74 0d ff 15 c4 08 00 00 48 c7 03
0x00007ffcde4769e7:   00 00 00 00 48 8b 4b 08 48 85 c9 74 0d e8 77 cd
0x00007ffcde4769f7:   ff ff 48 c7 43 08 00 00 00 00 ba 18 00 00 00 48
0x00007ffcde476a07:   8b cb e8 62 cd ff ff 48 c7 05 af 32 01 00 00 00
0x00007ffcde476a17:   00 00 48 83 c4 20 5b c3 cc 40 53 48 83 ec 20 48
0x00007ffcde476a27:   8b 1d 7b 32 01 00 48 85 db 74 57 b8 ff ff ff ff
0x00007ffcde476a37:   f0 0f c1 43 10 83 f8 01 75 3d 48 85 db 74 38 48
0x00007ffcde476a47:   8b 0b 48 85 c9 74 0d ff 15 54 08 00 00 48 c7 03
0x00007ffcde476a57:   00 00 00 00 48 8b 4b 08 48 85 c9 74 0d e8 07 cd
0x00007ffcde476a67:   ff ff 48 c7 43 08 00 00 00 00 ba 18 00 00 00 48
0x00007ffcde476a77:   8b cb e8 f2 cc ff ff 48 c7 05 1f 32 01 00 00 00
0x00007ffcde476a87:   00 00 48 83 c4 20 5b c3 cc 40 53 48 83 ec 20 48 


Stack slot to memory mapping:
stack at sp + 0 slots: 0x0 is NULL
stack at sp + 1 slots: 0x000001dd5e461420 points into unknown readable memory: 0x00078a7741824d04 | 04 4d 82 41 77 8a 07 00
stack at sp + 2 slots: 0x00007ffcbcc249d0 jvm.dll
stack at sp + 3 slots: 0x00007ffcde474234 glass.dll
stack at sp + 4 slots: 0x000001dd5e461428 points into unknown readable memory: 0x000075baa5f199c4 | c4 99 f1 a5 ba 75 00 00
stack at sp + 5 slots: 0x00007ffcf7b142d6 ucrtbase.dll
stack at sp + 6 slots: 0x000075baa5f199c4 is an unknown value
stack at sp + 7 slots: 0x000001dd00000000 is an unknown value

VM_Operation (0x000000440f6fee70): Exit, mode: safepoint, requested by thread 0x000001dd5e4927d0


---------------  P R O C E S S  ---------------

Threads class SMR info:
_java_thread_list=0x000001dd6677df30, length=22, elements={
0x000001dd40c3d0e0, 0x000001dd40d16930, 0x000001dd40d176b0, 0x000001dd5d0cc7e0,
0x000001dd5d0cf1b0, 0x000001dd5d0cfa70, 0x000001dd5d0d0330, 0x000001dd5d0d0fd0,
0x000001dd5d0fcd20, 0x000001dd5d154b20, 0x000001dd40cfef60, 0x000001dd5e26cc60,
0x000001dd5deb9710, 0x000001dd5e40f120, 0x000001dd5e493b10, 0x000001dd5e494980,
0x000001dd5e493170, 0x000001dd5e495320, 0x000001dd5e491960, 0x000001dd5e492ca0,
0x000001dd5e491e30, 0x000001dd5e4927d0
}

Java Threads: ( => current thread )
  0x000001dd40c3d0e0 JavaThread "main" [_thread_blocked, id=8188, stack(0x000000440ca00000,0x000000440cb00000)]
  0x000001dd40d16930 JavaThread "Reference Handler" daemon [_thread_blocked, id=7888, stack(0x000000440d100000,0x000000440d200000)]
  0x000001dd40d176b0 JavaThread "Finalizer" daemon [_thread_blocked, id=9600, stack(0x000000440d200000,0x000000440d300000)]
  0x000001dd5d0cc7e0 JavaThread "Signal Dispatcher" daemon [_thread_blocked, id=9084, stack(0x000000440d300000,0x000000440d400000)]
  0x000001dd5d0cf1b0 JavaThread "Attach Listener" daemon [_thread_blocked, id=7980, stack(0x000000440d400000,0x000000440d500000)]
  0x000001dd5d0cfa70 JavaThread "Service Thread" daemon [_thread_blocked, id=13236, stack(0x000000440d500000,0x000000440d600000)]
  0x000001dd5d0d0330 JavaThread "Monitor Deflation Thread" daemon [_thread_blocked, id=13996, stack(0x000000440d600000,0x000000440d700000)]
  0x000001dd5d0d0fd0 JavaThread "C2 CompilerThread0" daemon [_thread_blocked, id=7916, stack(0x000000440d700000,0x000000440d800000)]
  0x000001dd5d0fcd20 JavaThread "C1 CompilerThread0" daemon [_thread_blocked, id=9168, stack(0x000000440d800000,0x000000440d900000)]
  0x000001dd5d154b20 JavaThread "Sweeper thread" daemon [_thread_blocked, id=8576, stack(0x000000440d900000,0x000000440da00000)]
  0x000001dd40cfef60 JavaThread "Common-Cleaner" daemon [_thread_blocked, id=5260, stack(0x000000440da00000,0x000000440db00000)]
  0x000001dd5e26cc60 JavaThread "Monitor Ctrl-Break" daemon [_thread_in_native, id=1548, stack(0x000000440dc00000,0x000000440dd00000)]
  0x000001dd5deb9710 JavaThread "Notification Thread" daemon [_thread_blocked, id=6512, stack(0x000000440dd00000,0x000000440de00000)]
  0x000001dd5e40f120 JavaThread "QuantumRenderer-0" daemon [_thread_blocked, id=15808, stack(0x000000440e200000,0x000000440e300000)]
  0x000001dd5e493b10 JavaThread "InvokeLaterDispatcher" daemon [_thread_blocked, id=2076, stack(0x000000440e500000,0x000000440e600000)]
  0x000001dd5e494980 JavaThread "JavaFX Application Thread" [_thread_in_native, id=7584, stack(0x000000440e600000,0x000000440e700000)]
  0x000001dd5e493170 JavaThread "Thread-1" daemon [_thread_in_native, id=3540, stack(0x000000440db00000,0x000000440dc00000)]
  0x000001dd5e495320 JavaThread "JavaFX-Launcher" [_thread_blocked, id=9548, stack(0x000000440ed00000,0x000000440ee00000)]
  0x000001dd5e491960 JavaThread "Prism Font Disposer" daemon [_thread_blocked, id=15004, stack(0x000000440ef00000,0x000000440f000000)]
  0x000001dd5e492ca0 JavaThread "Cleaner-0" daemon [_thread_blocked, id=10916, stack(0x000000440ee00000,0x000000440ef00000)]
  0x000001dd5e491e30 JavaThread "mysql-cj-abandoned-connection-cleanup" daemon [_thread_blocked, id=8484, stack(0x000000440f500000,0x000000440f600000)]
  0x000001dd5e4927d0 JavaThread "SIGINT handler" daemon [_thread_blocked, id=15516, stack(0x000000440f600000,0x000000440f700000)]

Other Threads:
=>0x000001dd40d11160 VMThread "VM Thread" [stack: 0x000000440d000000,0x000000440d100000] [id=5044]
  0x000001dd40c722d0 GCTaskThread "GC Thread#0" [stack: 0x000000440cb00000,0x000000440cc00000] [id=9140]
  0x000001dd5e409190 GCTaskThread "GC Thread#1" [stack: 0x000000440df00000,0x000000440e000000] [id=2504]
  0x000001dd5e418740 GCTaskThread "GC Thread#2" [stack: 0x000000440e000000,0x000000440e100000] [id=8428]
  0x000001dd5e4189f0 GCTaskThread "GC Thread#3" [stack: 0x000000440e100000,0x000000440e200000] [id=13292]
  0x000001dd40c81100 ConcurrentGCThread "G1 Main Marker" terminated
  0x000001dd40c81a20 ConcurrentGCThread "G1 Conc#0" [stack: 0x000000440cd00000,0x000000440ce00000] [id=1092]
  0x000001dd40ce6ea0 ConcurrentGCThread "G1 Refine#0" terminated
  0x000001dd40ce77d0 ConcurrentGCThread "G1 Service" terminated

Threads with active compile tasks:

VM state: at safepoint (shutting down)

VM Mutex/Monitor currently owned by a thread:  ([mutex/lock_event])
[0x000001dd40c38880] Threads_lock - owner thread: 0x000001dd40d11160
[0x000001dd40c37290] Heap_lock - owner thread: 0x000001dd5e4927d0

Heap address: 0x00000000a2200000, size: 1502 MB, Compressed Oops mode: 32-bit

CDS archive(s) mapped at: [0x0000000800000000-0x0000000800bc0000-0x0000000800bc0000), size 12320768, SharedBaseAddress: 0x0000000800000000, ArchiveRelocationMode: 0.
Compressed class space mapped at: 0x0000000800c00000-0x0000000840c00000, reserved size: 1073741824
Narrow klass base: 0x0000000800000000, Narrow klass shift: 0, Narrow klass range: 0x100000000

GC Precious Log:
 CPUs: 4 total, 4 available
 Memory: 6007M
 Large Page Support: Disabled
 NUMA Support: Disabled
 Compressed Oops: Enabled (32-bit)
 Heap Region Size: 1M
 Heap Min Capacity: 8M
 Heap Initial Capacity: 94M
 Heap Max Capacity: 1502M
 Pre-touch: Disabled
 Parallel Workers: 4
 Concurrent Workers: 1
 Concurrent Refinement Workers: 4
 Periodic GC: Disabled

Heap:
 garbage-first heap   total 71680K, used 45990K [0x00000000a2200000, 0x0000000100000000)
  region size 1024K, 33 young (33792K), 7 survivors (7168K)
 Metaspace       used 25790K, committed 26048K, reserved 1073152K
  class space    used 3450K, committed 3584K, reserved 1048576K

Heap Regions: E=young(eden), S=young(survivor), O=old, HS=humongous(starts), HC=humongous(continues), CS=collection set, F=free, OA=open archive, CA=closed archive, TAMS=top-at-mark-start (previous, next)
|   0|0x00000000a2200000, 0x00000000a2300000, 0x00000000a2300000|100%|HS|  |TAMS 0x00000000a2300000, 0x00000000a2200000| Complete 
|   1|0x00000000a2300000, 0x00000000a2400000, 0x00000000a2400000|100%|HC|  |TAMS 0x00000000a2400000, 0x00000000a2300000| Complete 
|   2|0x00000000a2400000, 0x00000000a2500000, 0x00000000a2500000|100%| O|  |TAMS 0x00000000a2500000, 0x00000000a2400000| Untracked 
|   3|0x00000000a2500000, 0x00000000a2600000, 0x00000000a2600000|100%| O|  |TAMS 0x00000000a25ab600, 0x00000000a2500000| Untracked 
|   4|0x00000000a2600000, 0x00000000a2700000, 0x00000000a2700000|100%|HS|  |TAMS 0x00000000a2700000, 0x00000000a2600000| Complete 
|   5|0x00000000a2700000, 0x00000000a2800000, 0x00000000a2800000|100%|HC|  |TAMS 0x00000000a2800000, 0x00000000a2700000| Complete 
|   6|0x00000000a2800000, 0x00000000a2900000, 0x00000000a2900000|100%|HS|  |TAMS 0x00000000a2900000, 0x00000000a2800000| Complete 
|   7|0x00000000a2900000, 0x00000000a2a00000, 0x00000000a2a00000|100%|HC|  |TAMS 0x00000000a2a00000, 0x00000000a2900000| Complete 
|   8|0x00000000a2a00000, 0x00000000a2b00000, 0x00000000a2b00000|100%|HS|  |TAMS 0x00000000a2b00000, 0x00000000a2a00000| Complete 
|   9|0x00000000a2b00000, 0x00000000a2c00000, 0x00000000a2c00000|100%|HC|  |TAMS 0x00000000a2c00000, 0x00000000a2b00000| Complete 
|  10|0x00000000a2c00000, 0x00000000a2d00000, 0x00000000a2d00000|100%|HS|  |TAMS 0x00000000a2d00000, 0x00000000a2c00000| Complete 
|  11|0x00000000a2d00000, 0x00000000a2e00000, 0x00000000a2e00000|100%|HC|  |TAMS 0x00000000a2e00000, 0x00000000a2d00000| Complete 
|  12|0x00000000a2e00000, 0x00000000a2ee9a00, 0x00000000a2f00000| 91%| O|  |TAMS 0x00000000a2e00000, 0x00000000a2e00000| Untracked 
|  13|0x00000000a2f00000, 0x00000000a2f00000, 0x00000000a3000000|  0%| F|  |TAMS 0x00000000a2f00000, 0x00000000a2f00000| Untracked 
|  14|0x00000000a3000000, 0x00000000a3000000, 0x00000000a3100000|  0%| F|  |TAMS 0x00000000a3000000, 0x00000000a3000000| Untracked 
|  15|0x00000000a3100000, 0x00000000a3100000, 0x00000000a3200000|  0%| F|  |TAMS 0x00000000a3100000, 0x00000000a3100000| Untracked 
|  16|0x00000000a3200000, 0x00000000a3200000, 0x00000000a3300000|  0%| F|  |TAMS 0x00000000a3200000, 0x00000000a3200000| Untracked 
|  17|0x00000000a3300000, 0x00000000a3300000, 0x00000000a3400000|  0%| F|  |TAMS 0x00000000a3300000, 0x00000000a3300000| Untracked 
|  18|0x00000000a3400000, 0x00000000a3400000, 0x00000000a3500000|  0%| F|  |TAMS 0x00000000a3400000, 0x00000000a3400000| Untracked 
|  19|0x00000000a3500000, 0x00000000a3500000, 0x00000000a3600000|  0%| F|  |TAMS 0x00000000a3500000, 0x00000000a3500000| Untracked 
|  20|0x00000000a3600000, 0x00000000a3600000, 0x00000000a3700000|  0%| F|  |TAMS 0x00000000a3600000, 0x00000000a3600000| Untracked 
|  21|0x00000000a3700000, 0x00000000a3700000, 0x00000000a3800000|  0%| F|  |TAMS 0x00000000a3700000, 0x00000000a3700000| Untracked 
|  22|0x00000000a3800000, 0x00000000a3800000, 0x00000000a3900000|  0%| F|  |TAMS 0x00000000a3800000, 0x00000000a3800000| Untracked 
|  23|0x00000000a3900000, 0x00000000a3900000, 0x00000000a3a00000|  0%| F|  |TAMS 0x00000000a3900000, 0x00000000a3900000| Untracked 
|  24|0x00000000a3a00000, 0x00000000a3a00000, 0x00000000a3b00000|  0%| F|  |TAMS 0x00000000a3a00000, 0x00000000a3a00000| Untracked 
|  25|0x00000000a3b00000, 0x00000000a3b00000, 0x00000000a3c00000|  0%| F|  |TAMS 0x00000000a3b00000, 0x00000000a3b00000| Untracked 
|  26|0x00000000a3c00000, 0x00000000a3c00000, 0x00000000a3d00000|  0%| F|  |TAMS 0x00000000a3c00000, 0x00000000a3c00000| Untracked 
|  27|0x00000000a3d00000, 0x00000000a3d00000, 0x00000000a3e00000|  0%| F|  |TAMS 0x00000000a3d00000, 0x00000000a3d00000| Untracked 
|  28|0x00000000a3e00000, 0x00000000a3e00000, 0x00000000a3f00000|  0%| F|  |TAMS 0x00000000a3e00000, 0x00000000a3e00000| Untracked 
|  29|0x00000000a3f00000, 0x00000000a3f00000, 0x00000000a4000000|  0%| F|  |TAMS 0x00000000a3f00000, 0x00000000a3f00000| Untracked 
|  30|0x00000000a4000000, 0x00000000a4000000, 0x00000000a4100000|  0%| F|  |TAMS 0x00000000a4000000, 0x00000000a4000000| Untracked 
|  31|0x00000000a4100000, 0x00000000a4100000, 0x00000000a4200000|  0%| F|  |TAMS 0x00000000a4100000, 0x00000000a4100000| Untracked 
|  32|0x00000000a4200000, 0x00000000a4200000, 0x00000000a4300000|  0%| F|  |TAMS 0x00000000a4200000, 0x00000000a4200000| Untracked 
|  33|0x00000000a4300000, 0x00000000a4300000, 0x00000000a4400000|  0%| F|  |TAMS 0x00000000a4300000, 0x00000000a4300000| Untracked 
|  34|0x00000000a4400000, 0x00000000a4400000, 0x00000000a4500000|  0%| F|  |TAMS 0x00000000a4400000, 0x00000000a4400000| Untracked 
|  35|0x00000000a4500000, 0x00000000a4500000, 0x00000000a4600000|  0%| F|  |TAMS 0x00000000a4500000, 0x00000000a4500000| Untracked 
|  36|0x00000000a4600000, 0x00000000a4600000, 0x00000000a4700000|  0%| F|  |TAMS 0x00000000a4600000, 0x00000000a4600000| Untracked 
|  37|0x00000000a4700000, 0x00000000a4700800, 0x00000000a4800000|  0%| E|  |TAMS 0x00000000a4700000, 0x00000000a4700000| Complete 
|  38|0x00000000a4800000, 0x00000000a4900000, 0x00000000a4900000|100%| E|CS|TAMS 0x00000000a4800000, 0x00000000a4800000| Complete 
|  39|0x00000000a4900000, 0x00000000a4a00000, 0x00000000a4a00000|100%| E|CS|TAMS 0x00000000a4900000, 0x00000000a4900000| Complete 
|  40|0x00000000a4a00000, 0x00000000a4b00000, 0x00000000a4b00000|100%| E|CS|TAMS 0x00000000a4a00000, 0x00000000a4a00000| Complete 
|  41|0x00000000a4b00000, 0x00000000a4c00000, 0x00000000a4c00000|100%| S|CS|TAMS 0x00000000a4b00000, 0x00000000a4b00000| Complete 
|  42|0x00000000a4c00000, 0x00000000a4d00000, 0x00000000a4d00000|100%| S|CS|TAMS 0x00000000a4c00000, 0x00000000a4c00000| Complete 
|  43|0x00000000a4d00000, 0x00000000a4e00000, 0x00000000a4e00000|100%| S|CS|TAMS 0x00000000a4d00000, 0x00000000a4d00000| Complete 
|  44|0x00000000a4e00000, 0x00000000a4f00000, 0x00000000a4f00000|100%| S|CS|TAMS 0x00000000a4e00000, 0x00000000a4e00000| Complete 
|  45|0x00000000a4f00000, 0x00000000a5000000, 0x00000000a5000000|100%| S|CS|TAMS 0x00000000a4f00000, 0x00000000a4f00000| Complete 
|  46|0x00000000a5000000, 0x00000000a5100000, 0x00000000a5100000|100%| S|CS|TAMS 0x00000000a5000000, 0x00000000a5000000| Complete 
|  47|0x00000000a5100000, 0x00000000a5200000, 0x00000000a5200000|100%| S|CS|TAMS 0x00000000a5100000, 0x00000000a5100000| Complete 
|  48|0x00000000a5200000, 0x00000000a5300000, 0x00000000a5300000|100%| E|CS|TAMS 0x00000000a5200000, 0x00000000a5200000| Complete 
|  49|0x00000000a5300000, 0x00000000a5400000, 0x00000000a5400000|100%| E|CS|TAMS 0x00000000a5300000, 0x00000000a5300000| Complete 
|  50|0x00000000a5400000, 0x00000000a5500000, 0x00000000a5500000|100%| E|CS|TAMS 0x00000000a5400000, 0x00000000a5400000| Complete 
|  51|0x00000000a5500000, 0x00000000a5600000, 0x00000000a5600000|100%| E|CS|TAMS 0x00000000a5500000, 0x00000000a5500000| Complete 
|  52|0x00000000a5600000, 0x00000000a5700000, 0x00000000a5700000|100%| E|CS|TAMS 0x00000000a5600000, 0x00000000a5600000| Complete 
|  53|0x00000000a5700000, 0x00000000a5800000, 0x00000000a5800000|100%| E|CS|TAMS 0x00000000a5700000, 0x00000000a5700000| Complete 
|  54|0x00000000a5800000, 0x00000000a5900000, 0x00000000a5900000|100%| E|CS|TAMS 0x00000000a5800000, 0x00000000a5800000| Complete 
|  55|0x00000000a5900000, 0x00000000a5a00000, 0x00000000a5a00000|100%| E|CS|TAMS 0x00000000a5900000, 0x00000000a5900000| Complete 
|  56|0x00000000a5a00000, 0x00000000a5b00000, 0x00000000a5b00000|100%| E|CS|TAMS 0x00000000a5a00000, 0x00000000a5a00000| Complete 
|  57|0x00000000a5b00000, 0x00000000a5c00000, 0x00000000a5c00000|100%| E|CS|TAMS 0x00000000a5b00000, 0x00000000a5b00000| Complete 
|  58|0x00000000a5c00000, 0x00000000a5d00000, 0x00000000a5d00000|100%| E|CS|TAMS 0x00000000a5c00000, 0x00000000a5c00000| Complete 
|  59|0x00000000a5d00000, 0x00000000a5e00000, 0x00000000a5e00000|100%| E|CS|TAMS 0x00000000a5d00000, 0x00000000a5d00000| Complete 
|  60|0x00000000a5e00000, 0x00000000a5f00000, 0x00000000a5f00000|100%| E|CS|TAMS 0x00000000a5e00000, 0x00000000a5e00000| Complete 
|  61|0x00000000a5f00000, 0x00000000a6000000, 0x00000000a6000000|100%| E|CS|TAMS 0x00000000a5f00000, 0x00000000a5f00000| Complete 
|  62|0x00000000a6000000, 0x00000000a6100000, 0x00000000a6100000|100%| E|CS|TAMS 0x00000000a6000000, 0x00000000a6000000| Complete 
|  63|0x00000000a6100000, 0x00000000a6200000, 0x00000000a6200000|100%| E|CS|TAMS 0x00000000a6100000, 0x00000000a6100000| Complete 
|  64|0x00000000a6200000, 0x00000000a6300000, 0x00000000a6300000|100%| E|CS|TAMS 0x00000000a6200000, 0x00000000a6200000| Complete 
|  65|0x00000000a6300000, 0x00000000a6400000, 0x00000000a6400000|100%| E|CS|TAMS 0x00000000a6300000, 0x00000000a6300000| Complete 
|  66|0x00000000a6400000, 0x00000000a6500000, 0x00000000a6500000|100%| E|CS|TAMS 0x00000000a6400000, 0x00000000a6400000| Complete 
|  67|0x00000000a6500000, 0x00000000a6600000, 0x00000000a6600000|100%| E|CS|TAMS 0x00000000a6500000, 0x00000000a6500000| Complete 
|  68|0x00000000a6600000, 0x00000000a6700000, 0x00000000a6700000|100%| E|CS|TAMS 0x00000000a6600000, 0x00000000a6600000| Complete 
|  93|0x00000000a7f00000, 0x00000000a8000000, 0x00000000a8000000|100%| E|CS|TAMS 0x00000000a7f00000, 0x00000000a7f00000| Complete 

Card table byte_map: [0x000001dd57780000,0x000001dd57a70000] _byte_map_base: 0x000001dd5726f000

Marking Bits (Prev, Next): (CMBitMap*) 0x000001dd40c74c50, (CMBitMap*) 0x000001dd40c74c10
 Prev Bits: [0x000001dd594e0000, 0x000001dd5ac58000)
 Next Bits: [0x000001dd57d60000, 0x000001dd594d8000)

Polling page: 0x000001dd3ebd0000

Metaspace:

Usage:
  Non-class:     21.82 MB used.
      Class:      3.37 MB used.
       Both:     25.19 MB used.

Virtual space:
  Non-class space:       24.00 MB reserved,      21.94 MB ( 91%) committed,  3 nodes.
      Class space:        1.00 GB reserved,       3.50 MB ( <1%) committed,  1 nodes.
             Both:        1.02 GB reserved,      25.44 MB (  2%) committed. 

Chunk freelists:
   Non-Class:  2.02 MB
       Class:  327.00 KB
        Both:  2.33 MB

MaxMetaspaceSize: unlimited
CompressedClassSpaceSize: 1.00 GB
Initial GC threshold: 21.00 MB
Current GC threshold: 35.12 MB
CDS: on
MetaspaceReclaimPolicy: balanced
 - commit_granule_bytes: 65536.
 - commit_granule_words: 8192.
 - virtual_space_node_default_size: 1048576.
 - enlarge_chunks_in_place: 1.
 - new_chunks_are_fully_committed: 0.
 - uncommit_free_chunks: 1.
 - use_allocation_guard: 0.
 - handle_deallocations: 1.


Internal statistics:

num_allocs_failed_limit: 3.
num_arena_births: 218.
num_arena_deaths: 0.
num_vsnodes_births: 4.
num_vsnodes_deaths: 0.
num_space_committed: 407.
num_space_uncommitted: 0.
num_chunks_returned_to_freelist: 3.
num_chunks_taken_from_freelist: 962.
num_chunk_merges: 0.
num_chunk_splits: 657.
num_chunks_enlarged: 514.
num_purges: 0.
num_inconsistent_stats: 0.

CodeHeap 'non-profiled nmethods': size=120000Kb used=1802Kb max_used=1802Kb free=118198Kb
 bounds [0x000001dd4ff60000, 0x000001dd501d0000, 0x000001dd57490000]
CodeHeap 'profiled nmethods': size=120000Kb used=8929Kb max_used=8929Kb free=111070Kb
 bounds [0x000001dd48a30000, 0x000001dd492f0000, 0x000001dd4ff60000]
CodeHeap 'non-nmethods': size=5760Kb used=1507Kb max_used=1563Kb free=4252Kb
 bounds [0x000001dd48490000, 0x000001dd48700000, 0x000001dd48a30000]
 total_blobs=5188 nmethods=4306 adapters=793
 compilation: enabled
              stopped_count=0, restarted_count=0
 full_count=0

Compilation events (20 events):
Event: 13.180 Thread 0x000001dd5d0fcd20 nmethod 4297 0x000001dd492e2310 code [0x000001dd492e24a0, 0x000001dd492e2668]
Event: 13.181 Thread 0x000001dd5d0fcd20 4298       3       com.sun.javafx.geom.transform.AffineBase::<init> (5 bytes)
Event: 13.181 Thread 0x000001dd5d0fcd20 nmethod 4298 0x000001dd492e2710 code [0x000001dd492e28c0, 0x000001dd492e2a78]
Event: 13.182 Thread 0x000001dd5d0fcd20 4299       3       com.sun.prism.impl.VertexBuffer::setPerVertexColor (63 bytes)
Event: 13.182 Thread 0x000001dd5d0d0fd0 4300       4       java.lang.Float::floatToIntBits (15 bytes)
Event: 13.182 Thread 0x000001dd5d0fcd20 nmethod 4299 0x000001dd492e2b90 code [0x000001dd492e2d60, 0x000001dd492e2f98]
Event: 13.182 Thread 0x000001dd5d0fcd20 4301       3       com.sun.javafx.geom.Path2D$TxIterator::currentSegment (45 bytes)
Event: 13.183 Thread 0x000001dd5d0d0fd0 nmethod 4300 0x000001dd5010d490 code [0x000001dd5010d600, 0x000001dd5010d678]
Event: 13.183 Thread 0x000001dd5d0fcd20 nmethod 4301 0x000001dd492e3090 code [0x000001dd492e3240, 0x000001dd492e3508]
Event: 13.183 Thread 0x000001dd5d0fcd20 4302       3       com.sun.javafx.geom.Path2D$Iterator::next (35 bytes)
Event: 13.183 Thread 0x000001dd5d0fcd20 nmethod 4302 0x000001dd492e3690 code [0x000001dd492e3820, 0x000001dd492e3998]
Event: 13.184 Thread 0x000001dd5d0fcd20 4303       3       com.sun.prism.d3d.D3DTexture::update (216 bytes)
Event: 13.187 Thread 0x000001dd5d0fcd20 nmethod 4303 0x000001dd492e3b10 code [0x000001dd492e3f40, 0x000001dd492e6888]
Event: 14.024 Thread 0x000001dd5d0fcd20 4304       3       com.sun.javafx.event.CompositeEventHandler::find (44 bytes)
Event: 14.025 Thread 0x000001dd5d0fcd20 nmethod 4304 0x000001dd492e7490 code [0x000001dd492e7660, 0x000001dd492e7ac8]
Event: 14.025 Thread 0x000001dd5d0fcd20 4305       3       com.sun.javafx.event.CompositeEventHandler::dispatchBubblingEvent (57 bytes)
Event: 14.026 Thread 0x000001dd5d0fcd20 nmethod 4305 0x000001dd492e7c10 code [0x000001dd492e7e00, 0x000001dd492e82f8]
Event: 14.264 Thread 0x000001dd64016af0 nmethod 4161 0x000001dd5010d790 code [0x000001dd5010e260, 0x000001dd5011a778]
Event: 51.588 Thread 0x000001dd5d0fcd20 4306       1       java.util.logging.LogManager$LoggerContext::getOwner (5 bytes)
Event: 51.589 Thread 0x000001dd5d0fcd20 nmethod 4306 0x000001dd50122510 code [0x000001dd501226a0, 0x000001dd50122778]

GC Heap History (6 events):
Event: 0.645 GC heap before
{Heap before GC invocations=0 (full 0):
 garbage-first heap   total 96256K, used 13312K [0x00000000a2200000, 0x0000000100000000)
  region size 1024K, 13 young (13312K), 0 survivors (0K)
 Metaspace       used 2537K, committed 2688K, reserved 1056768K
  class space    used 270K, committed 320K, reserved 1048576K
}
Event: 0.650 GC heap after
{Heap after GC invocations=1 (full 0):
 garbage-first heap   total 96256K, used 1728K [0x00000000a2200000, 0x0000000100000000)
  region size 1024K, 2 young (2048K), 2 survivors (2048K)
 Metaspace       used 2537K, committed 2688K, reserved 1056768K
  class space    used 270K, committed 320K, reserved 1048576K
}
Event: 1.218 GC heap before
{Heap before GC invocations=1 (full 0):
 garbage-first heap   total 96256K, used 20160K [0x00000000a2200000, 0x0000000100000000)
  region size 1024K, 19 young (19456K), 2 survivors (2048K)
 Metaspace       used 8203K, committed 8320K, reserved 1056768K
  class space    used 1038K, committed 1088K, reserved 1048576K
}
Event: 1.223 GC heap after
{Heap after GC invocations=2 (full 0):
 garbage-first heap   total 96256K, used 6673K [0x00000000a2200000, 0x0000000100000000)
  region size 1024K, 3 young (3072K), 3 survivors (3072K)
 Metaspace       used 8203K, committed 8320K, reserved 1056768K
  class space    used 1038K, committed 1088K, reserved 1048576K
}
Event: 12.189 GC heap before
{Heap before GC invocations=2 (full 0):
 garbage-first heap   total 96256K, used 56849K [0x00000000a2200000, 0x0000000100000000)
  region size 1024K, 46 young (47104K), 3 survivors (3072K)
 Metaspace       used 21326K, committed 21504K, reserved 1073152K
  class space    used 2847K, committed 2944K, reserved 1048576K
}
Event: 12.201 GC heap after
{Heap after GC invocations=3 (full 0):
 garbage-first heap   total 96256K, used 20390K [0x00000000a2200000, 0x0000000100000000)
  region size 1024K, 7 young (7168K), 7 survivors (7168K)
 Metaspace       used 21326K, committed 21504K, reserved 1073152K
  class space    used 2847K, committed 2944K, reserved 1048576K
}

Deoptimization events (20 events):
Event: 13.001 Thread 0x000001dd5e494980 Uncommon trap: trap_request=0xffffffd6 fr.pc=0x000001dd500eeb58 relative=0x0000000000000218
Event: 13.001 Thread 0x000001dd5e494980 Uncommon trap: reason=array_check action=maybe_recompile pc=0x000001dd500eeb58 method=javafx.css.SimpleSelector.applies(Ljavafx/css/Styleable;[Ljava/util/Set;I)Z @ 37 c2
Event: 13.001 Thread 0x000001dd5e494980 DEOPT PACKING pc=0x000001dd500eeb58 sp=0x000000440e6f8ef0
Event: 13.001 Thread 0x000001dd5e494980 DEOPT UNPACKING pc=0x000001dd484e23a3 sp=0x000000440e6f8e98 mode 2
Event: 13.001 Thread 0x000001dd5e494980 Uncommon trap: trap_request=0xffffffd6 fr.pc=0x000001dd500eeb58 relative=0x0000000000000218
Event: 13.001 Thread 0x000001dd5e494980 Uncommon trap: reason=array_check action=maybe_recompile pc=0x000001dd500eeb58 method=javafx.css.SimpleSelector.applies(Ljavafx/css/Styleable;[Ljava/util/Set;I)Z @ 37 c2
Event: 13.001 Thread 0x000001dd5e494980 DEOPT PACKING pc=0x000001dd500eeb58 sp=0x000000440e6f8df0
Event: 13.001 Thread 0x000001dd5e494980 DEOPT UNPACKING pc=0x000001dd484e23a3 sp=0x000000440e6f8d98 mode 2
Event: 13.001 Thread 0x000001dd5e494980 Uncommon trap: trap_request=0xffffffd6 fr.pc=0x000001dd500eeb58 relative=0x0000000000000218
Event: 13.001 Thread 0x000001dd5e494980 Uncommon trap: reason=array_check action=maybe_recompile pc=0x000001dd500eeb58 method=javafx.css.SimpleSelector.applies(Ljavafx/css/Styleable;[Ljava/util/Set;I)Z @ 37 c2
Event: 13.001 Thread 0x000001dd5e494980 DEOPT PACKING pc=0x000001dd500eeb58 sp=0x000000440e6f9310
Event: 13.001 Thread 0x000001dd5e494980 DEOPT UNPACKING pc=0x000001dd484e23a3 sp=0x000000440e6f92b8 mode 2
Event: 13.001 Thread 0x000001dd5e494980 Uncommon trap: trap_request=0xffffffd6 fr.pc=0x000001dd500eeb58 relative=0x0000000000000218
Event: 13.001 Thread 0x000001dd5e494980 Uncommon trap: reason=array_check action=maybe_recompile pc=0x000001dd500eeb58 method=javafx.css.SimpleSelector.applies(Ljavafx/css/Styleable;[Ljava/util/Set;I)Z @ 37 c2
Event: 13.001 Thread 0x000001dd5e494980 DEOPT PACKING pc=0x000001dd500eeb58 sp=0x000000440e6f9540
Event: 13.001 Thread 0x000001dd5e494980 DEOPT UNPACKING pc=0x000001dd484e23a3 sp=0x000000440e6f94e8 mode 2
Event: 13.025 Thread 0x000001dd5e494980 Uncommon trap: trap_request=0xffffffd6 fr.pc=0x000001dd500f2ac8 relative=0x0000000000000fc8
Event: 13.025 Thread 0x000001dd5e494980 Uncommon trap: reason=array_check action=maybe_recompile pc=0x000001dd500f2ac8 method=javafx.css.SimpleSelector.applies(Ljavafx/css/Styleable;[Ljava/util/Set;I)Z @ 37 c2
Event: 13.025 Thread 0x000001dd5e494980 DEOPT PACKING pc=0x000001dd500f2ac8 sp=0x000000440e6f8e20
Event: 13.025 Thread 0x000001dd5e494980 DEOPT UNPACKING pc=0x000001dd484e23a3 sp=0x000000440e6f8d80 mode 2

Classes unloaded (0 events):
No events

Classes redefined (0 events):
No events

Internal exceptions (20 events):
Event: 1.975 Thread 0x000001dd5e494980 Exception <a 'java/lang/ClassNotFoundException'{0x00000000a6e9a5c8}: com/sun/javafx/scene/control/skin/resources/controls_ru_RU> (0x00000000a6e9a5c8) 
thrown [t:\workspace\open\src\hotspot\share\prims\jni.cpp, line 535]
Event: 2.036 Thread 0x000001dd5e494980 Exception <a 'java/lang/NoSuchMethodError'{0x00000000a6958e90}: 'void java.lang.invoke.DirectMethodHandle$Holder.invokeSpecial(java.lang.Object, java.lang.Object, java.lang.Object, java.lang.Object, java.lang.Object, java.lang.Object)'> (0x00000000a6958e90) 
thrown [t:\workspace\open\src\hotspot\share\interpreter\linkResolver.cpp, line 766]
Event: 2.074 Thread 0x000001dd5e494980 Exception <a 'java/lang/NoSuchMethodError'{0x00000000a67873b0}: 'java.lang.Object java.lang.invoke.DirectMethodHandle$Holder.invokeInterface(java.lang.Object, java.lang.Object, java.lang.Object)'> (0x00000000a67873b0) 
thrown [t:\workspace\open\src\hotspot\share\interpreter\linkResolver.cpp, line 766]
Event: 2.074 Thread 0x000001dd5e494980 Exception <a 'java/lang/IncompatibleClassChangeError'{0x00000000a678ad38}: Found class java.lang.Object, but interface was expected> (0x00000000a678ad38) 
thrown [t:\workspace\open\src\hotspot\share\interpreter\linkResolver.cpp, line 833]
Event: 2.171 Thread 0x000001dd5e494980 Exception <a 'java/lang/NoSuchMethodError'{0x00000000a6558488}: 'java.lang.Object java.lang.invoke.DirectMethodHandle$Holder.newInvokeSpecial(java.lang.Object, java.lang.Object, int)'> (0x00000000a6558488) 
thrown [t:\workspace\open\src\hotspot\share\interpreter\linkResolver.cpp, line 766]
Event: 2.202 Thread 0x000001dd5e40f120 Exception <a 'java/lang/NoSuchMethodError'{0x00000000a641a5e8}: 'int java.lang.invoke.DirectMethodHandle$Holder.invokeStaticInit(java.lang.Object, java.lang.Object)'> (0x00000000a641a5e8) 
thrown [t:\workspace\open\src\hotspot\share\interpreter\linkResolver.cpp, line 766]
Event: 2.214 Thread 0x000001dd5e494980 Exception <a 'java/lang/NoSuchMethodError'{0x00000000a6458730}: 'long java.lang.invoke.DirectMethodHandle$Holder.invokeStatic(java.lang.Object, java.lang.Object, java.lang.Object)'> (0x00000000a6458730) 
thrown [t:\workspace\open\src\hotspot\share\interpreter\linkResolver.cpp, line 766]
Event: 2.216 Thread 0x000001dd5e494980 Exception <a 'java/lang/NoSuchMethodError'{0x00000000a645bed8}: 'long java.lang.invoke.DirectMethodHandle$Holder.invokeStaticInit(java.lang.Object, java.lang.Object, java.lang.Object)'> (0x00000000a645bed8) 
thrown [t:\workspace\open\src\hotspot\share\interpreter\linkResolver.cpp, line 766]
Event: 2.218 Thread 0x000001dd5e494980 Exception <a 'java/lang/NoSuchMethodError'{0x00000000a6473ae0}: 'java.lang.Object java.lang.invoke.DirectMethodHandle$Holder.newInvokeSpecial(java.lang.Object, java.lang.Object, long)'> (0x00000000a6473ae0) 
thrown [t:\workspace\open\src\hotspot\share\interpreter\linkResolver.cpp, line 766]
Event: 2.219 Thread 0x000001dd5e494980 Exception <a 'java/lang/NoSuchMethodError'{0x00000000a6477650}: 'java.lang.Object java.lang.invoke.Invokers$Holder.linkToTargetMethod(java.lang.Object, long, java.lang.Object)'> (0x00000000a6477650) 
thrown [t:\workspace\open\src\hotspot\share\interpreter\linkResolver.cpp, line 766]
Event: 11.735 Thread 0x000001dd5e494980 Exception <a 'sun/nio/fs/WindowsException'{0x00000000a5d2b810}> (0x00000000a5d2b810) 
thrown [t:\workspace\open\src\hotspot\share\prims\jni.cpp, line 516]
Event: 11.800 Thread 0x000001dd5e494980 Exception <a 'java/lang/NoSuchMethodError'{0x00000000a5c83e80}: 'java.lang.Object java.lang.invoke.DirectMethodHandle$Holder.invokeVirtual(java.lang.Object, java.lang.Object, java.lang.Object)'> (0x00000000a5c83e80) 
thrown [t:\workspace\open\src\hotspot\share\interpreter\linkResolver.cpp, line 766]
Event: 11.996 Thread 0x000001dd5e494980 Exception <a 'sun/nio/fs/WindowsException'{0x00000000a555b020}> (0x00000000a555b020) 
thrown [t:\workspace\open\src\hotspot\share\prims\jni.cpp, line 516]
Event: 12.002 Thread 0x000001dd5e494980 Exception <a 'sun/nio/fs/WindowsException'{0x00000000a556f7c8}> (0x00000000a556f7c8) 
thrown [t:\workspace\open\src\hotspot\share\prims\jni.cpp, line 516]
Event: 12.007 Thread 0x000001dd5e494980 Exception <a 'java/lang/NoSuchMethodError'{0x00000000a557bc70}: 'int java.lang.invoke.DirectMethodHandle$Holder.invokeStatic(java.lang.Object, java.lang.Object, java.lang.Object, java.lang.Object)'> (0x00000000a557bc70) 
thrown [t:\workspace\open\src\hotspot\share\interpreter\linkResolver.cpp, line 766]
Event: 12.008 Thread 0x000001dd5e494980 Exception <a 'java/lang/NoSuchMethodError'{0x00000000a557fc70}: 'int java.lang.invoke.DirectMethodHandle$Holder.invokeStaticInit(java.lang.Object, java.lang.Object, java.lang.Object, java.lang.Object)'> (0x00000000a557fc70) 
thrown [t:\workspace\open\src\hotspot\share\interpreter\linkResolver.cpp, line 766]
Event: 12.009 Thread 0x000001dd5e494980 Exception <a 'java/lang/IncompatibleClassChangeError'{0x00000000a5589550}: Found class java.lang.Object, but interface was expected> (0x00000000a5589550) 
thrown [t:\workspace\open\src\hotspot\share\interpreter\linkResolver.cpp, line 833]
Event: 12.057 Thread 0x000001dd5e494980 Exception <a 'java/lang/NoSuchMethodError'{0x00000000a54d2618}: 'java.lang.Object java.lang.invoke.DirectMethodHandle$Holder.invokeStaticInit(java.lang.Object, int, int, int, int)'> (0x00000000a54d2618) 
thrown [t:\workspace\open\src\hotspot\share\interpreter\linkResolver.cpp, line 766]
Event: 12.113 Thread 0x000001dd5e494980 Exception <a 'java/lang/NoSuchMethodError'{0x00000000a5381a00}: 'java.lang.Object java.lang.invoke.DirectMethodHandle$Holder.invokeStaticInit(java.lang.Object, java.lang.Object, int, int, int, int)'> (0x00000000a5381a00) 
thrown [t:\workspace\open\src\hotspot\share\interpreter\linkResolver.cpp, line 766]
Event: 13.160 Thread 0x000001dd5e40f120 Exception <a 'java/lang/NoSuchMethodError'{0x00000000a49a1f90}: 'java.lang.Object java.lang.invoke.DirectMethodHandle$Holder.invokeStaticInit(java.lang.Object, int)'> (0x00000000a49a1f90) 
thrown [t:\workspace\open\src\hotspot\share\interpreter\linkResolver.cpp, line 766]

VM Operations (20 events):
Event: 12.224 Executing VM operation: G1Concurrent done
Event: 12.240 Executing VM operation: G1Concurrent
Event: 12.240 Executing VM operation: G1Concurrent done
Event: 12.291 Executing VM operation: HandshakeAllThreads
Event: 12.291 Executing VM operation: HandshakeAllThreads done
Event: 12.623 Executing VM operation: ICBufferFull
Event: 12.623 Executing VM operation: ICBufferFull done
Event: 12.656 Executing VM operation: HandshakeAllThreads
Event: 12.656 Executing VM operation: HandshakeAllThreads done
Event: 12.663 Executing VM operation: HandshakeAllThreads
Event: 12.663 Executing VM operation: HandshakeAllThreads done
Event: 12.770 Executing VM operation: HandshakeAllThreads
Event: 12.770 Executing VM operation: HandshakeAllThreads done
Event: 12.907 Executing VM operation: ICBufferFull
Event: 12.908 Executing VM operation: ICBufferFull done
Event: 13.140 Executing VM operation: HandshakeAllThreads
Event: 13.141 Executing VM operation: HandshakeAllThreads done
Event: 14.141 Executing VM operation: Cleanup
Event: 14.142 Executing VM operation: Cleanup done
Event: 51.602 Executing VM operation: Exit

Events (20 events):
Event: 12.327 loading class sun/security/ssl/PostHandshakeContext
Event: 12.328 loading class sun/security/ssl/PostHandshakeContext done
Event: 12.328 loading class sun/security/ssl/NewSessionTicket$T13NewSessionTicketMessage
Event: 12.328 loading class sun/security/ssl/NewSessionTicket$NewSessionTicketMessage
Event: 12.328 loading class sun/security/ssl/NewSessionTicket$NewSessionTicketMessage done
Event: 12.328 loading class sun/security/ssl/NewSessionTicket$T13NewSessionTicketMessage done
Event: 12.356 loading class java/util/TimerTask
Event: 12.356 loading class java/util/TimerTask done
Event: 12.464 loading class java/time/format/DateTimeParseException
Event: 12.464 loading class java/time/DateTimeException
Event: 12.464 loading class java/time/DateTimeException done
Event: 12.464 loading class java/time/format/DateTimeParseException done
Event: 19.264 Thread 0x000001dd64016af0 Thread exited: 0x000001dd64016af0
Event: 51.586 loading class jdk/internal/misc/Signal$1
Event: 51.586 loading class jdk/internal/misc/Signal$1 done
Event: 51.586 Thread 0x000001dd5e4927d0 Thread added: 0x000001dd5e4927d0
Event: 51.587 Thread 0x000001dd5e4944b0 Thread added: 0x000001dd5e4944b0
Event: 51.587 Thread 0x000001dd5e492300 Thread added: 0x000001dd5e492300
Event: 51.589 Thread 0x000001dd5e492300 Thread exited: 0x000001dd5e492300
Event: 51.598 Thread 0x000001dd5e4944b0 Thread exited: 0x000001dd5e4944b0


Dynamic libraries:
0x00007ff61e370000 - 0x00007ff61e37e000 	C:\Users\Alina\.jdks\openjdk-17.0.2\bin\java.exe
0x00007ffcfa270000 - 0x00007ffcfa468000 	C:\Windows\SYSTEM32\ntdll.dll
0x00007ffcf98a0000 - 0x00007ffcf995f000 	C:\Windows\System32\KERNEL32.DLL
0x00007ffcf7c90000 - 0x00007ffcf7f62000 	C:\Windows\System32\KERNELBASE.dll
0x00007ffcf7b00000 - 0x00007ffcf7c00000 	C:\Windows\System32\ucrtbase.dll
0x00007ffce5970000 - 0x00007ffce5988000 	C:\Users\Alina\.jdks\openjdk-17.0.2\bin\jli.dll
0x00007ffce51f0000 - 0x00007ffce520a000 	C:\Users\Alina\.jdks\openjdk-17.0.2\bin\VCRUNTIME140.dll
0x00007ffcf8450000 - 0x00007ffcf85ed000 	C:\Windows\System32\USER32.dll
0x00007ffcf8010000 - 0x00007ffcf8032000 	C:\Windows\System32\win32u.dll
0x00007ffcec1d0000 - 0x00007ffcec46a000 	C:\Windows\WinSxS\amd64_microsoft.windows.common-controls_6595b64144ccf1df_6.0.19041.1110_none_60b5254171f9507e\COMCTL32.dll
0x00007ffcfa1d0000 - 0x00007ffcfa1fb000 	C:\Windows\System32\GDI32.dll
0x00007ffcf85f0000 - 0x00007ffcf868e000 	C:\Windows\System32\msvcrt.dll
0x00007ffcf7940000 - 0x00007ffcf7a4f000 	C:\Windows\System32\gdi32full.dll
0x00007ffcf7f70000 - 0x00007ffcf800d000 	C:\Windows\System32\msvcp_win.dll
0x00007ffcf9d10000 - 0x00007ffcf9d42000 	C:\Windows\System32\IMM32.DLL
0x00007ffcf19b0000 - 0x00007ffcf19bc000 	C:\Users\Alina\.jdks\openjdk-17.0.2\bin\vcruntime140_1.dll
0x00007ffcdecf0000 - 0x00007ffcded7d000 	C:\Users\Alina\.jdks\openjdk-17.0.2\bin\msvcp140.dll
0x00007ffcbc100000 - 0x00007ffcbccc1000 	C:\Users\Alina\.jdks\openjdk-17.0.2\bin\server\jvm.dll
0x00007ffcf8690000 - 0x00007ffcf873e000 	C:\Windows\System32\ADVAPI32.dll
0x00007ffcf8df0000 - 0x00007ffcf8e8c000 	C:\Windows\System32\sechost.dll
0x00007ffcf8290000 - 0x00007ffcf83b5000 	C:\Windows\System32\RPCRT4.dll
0x00007ffcf8750000 - 0x00007ffcf8758000 	C:\Windows\System32\PSAPI.DLL
0x00007ffcf5080000 - 0x00007ffcf5089000 	C:\Windows\SYSTEM32\WSOCK32.dll
0x00007ffced9e0000 - 0x00007ffceda07000 	C:\Windows\SYSTEM32\WINMM.dll
0x00007ffceda10000 - 0x00007ffceda1a000 	C:\Windows\SYSTEM32\VERSION.dll
0x00007ffcf83e0000 - 0x00007ffcf844b000 	C:\Windows\System32\WS2_32.dll
0x00007ffcf57c0000 - 0x00007ffcf57d2000 	C:\Windows\SYSTEM32\kernel.appcore.dll
0x00007ffcf1750000 - 0x00007ffcf175a000 	C:\Users\Alina\.jdks\openjdk-17.0.2\bin\jimage.dll
0x00007ffcecb70000 - 0x00007ffcecd54000 	C:\Windows\SYSTEM32\DBGHELP.DLL
0x00007ffcecb40000 - 0x00007ffcecb6c000 	C:\Windows\SYSTEM32\dbgcore.DLL
0x00007ffcf7c00000 - 0x00007ffcf7c82000 	C:\Windows\System32\bcryptPrimitives.dll
0x00007ffcf16e0000 - 0x00007ffcf16ee000 	C:\Users\Alina\.jdks\openjdk-17.0.2\bin\instrument.dll
0x00007ffce2d30000 - 0x00007ffce2d55000 	C:\Users\Alina\.jdks\openjdk-17.0.2\bin\java.dll
0x00007ffccf7a0000 - 0x00007ffccf876000 	C:\Users\Alina\.jdks\openjdk-17.0.2\bin\jsvml.dll
0x00007ffcf9150000 - 0x00007ffcf9893000 	C:\Windows\System32\SHELL32.dll
0x00007ffcf59c0000 - 0x00007ffcf6152000 	C:\Windows\SYSTEM32\windows.storage.dll
0x00007ffcf9e70000 - 0x00007ffcfa1c4000 	C:\Windows\System32\combase.dll
0x00007ffcf71e0000 - 0x00007ffcf7210000 	C:\Windows\SYSTEM32\Wldp.dll
0x00007ffcf99c0000 - 0x00007ffcf9a6d000 	C:\Windows\System32\SHCORE.dll
0x00007ffcf9960000 - 0x00007ffcf99b5000 	C:\Windows\System32\shlwapi.dll
0x00007ffcf7880000 - 0x00007ffcf789f000 	C:\Windows\SYSTEM32\profapi.dll
0x00007ffce4310000 - 0x00007ffce4329000 	C:\Users\Alina\.jdks\openjdk-17.0.2\bin\net.dll
0x00007ffcef1e0000 - 0x00007ffcef2ec000 	C:\Windows\SYSTEM32\WINHTTP.dll
0x00007ffcf6fc0000 - 0x00007ffcf702a000 	C:\Windows\system32\mswsock.dll
0x00007ffce2cd0000 - 0x00007ffce2ce6000 	C:\Users\Alina\.jdks\openjdk-17.0.2\bin\nio.dll
0x00007ffce2bd0000 - 0x00007ffce2be8000 	C:\Users\Alina\.jdks\openjdk-17.0.2\bin\zip.dll
0x00007ffce2ae0000 - 0x00007ffce2afa000 	C:\Program Files\JetBrains\IntelliJ IDEA Community Edition 2021.2.1\bin\breakgen64.dll
0x000001dd3ec60000 - 0x000001dd3ec63000 	C:\Users\Alina\.openjfx\cache\16\api-ms-win-core-console-l1-1-0.dll
0x000001dd40b60000 - 0x000001dd40b63000 	C:\Users\Alina\.openjfx\cache\16\api-ms-win-core-console-l1-2-0.dll
0x000001dd40b70000 - 0x000001dd40b73000 	C:\Users\Alina\.openjfx\cache\16\api-ms-win-core-datetime-l1-1-0.dll
0x000001dd40b80000 - 0x000001dd40b83000 	C:\Users\Alina\.openjfx\cache\16\api-ms-win-core-debug-l1-1-0.dll
0x000001dd40b90000 - 0x000001dd40b93000 	C:\Users\Alina\.openjfx\cache\16\api-ms-win-core-errorhandling-l1-1-0.dll
0x000001dd40ba0000 - 0x000001dd40ba4000 	C:\Users\Alina\.openjfx\cache\16\api-ms-win-core-file-l1-1-0.dll
0x000001dd40bb0000 - 0x000001dd40bb3000 	C:\Users\Alina\.openjfx\cache\16\api-ms-win-core-file-l1-2-0.dll
0x000001dd40bc0000 - 0x000001dd40bc3000 	C:\Users\Alina\.openjfx\cache\16\api-ms-win-core-file-l2-1-0.dll
0x000001dd40bd0000 - 0x000001dd40bd3000 	C:\Users\Alina\.openjfx\cache\16\api-ms-win-core-handle-l1-1-0.dll
0x000001dd40be0000 - 0x000001dd40be3000 	C:\Users\Alina\.openjfx\cache\16\api-ms-win-core-heap-l1-1-0.dll
0x000001dd40bf0000 - 0x000001dd40bf3000 	C:\Users\Alina\.openjfx\cache\16\api-ms-win-core-interlocked-l1-1-0.dll
0x000001dd40c00000 - 0x000001dd40c03000 	C:\Users\Alina\.openjfx\cache\16\api-ms-win-core-libraryloader-l1-1-0.dll
0x000001dd40c10000 - 0x000001dd40c13000 	C:\Users\Alina\.openjfx\cache\16\api-ms-win-core-localization-l1-2-0.dll
0x000001dd5d2b0000 - 0x000001dd5d2b3000 	C:\Users\Alina\.openjfx\cache\16\api-ms-win-core-memory-l1-1-0.dll
0x000001dd5d2c0000 - 0x000001dd5d2c3000 	C:\Users\Alina\.openjfx\cache\16\api-ms-win-core-namedpipe-l1-1-0.dll
0x000001dd5d2d0000 - 0x000001dd5d2d3000 	C:\Users\Alina\.openjfx\cache\16\api-ms-win-core-processenvironment-l1-1-0.dll
0x000001dd5d2e0000 - 0x000001dd5d2e3000 	C:\Users\Alina\.openjfx\cache\16\api-ms-win-core-processthreads-l1-1-0.dll
0x000001dd5d2f0000 - 0x000001dd5d2f3000 	C:\Users\Alina\.openjfx\cache\16\api-ms-win-core-processthreads-l1-1-1.dll
0x000001dd5d300000 - 0x000001dd5d303000 	C:\Users\Alina\.openjfx\cache\16\api-ms-win-core-profile-l1-1-0.dll
0x000001dd5d310000 - 0x000001dd5d313000 	C:\Users\Alina\.openjfx\cache\16\api-ms-win-core-rtlsupport-l1-1-0.dll
0x000001dd5d320000 - 0x000001dd5d323000 	C:\Users\Alina\.openjfx\cache\16\api-ms-win-core-string-l1-1-0.dll
0x000001dd5d330000 - 0x000001dd5d333000 	C:\Users\Alina\.openjfx\cache\16\api-ms-win-core-synch-l1-1-0.dll
0x000001dd5d340000 - 0x000001dd5d343000 	C:\Users\Alina\.openjfx\cache\16\api-ms-win-core-synch-l1-2-0.dll
0x000001dd5d350000 - 0x000001dd5d353000 	C:\Users\Alina\.openjfx\cache\16\api-ms-win-core-sysinfo-l1-1-0.dll
0x000001dd5d360000 - 0x000001dd5d363000 	C:\Users\Alina\.openjfx\cache\16\api-ms-win-core-timezone-l1-1-0.dll
0x000001dd5d370000 - 0x000001dd5d373000 	C:\Users\Alina\.openjfx\cache\16\api-ms-win-core-util-l1-1-0.dll
0x000001dd5d380000 - 0x000001dd5d383000 	C:\Users\Alina\.openjfx\cache\16\api-ms-win-crt-conio-l1-1-0.dll
0x000001dd5d390000 - 0x000001dd5d394000 	C:\Users\Alina\.openjfx\cache\16\api-ms-win-crt-convert-l1-1-0.dll
0x000001dd5d3a0000 - 0x000001dd5d3a3000 	C:\Users\Alina\.openjfx\cache\16\api-ms-win-crt-environment-l1-1-0.dll
0x000001dd5d3b0000 - 0x000001dd5d3b3000 	C:\Users\Alina\.openjfx\cache\16\api-ms-win-crt-filesystem-l1-1-0.dll
0x000001dd5d3c0000 - 0x000001dd5d3c3000 	C:\Users\Alina\.openjfx\cache\16\api-ms-win-crt-heap-l1-1-0.dll
0x000001dd5d3d0000 - 0x000001dd5d3d3000 	C:\Users\Alina\.openjfx\cache\16\api-ms-win-crt-locale-l1-1-0.dll
0x000001dd5d3e0000 - 0x000001dd5d3e5000 	C:\Users\Alina\.openjfx\cache\16\api-ms-win-crt-math-l1-1-0.dll
0x000001dd5d3f0000 - 0x000001dd5d3f5000 	C:\Users\Alina\.openjfx\cache\16\api-ms-win-crt-multibyte-l1-1-0.dll
0x000001dd5e800000 - 0x000001dd5e810000 	C:\Users\Alina\.openjfx\cache\16\api-ms-win-crt-private-l1-1-0.dll
0x000001dd5e810000 - 0x000001dd5e813000 	C:\Users\Alina\.openjfx\cache\16\api-ms-win-crt-process-l1-1-0.dll
0x000001dd5e820000 - 0x000001dd5e824000 	C:\Users\Alina\.openjfx\cache\16\api-ms-win-crt-runtime-l1-1-0.dll
0x000001dd5e830000 - 0x000001dd5e834000 	C:\Users\Alina\.openjfx\cache\16\api-ms-win-crt-stdio-l1-1-0.dll
0x000001dd5e840000 - 0x000001dd5e844000 	C:\Users\Alina\.openjfx\cache\16\api-ms-win-crt-string-l1-1-0.dll
0x000001dd5e850000 - 0x000001dd5e853000 	C:\Users\Alina\.openjfx\cache\16\api-ms-win-crt-time-l1-1-0.dll
0x000001dd5e860000 - 0x000001dd5e863000 	C:\Users\Alina\.openjfx\cache\16\api-ms-win-crt-utility-l1-1-0.dll
0x00007ffcc8370000 - 0x00007ffcc846c000 	C:\Users\Alina\.openjfx\cache\16\ucrtbase.dll
0x00007ffce2ac0000 - 0x00007ffce2ad9000 	C:\Users\Alina\.openjfx\cache\16\vcruntime140.dll
0x00007ffcf0530000 - 0x00007ffcf053c000 	C:\Users\Alina\.openjfx\cache\16\vcruntime140_1.dll
0x00007ffcce800000 - 0x00007ffcce891000 	C:\Users\Alina\.openjfx\cache\16\msvcp140.dll
0x00007ffce2770000 - 0x00007ffce2797000 	C:\Users\Alina\.openjfx\cache\16\prism_d3d.dll
0x00007ffcbebf0000 - 0x00007ffcbedbf000 	C:\Windows\system32\d3d9.dll
0x00007ffcf54d0000 - 0x00007ffcf54ff000 	C:\Windows\SYSTEM32\dwmapi.dll
0x00007ffcf52f0000 - 0x00007ffcf538e000 	C:\Windows\system32\uxtheme.dll
0x00007ffcf8f40000 - 0x00007ffcf906a000 	C:\Windows\System32\ole32.dll
0x00007ffcf81f0000 - 0x00007ffcf8217000 	C:\Windows\System32\bcrypt.dll
0x00007ffcde450000 - 0x00007ffcde492000 	C:\Users\Alina\.openjfx\cache\16\glass.dll
0x00007ffcf8ca0000 - 0x00007ffcf8d7a000 	C:\Windows\System32\COMDLG32.dll
0x00007ffcf8bd0000 - 0x00007ffcf8c9d000 	C:\Windows\System32\OLEAUT32.dll
0x00007ffcf9d50000 - 0x00007ffcf9e65000 	C:\Windows\System32\MSCTF.dll
0x00007ffcedec0000 - 0x00007ffcedefb000 	C:\Windows\SYSTEM32\dxcore.dll
0x00007ffcf81a0000 - 0x00007ffcf81ee000 	C:\Windows\System32\cfgmgr32.dll
0x00007ffce2740000 - 0x00007ffce276d000 	C:\Users\Alina\.openjfx\cache\16\javafx_iio.dll
0x00007ffce2070000 - 0x00007ffce2084000 	C:\Users\Alina\.openjfx\cache\16\javafx_font.dll
0x00007ffce4770000 - 0x00007ffce49ef000 	C:\Windows\SYSTEM32\dwrite.dll
0x00007ffcf8e90000 - 0x00007ffcf8f3f000 	C:\Windows\System32\clbcatq.dll
0x00007ffcf1b70000 - 0x00007ffcf1d24000 	C:\Windows\SYSTEM32\WindowsCodecs.dll
0x00007ffce1e20000 - 0x00007ffce1e5e000 	C:\Windows\system32\dataexchange.dll
0x00007ffcf36c0000 - 0x00007ffcf3923000 	C:\Windows\system32\d3d11.dll
0x00007ffcf4600000 - 0x00007ffcf47e3000 	C:\Windows\system32\dcomp.dll
0x00007ffcf61c0000 - 0x00007ffcf62b3000 	C:\Windows\system32\dxgi.dll
0x00007ffcf1d30000 - 0x00007ffcf1f30000 	C:\Windows\system32\twinapi.appcore.dll
0x00007ffcd4050000 - 0x00007ffcd4084000 	C:\Program Files\Common Files\Microsoft Shared\Ink\rtscom.dll
0x00007ffcf07e0000 - 0x00007ffcf08d9000 	C:\Windows\SYSTEM32\textinputframework.dll
0x00007ffcf4b70000 - 0x00007ffcf4ece000 	C:\Windows\System32\CoreUIComponents.dll
0x00007ffcf4ed0000 - 0x00007ffcf4fc2000 	C:\Windows\System32\CoreMessaging.dll
0x00007ffcf6a20000 - 0x00007ffcf6a53000 	C:\Windows\SYSTEM32\ntmarta.dll
0x00007ffcf44a0000 - 0x00007ffcf45f4000 	C:\Windows\SYSTEM32\wintypes.dll
0x00007ffcf3ee0000 - 0x00007ffcf44a0000 	C:\Windows\SYSTEM32\d2d1.dll
0x00007ffcee100000 - 0x00007ffcee7f6000 	C:\Windows\SYSTEM32\D3D10Warp.dll
0x00007ffcf6d10000 - 0x00007ffcf6dda000 	C:\Windows\SYSTEM32\DNSAPI.dll
0x00007ffcf6cd0000 - 0x00007ffcf6d0b000 	C:\Windows\SYSTEM32\IPHLPAPI.DLL
0x00007ffcf8740000 - 0x00007ffcf8748000 	C:\Windows\System32\NSI.dll
0x00007ffcef790000 - 0x00007ffcef79a000 	C:\Windows\System32\rasadhlp.dll
0x00007ffceeed0000 - 0x00007ffceef50000 	C:\Windows\System32\fwpuclnt.dll
0x00007ffcf7220000 - 0x00007ffcf7238000 	C:\Windows\SYSTEM32\CRYPTSP.dll

dbghelp: loaded successfully - version: 4.0.5 - missing functions: none
symbol engine: initialized successfully - sym options: 0x614 - pdb path: .;C:\Users\Alina\.jdks\openjdk-17.0.2\bin;C:\Windows\SYSTEM32;C:\Windows\WinSxS\amd64_microsoft.windows.common-controls_6595b64144ccf1df_6.0.19041.1110_none_60b5254171f9507e;C:\Users\Alina\.jdks\openjdk-17.0.2\bin\server;C:\Program Files\JetBrains\IntelliJ IDEA Community Edition 2021.2.1\bin;C:\Users\Alina\.openjfx\cache\16;C:\Windows\System32\DriverStore\FileRepository\u0361383.inf_amd64_cfccffda602342c4\B361368;C:\Program Files\Common Files\Microsoft Shared\Ink

VM Arguments:
jvm_args: -javaagent:C:\Program Files\JetBrains\IntelliJ IDEA Community Edition 2021.2.1\lib\idea_rt.jar=52662:C:\Program Files\JetBrains\IntelliJ IDEA Community Edition 2021.2.1\bin -Dfile.encoding=UTF-8 --module-path=C:\Users\Alina\Downloads\mysql-connector-j-8.0.31\mysql-connector-j-8.0.31\mysql-connector-j-8.0.31.jar;C:\Users\Alina\.m2\repository\org\openjfx\javafx-graphics\16\javafx-graphics-16-win.jar;C:\Users\Alina\.m2\repository\org\openjfx\javafx-controls\16\javafx-controls-16-win.jar;C:\Users\Alina\Documents\db_interface\target\classes;C:\Users\Alina\.m2\repository\org\openjfx\javafx-fxml\16\javafx-fxml-16-win.jar;C:\Users\Alina\.m2\repository\org\openjfx\javafx-base\16\javafx-base-16-win.jar -Djdk.module.main=com.example.db_interface 
java_command: com.example.db_interface/com.example.db_interface.HelloApplication
java_class_path (initial): C:\Users\Alina\.m2\repository\org\openjfx\javafx-controls\16\javafx-controls-16.jar;C:\Users\Alina\.m2\repository\org\openjfx\javafx-graphics\16\javafx-graphics-16.jar;C:\Users\Alina\.m2\repository\org\openjfx\javafx-base\16\javafx-base-16.jar;C:\Users\Alina\.m2\repository\org\openjfx\javafx-fxml\16\javafx-fxml-16.jar
Launcher Type: SUN_STANDARD

[Global flags]
     intx CICompilerCount                          = 3                                         {product} {ergonomic}
     uint ConcGCThreads                            = 1                                         {product} {ergonomic}
     uint G1ConcRefinementThreads                  = 4                                         {product} {ergonomic}
   size_t G1HeapRegionSize                         = 1048576                                   {product} {ergonomic}
    uintx GCDrainStackTargetSize                   = 64                                        {product} {ergonomic}
   size_t InitialHeapSize                          = 98566144                                  {product} {ergonomic}
   size_t MarkStackSize                            = 4194304                                   {product} {ergonomic}
   size_t MaxHeapSize                              = 1574961152                                {product} {ergonomic}
   size_t MaxNewSize                               = 944766976                                 {product} {ergonomic}
   size_t MinHeapDeltaBytes                        = 1048576                                   {product} {ergonomic}
   size_t MinHeapSize                              = 8388608                                   {product} {ergonomic}
    uintx NonNMethodCodeHeapSize                   = 5832780                                {pd product} {ergonomic}
    uintx NonProfiledCodeHeapSize                  = 122912730                              {pd product} {ergonomic}
    uintx ProfiledCodeHeapSize                     = 122912730                              {pd product} {ergonomic}
    uintx ReservedCodeCacheSize                    = 251658240                              {pd product} {ergonomic}
     bool SegmentedCodeCache                       = true                                      {product} {ergonomic}
   size_t SoftMaxHeapSize                          = 1574961152                             {manageable} {ergonomic}
     bool UseCompressedClassPointers               = true                           {product lp64_product} {ergonomic}
     bool UseCompressedOops                        = true                           {product lp64_product} {ergonomic}
     bool UseG1GC                                  = true                                      {product} {ergonomic}
     bool UseLargePagesIndividualAllocation        = false                                  {pd product} {ergonomic}

Logging:
Log output configuration:
 #0: stdout all=off uptime,level,tags
 #1: stderr all=off uptime,level,tags

Environment Variables:
PATH=C:\Program Files (x86)\Common Files\Oracle\Java\javapath;C:\Users\Alina\AppData\Local\Programs\Python\Python310\Scripts;C:\Program Files\MySQL\MySQL Shell 8.0\bin\;C:\Users\Alina\AppData\Local\Programs\Python\Python37-32\Scripts\;C:\Users\Alina\AppData\Local\Programs\Python\Python37-32\;C:\Users\Alina\AppData\Local\Microsoft\WindowsApps;;C:\Users\Alina\.dotnet\tools
USERNAME=Alina
OS=Windows_NT
PROCESSOR_IDENTIFIER=AMD64 Family 23 Model 96 Stepping 1, AuthenticAMD



---------------  S Y S T E M  ---------------

OS:
 Windows 10 , 64 bit Build 19041 (10.0.19041.2251)
OS uptime: 12 days 12:38 hours
Hyper-V role detected

CPU: total 4 (initial active 4) (4 cores per cpu, 1 threads per core) family 23 model 96 stepping 1 microcode 0x0, cx8, cmov, fxsr, mmx, 3dnowpref, sse, sse2, sse3, ssse3, sse4a, sse4.1, sse4.2, popcnt, lzcnt, tsc, tscinvbit, avx, avx2, aes, clmul, bmi1, bmi2, adx, sha, fma, vzeroupper, clflush, clflushopt, hv

Memory: 4k page, system-wide physical 6007M (1555M free)
TotalPageFile size 11547M (AvailPageFile size 2928M)
current process WorkingSet (physical memory assigned to process): 153M, peak: 200M
current process commit charge ("private bytes"): 230M, peak: 288M

vm_info: OpenJDK 64-Bit Server VM (17.0.2+8-86) for windows-amd64 JRE (17.0.2+8-86), built on Dec  7 2021 21:49:10 by "mach5one" with MS VC++ 16.8 / 16.9 (VS2019)

END.
